[2018-08-13 15:04:48,957] {jobs.py:343} DagFileProcessor10 INFO - Started process (PID=32149) to work on /home/yurii/Work/airflow/dags/all_succeed.py
[2018-08-13 15:04:48,958] {jobs.py:1521} DagFileProcessor10 INFO - Processing file /home/yurii/Work/airflow/dags/all_succeed.py for tasks to queue
[2018-08-13 15:04:48,959] {models.py:167} DagFileProcessor10 INFO - Filling up the DagBag from /home/yurii/Work/airflow/dags/all_succeed.py
[2018-08-13 15:04:49,205] {jobs.py:1535} DagFileProcessor10 INFO - DAG(s) dict_keys(['example_bash_operator', 'example_subdag_operator', 'example_subdag_operator.section-1', 'example_subdag_operator.section-2', 'example_passing_params_via_test_command', 'latest_only_with_trigger', 'example_xcom', 'example_short_circuit_operator', 'test_utils', 'example_skip_dag', 'example_branch_dop_operator_v3', 'example_trigger_controller_dag', 'tutorial', 'example_http_operator', 'latest_only', 'example_branch_operator', 'example_python_operator', 'example_trigger_target_dag', 'all_success_dag']) retrieved from /home/yurii/Work/airflow/dags/all_succeed.py
[2018-08-13 15:04:49,316] {models.py:322} DagFileProcessor10 INFO - Finding 'running' jobs without a recent heartbeat
[2018-08-13 15:04:49,316] {models.py:328} DagFileProcessor10 INFO - Failing jobs without heartbeat after 2018-08-13 14:59:49.316592
[2018-08-13 15:04:49,319] {jobs.py:351} DagFileProcessor10 INFO - Processing /home/yurii/Work/airflow/dags/all_succeed.py took 0.362 seconds
[2018-08-13 15:04:55,028] {jobs.py:343} DagFileProcessor21 INFO - Started process (PID=32187) to work on /home/yurii/Work/airflow/dags/all_succeed.py
[2018-08-13 15:04:55,029] {jobs.py:1521} DagFileProcessor21 INFO - Processing file /home/yurii/Work/airflow/dags/all_succeed.py for tasks to queue
[2018-08-13 15:04:55,030] {models.py:167} DagFileProcessor21 INFO - Filling up the DagBag from /home/yurii/Work/airflow/dags/all_succeed.py
[2018-08-13 15:04:55,289] {jobs.py:1535} DagFileProcessor21 INFO - DAG(s) dict_keys(['example_bash_operator', 'example_subdag_operator', 'example_subdag_operator.section-1', 'example_subdag_operator.section-2', 'example_passing_params_via_test_command', 'latest_only_with_trigger', 'example_xcom', 'example_short_circuit_operator', 'test_utils', 'example_skip_dag', 'example_branch_dop_operator_v3', 'example_trigger_controller_dag', 'tutorial', 'example_http_operator', 'latest_only', 'example_branch_operator', 'example_python_operator', 'example_trigger_target_dag', 'all_success_dag']) retrieved from /home/yurii/Work/airflow/dags/all_succeed.py
[2018-08-13 15:04:55,390] {models.py:322} DagFileProcessor21 INFO - Finding 'running' jobs without a recent heartbeat
[2018-08-13 15:04:55,390] {models.py:328} DagFileProcessor21 INFO - Failing jobs without heartbeat after 2018-08-13 14:59:55.390618
[2018-08-13 15:04:55,394] {jobs.py:351} DagFileProcessor21 INFO - Processing /home/yurii/Work/airflow/dags/all_succeed.py took 0.366 seconds
[2018-08-13 15:05:01,107] {jobs.py:343} DagFileProcessor32 INFO - Started process (PID=32242) to work on /home/yurii/Work/airflow/dags/all_succeed.py
[2018-08-13 15:05:01,108] {jobs.py:1521} DagFileProcessor32 INFO - Processing file /home/yurii/Work/airflow/dags/all_succeed.py for tasks to queue
[2018-08-13 15:05:01,108] {models.py:167} DagFileProcessor32 INFO - Filling up the DagBag from /home/yurii/Work/airflow/dags/all_succeed.py
[2018-08-13 15:05:01,365] {jobs.py:1535} DagFileProcessor32 INFO - DAG(s) dict_keys(['example_bash_operator', 'example_subdag_operator', 'example_subdag_operator.section-1', 'example_subdag_operator.section-2', 'example_passing_params_via_test_command', 'latest_only_with_trigger', 'example_xcom', 'example_short_circuit_operator', 'test_utils', 'example_skip_dag', 'example_branch_dop_operator_v3', 'example_trigger_controller_dag', 'tutorial', 'example_http_operator', 'latest_only', 'example_branch_operator', 'example_python_operator', 'example_trigger_target_dag', 'all_success_dag']) retrieved from /home/yurii/Work/airflow/dags/all_succeed.py
[2018-08-13 15:05:01,479] {models.py:322} DagFileProcessor32 INFO - Finding 'running' jobs without a recent heartbeat
[2018-08-13 15:05:01,479] {models.py:328} DagFileProcessor32 INFO - Failing jobs without heartbeat after 2018-08-13 15:00:01.479501
[2018-08-13 15:05:01,482] {jobs.py:351} DagFileProcessor32 INFO - Processing /home/yurii/Work/airflow/dags/all_succeed.py took 0.375 seconds
[2018-08-13 15:05:07,183] {jobs.py:343} DagFileProcessor43 INFO - Started process (PID=32278) to work on /home/yurii/Work/airflow/dags/all_succeed.py
[2018-08-13 15:05:07,184] {jobs.py:1521} DagFileProcessor43 INFO - Processing file /home/yurii/Work/airflow/dags/all_succeed.py for tasks to queue
[2018-08-13 15:05:07,184] {models.py:167} DagFileProcessor43 INFO - Filling up the DagBag from /home/yurii/Work/airflow/dags/all_succeed.py
[2018-08-13 15:05:07,426] {jobs.py:1535} DagFileProcessor43 INFO - DAG(s) dict_keys(['example_bash_operator', 'example_subdag_operator', 'example_subdag_operator.section-1', 'example_subdag_operator.section-2', 'example_passing_params_via_test_command', 'latest_only_with_trigger', 'example_xcom', 'example_short_circuit_operator', 'test_utils', 'example_skip_dag', 'example_branch_dop_operator_v3', 'example_trigger_controller_dag', 'tutorial', 'example_http_operator', 'latest_only', 'example_branch_operator', 'example_python_operator', 'example_trigger_target_dag', 'all_success_dag']) retrieved from /home/yurii/Work/airflow/dags/all_succeed.py
[2018-08-13 15:05:07,525] {models.py:322} DagFileProcessor43 INFO - Finding 'running' jobs without a recent heartbeat
[2018-08-13 15:05:07,525] {models.py:328} DagFileProcessor43 INFO - Failing jobs without heartbeat after 2018-08-13 15:00:07.525570
[2018-08-13 15:05:07,528] {jobs.py:351} DagFileProcessor43 INFO - Processing /home/yurii/Work/airflow/dags/all_succeed.py took 0.345 seconds
[2018-08-13 15:05:13,268] {jobs.py:343} DagFileProcessor54 INFO - Started process (PID=32313) to work on /home/yurii/Work/airflow/dags/all_succeed.py
[2018-08-13 15:05:13,269] {jobs.py:1521} DagFileProcessor54 INFO - Processing file /home/yurii/Work/airflow/dags/all_succeed.py for tasks to queue
[2018-08-13 15:05:13,269] {models.py:167} DagFileProcessor54 INFO - Filling up the DagBag from /home/yurii/Work/airflow/dags/all_succeed.py
[2018-08-13 15:05:13,512] {jobs.py:1535} DagFileProcessor54 INFO - DAG(s) dict_keys(['example_bash_operator', 'example_subdag_operator', 'example_subdag_operator.section-1', 'example_subdag_operator.section-2', 'example_passing_params_via_test_command', 'latest_only_with_trigger', 'example_xcom', 'example_short_circuit_operator', 'test_utils', 'example_skip_dag', 'example_branch_dop_operator_v3', 'example_trigger_controller_dag', 'tutorial', 'example_http_operator', 'latest_only', 'example_branch_operator', 'example_python_operator', 'example_trigger_target_dag', 'all_success_dag']) retrieved from /home/yurii/Work/airflow/dags/all_succeed.py
[2018-08-13 15:05:13,625] {models.py:322} DagFileProcessor54 INFO - Finding 'running' jobs without a recent heartbeat
[2018-08-13 15:05:13,625] {models.py:328} DagFileProcessor54 INFO - Failing jobs without heartbeat after 2018-08-13 15:00:13.625505
[2018-08-13 15:05:13,628] {jobs.py:351} DagFileProcessor54 INFO - Processing /home/yurii/Work/airflow/dags/all_succeed.py took 0.360 seconds
[2018-08-13 15:05:19,349] {jobs.py:343} DagFileProcessor65 INFO - Started process (PID=32365) to work on /home/yurii/Work/airflow/dags/all_succeed.py
[2018-08-13 15:05:19,350] {jobs.py:1521} DagFileProcessor65 INFO - Processing file /home/yurii/Work/airflow/dags/all_succeed.py for tasks to queue
[2018-08-13 15:05:19,351] {models.py:167} DagFileProcessor65 INFO - Filling up the DagBag from /home/yurii/Work/airflow/dags/all_succeed.py
[2018-08-13 15:05:19,717] {jobs.py:1535} DagFileProcessor65 INFO - DAG(s) dict_keys(['example_bash_operator', 'example_subdag_operator', 'example_subdag_operator.section-1', 'example_subdag_operator.section-2', 'example_passing_params_via_test_command', 'latest_only_with_trigger', 'example_xcom', 'example_short_circuit_operator', 'test_utils', 'example_skip_dag', 'example_branch_dop_operator_v3', 'example_trigger_controller_dag', 'tutorial', 'example_http_operator', 'latest_only', 'example_branch_operator', 'example_python_operator', 'example_trigger_target_dag', 'all_success_dag']) retrieved from /home/yurii/Work/airflow/dags/all_succeed.py
[2018-08-13 15:05:19,898] {models.py:322} DagFileProcessor65 INFO - Finding 'running' jobs without a recent heartbeat
[2018-08-13 15:05:19,898] {models.py:328} DagFileProcessor65 INFO - Failing jobs without heartbeat after 2018-08-13 15:00:19.898495
[2018-08-13 15:05:19,902] {jobs.py:351} DagFileProcessor65 INFO - Processing /home/yurii/Work/airflow/dags/all_succeed.py took 0.553 seconds
[2018-08-13 15:05:25,430] {jobs.py:343} DagFileProcessor76 INFO - Started process (PID=32441) to work on /home/yurii/Work/airflow/dags/all_succeed.py
[2018-08-13 15:05:25,431] {jobs.py:1521} DagFileProcessor76 INFO - Processing file /home/yurii/Work/airflow/dags/all_succeed.py for tasks to queue
[2018-08-13 15:05:25,431] {models.py:167} DagFileProcessor76 INFO - Filling up the DagBag from /home/yurii/Work/airflow/dags/all_succeed.py
[2018-08-13 15:05:25,673] {jobs.py:1535} DagFileProcessor76 INFO - DAG(s) dict_keys(['example_bash_operator', 'example_subdag_operator', 'example_subdag_operator.section-1', 'example_subdag_operator.section-2', 'example_passing_params_via_test_command', 'latest_only_with_trigger', 'example_xcom', 'example_short_circuit_operator', 'test_utils', 'example_skip_dag', 'example_branch_dop_operator_v3', 'example_trigger_controller_dag', 'tutorial', 'example_http_operator', 'latest_only', 'example_branch_operator', 'example_python_operator', 'example_trigger_target_dag', 'all_success_dag']) retrieved from /home/yurii/Work/airflow/dags/all_succeed.py
[2018-08-13 15:05:25,771] {models.py:322} DagFileProcessor76 INFO - Finding 'running' jobs without a recent heartbeat
[2018-08-13 15:05:25,772] {models.py:328} DagFileProcessor76 INFO - Failing jobs without heartbeat after 2018-08-13 15:00:25.772044
[2018-08-13 15:05:25,775] {jobs.py:351} DagFileProcessor76 INFO - Processing /home/yurii/Work/airflow/dags/all_succeed.py took 0.345 seconds
[2018-08-13 15:05:31,502] {jobs.py:343} DagFileProcessor87 INFO - Started process (PID=32491) to work on /home/yurii/Work/airflow/dags/all_succeed.py
[2018-08-13 15:05:31,506] {jobs.py:1521} DagFileProcessor87 INFO - Processing file /home/yurii/Work/airflow/dags/all_succeed.py for tasks to queue
[2018-08-13 15:05:31,506] {models.py:167} DagFileProcessor87 INFO - Filling up the DagBag from /home/yurii/Work/airflow/dags/all_succeed.py
[2018-08-13 15:05:31,776] {jobs.py:1535} DagFileProcessor87 INFO - DAG(s) dict_keys(['example_bash_operator', 'example_subdag_operator', 'example_subdag_operator.section-1', 'example_subdag_operator.section-2', 'example_passing_params_via_test_command', 'latest_only_with_trigger', 'example_xcom', 'example_short_circuit_operator', 'test_utils', 'example_skip_dag', 'example_branch_dop_operator_v3', 'example_trigger_controller_dag', 'tutorial', 'example_http_operator', 'latest_only', 'example_branch_operator', 'example_python_operator', 'example_trigger_target_dag', 'all_success_dag']) retrieved from /home/yurii/Work/airflow/dags/all_succeed.py
[2018-08-13 15:05:31,874] {models.py:322} DagFileProcessor87 INFO - Finding 'running' jobs without a recent heartbeat
[2018-08-13 15:05:31,874] {models.py:328} DagFileProcessor87 INFO - Failing jobs without heartbeat after 2018-08-13 15:00:31.874366
[2018-08-13 15:05:31,877] {jobs.py:351} DagFileProcessor87 INFO - Processing /home/yurii/Work/airflow/dags/all_succeed.py took 0.376 seconds
[2018-08-13 15:05:37,566] {jobs.py:343} DagFileProcessor98 INFO - Started process (PID=32554) to work on /home/yurii/Work/airflow/dags/all_succeed.py
[2018-08-13 15:05:37,567] {jobs.py:1521} DagFileProcessor98 INFO - Processing file /home/yurii/Work/airflow/dags/all_succeed.py for tasks to queue
[2018-08-13 15:05:37,567] {models.py:167} DagFileProcessor98 INFO - Filling up the DagBag from /home/yurii/Work/airflow/dags/all_succeed.py
[2018-08-13 15:05:37,810] {jobs.py:1535} DagFileProcessor98 INFO - DAG(s) dict_keys(['example_bash_operator', 'example_subdag_operator', 'example_subdag_operator.section-1', 'example_subdag_operator.section-2', 'example_passing_params_via_test_command', 'latest_only_with_trigger', 'example_xcom', 'example_short_circuit_operator', 'test_utils', 'example_skip_dag', 'example_branch_dop_operator_v3', 'example_trigger_controller_dag', 'tutorial', 'example_http_operator', 'latest_only', 'example_branch_operator', 'example_python_operator', 'example_trigger_target_dag', 'all_success_dag']) retrieved from /home/yurii/Work/airflow/dags/all_succeed.py
[2018-08-13 15:05:37,912] {models.py:322} DagFileProcessor98 INFO - Finding 'running' jobs without a recent heartbeat
[2018-08-13 15:05:37,912] {models.py:328} DagFileProcessor98 INFO - Failing jobs without heartbeat after 2018-08-13 15:00:37.912161
[2018-08-13 15:05:37,915] {jobs.py:351} DagFileProcessor98 INFO - Processing /home/yurii/Work/airflow/dags/all_succeed.py took 0.349 seconds
[2018-08-13 15:05:43,643] {jobs.py:343} DagFileProcessor109 INFO - Started process (PID=32593) to work on /home/yurii/Work/airflow/dags/all_succeed.py
[2018-08-13 15:05:43,646] {jobs.py:1521} DagFileProcessor109 INFO - Processing file /home/yurii/Work/airflow/dags/all_succeed.py for tasks to queue
[2018-08-13 15:05:43,646] {models.py:167} DagFileProcessor109 INFO - Filling up the DagBag from /home/yurii/Work/airflow/dags/all_succeed.py
[2018-08-13 15:05:43,917] {jobs.py:1535} DagFileProcessor109 INFO - DAG(s) dict_keys(['example_bash_operator', 'example_subdag_operator', 'example_subdag_operator.section-1', 'example_subdag_operator.section-2', 'example_passing_params_via_test_command', 'latest_only_with_trigger', 'example_xcom', 'example_short_circuit_operator', 'test_utils', 'example_skip_dag', 'example_branch_dop_operator_v3', 'example_trigger_controller_dag', 'tutorial', 'example_http_operator', 'latest_only', 'example_branch_operator', 'example_python_operator', 'example_trigger_target_dag', 'all_success_dag']) retrieved from /home/yurii/Work/airflow/dags/all_succeed.py
[2018-08-13 15:05:44,066] {models.py:322} DagFileProcessor109 INFO - Finding 'running' jobs without a recent heartbeat
[2018-08-13 15:05:44,066] {models.py:328} DagFileProcessor109 INFO - Failing jobs without heartbeat after 2018-08-13 15:00:44.066806
[2018-08-13 15:05:44,070] {jobs.py:351} DagFileProcessor109 INFO - Processing /home/yurii/Work/airflow/dags/all_succeed.py took 0.426 seconds
[2018-08-13 15:05:49,721] {jobs.py:343} DagFileProcessor120 INFO - Started process (PID=32628) to work on /home/yurii/Work/airflow/dags/all_succeed.py
[2018-08-13 15:05:49,722] {jobs.py:1521} DagFileProcessor120 INFO - Processing file /home/yurii/Work/airflow/dags/all_succeed.py for tasks to queue
[2018-08-13 15:05:49,722] {models.py:167} DagFileProcessor120 INFO - Filling up the DagBag from /home/yurii/Work/airflow/dags/all_succeed.py
[2018-08-13 15:05:49,813] {jobs.py:354} DagFileProcessor120 ERROR - Got an exception! Propagating...
Traceback (most recent call last):
  File "/home/yurii/Tools/anaconda3/lib/python3.6/site-packages/airflow/jobs.py", line 346, in helper
    pickle_dags)
  File "/home/yurii/Tools/anaconda3/lib/python3.6/site-packages/airflow/utils/db.py", line 53, in wrapper
    result = func(*args, **kwargs)
  File "/home/yurii/Tools/anaconda3/lib/python3.6/site-packages/airflow/jobs.py", line 1526, in process_file
    dagbag = models.DagBag(file_path)
  File "/home/yurii/Tools/anaconda3/lib/python3.6/site-packages/airflow/models.py", line 179, in __init__
    self.collect_dags(example_dag_folder)
  File "/home/yurii/Tools/anaconda3/lib/python3.6/site-packages/airflow/models.py", line 415, in collect_dags
    filepath, only_if_updated=only_if_updated)
  File "/home/yurii/Tools/anaconda3/lib/python3.6/site-packages/airflow/models.py", line 263, in process_file
    m = imp.load_source(mod_name, filepath)
  File "/home/yurii/Tools/anaconda3/lib/python3.6/imp.py", line 172, in load_source
    module = _load(spec)
  File "<frozen importlib._bootstrap>", line 684, in _load
  File "<frozen importlib._bootstrap>", line 665, in _load_unlocked
  File "<frozen importlib._bootstrap_external>", line 678, in exec_module
  File "<frozen importlib._bootstrap>", line 219, in _call_with_frames_removed
  File "/home/yurii/Tools/anaconda3/lib/python3.6/site-packages/airflow/example_dags/example_subdag_operator.py", line 44, in <module>
    subdag=subdag(DAG_NAME, 'section-1', args),
  File "/home/yurii/Tools/anaconda3/lib/python3.6/site-packages/airflow/example_dags/subdags/subdag.py", line 30, in subdag
    dag=dag_subdag,
  File "/home/yurii/Tools/anaconda3/lib/python3.6/site-packages/airflow/utils/decorators.py", line 70, in wrapper
    sig = signature(func)
  File "/home/yurii/Tools/anaconda3/lib/python3.6/inspect.py", line 3037, in signature
    return Signature.from_callable(obj, follow_wrapped=follow_wrapped)
  File "/home/yurii/Tools/anaconda3/lib/python3.6/inspect.py", line 2787, in from_callable
    follow_wrapper_chains=follow_wrapped)
  File "/home/yurii/Tools/anaconda3/lib/python3.6/inspect.py", line 2262, in _signature_from_callable
    return _signature_from_function(sigcls, obj)
  File "/home/yurii/Tools/anaconda3/lib/python3.6/inspect.py", line 2142, in _signature_from_function
    if func_code.co_flags & CO_VARARGS:
  File "/home/yurii/Tools/anaconda3/lib/python3.6/site-packages/airflow/bin/cli.py", line 69, in sigint_handler
    sys.exit(0)
SystemExit: 0
[2018-08-13 16:40:37,444] {jobs.py:343} DagFileProcessor3 INFO - Started process (PID=3270) to work on /home/yurii/Work/airflow/dags/all_succeed.py
[2018-08-13 16:40:37,445] {jobs.py:1521} DagFileProcessor3 INFO - Processing file /home/yurii/Work/airflow/dags/all_succeed.py for tasks to queue
[2018-08-13 16:40:37,445] {models.py:167} DagFileProcessor3 INFO - Filling up the DagBag from /home/yurii/Work/airflow/dags/all_succeed.py
[2018-08-13 16:40:37,702] {jobs.py:1535} DagFileProcessor3 INFO - DAG(s) dict_keys(['example_bash_operator', 'example_subdag_operator', 'example_subdag_operator.section-1', 'example_subdag_operator.section-2', 'example_passing_params_via_test_command', 'latest_only_with_trigger', 'example_xcom', 'example_short_circuit_operator', 'test_utils', 'example_skip_dag', 'example_branch_dop_operator_v3', 'example_trigger_controller_dag', 'tutorial', 'example_http_operator', 'latest_only', 'example_branch_operator', 'example_python_operator', 'example_trigger_target_dag', 'all_success_dag']) retrieved from /home/yurii/Work/airflow/dags/all_succeed.py
[2018-08-13 16:40:37,810] {models.py:322} DagFileProcessor3 INFO - Finding 'running' jobs without a recent heartbeat
[2018-08-13 16:40:37,810] {models.py:328} DagFileProcessor3 INFO - Failing jobs without heartbeat after 2018-08-13 16:35:37.810704
[2018-08-13 16:40:37,813] {jobs.py:351} DagFileProcessor3 INFO - Processing /home/yurii/Work/airflow/dags/all_succeed.py took 0.369 seconds
[2018-08-13 16:51:58,601] {jobs.py:343} DagFileProcessor3 INFO - Started process (PID=3863) to work on /home/yurii/Work/airflow/dags/all_succeed.py
[2018-08-13 16:51:58,602] {jobs.py:1521} DagFileProcessor3 INFO - Processing file /home/yurii/Work/airflow/dags/all_succeed.py for tasks to queue
[2018-08-13 16:51:58,603] {models.py:167} DagFileProcessor3 INFO - Filling up the DagBag from /home/yurii/Work/airflow/dags/all_succeed.py
[2018-08-13 16:51:58,847] {jobs.py:1535} DagFileProcessor3 INFO - DAG(s) dict_keys(['example_bash_operator', 'example_subdag_operator', 'example_subdag_operator.section-1', 'example_subdag_operator.section-2', 'example_passing_params_via_test_command', 'latest_only_with_trigger', 'example_xcom', 'example_short_circuit_operator', 'test_utils', 'example_skip_dag', 'example_branch_dop_operator_v3', 'example_trigger_controller_dag', 'tutorial', 'example_http_operator', 'latest_only', 'example_branch_operator', 'example_python_operator', 'example_trigger_target_dag', 'all_success_dag']) retrieved from /home/yurii/Work/airflow/dags/all_succeed.py
[2018-08-13 16:51:58,990] {models.py:322} DagFileProcessor3 INFO - Finding 'running' jobs without a recent heartbeat
[2018-08-13 16:51:58,991] {models.py:328} DagFileProcessor3 INFO - Failing jobs without heartbeat after 2018-08-13 16:46:58.991099
[2018-08-13 16:51:58,994] {jobs.py:351} DagFileProcessor3 INFO - Processing /home/yurii/Work/airflow/dags/all_succeed.py took 0.392 seconds
[2018-08-13 17:09:10,373] {jobs.py:343} DagFileProcessor3 INFO - Started process (PID=5259) to work on /home/yurii/Work/airflow/dags/all_succeed.py
[2018-08-13 17:09:10,374] {jobs.py:1521} DagFileProcessor3 INFO - Processing file /home/yurii/Work/airflow/dags/all_succeed.py for tasks to queue
[2018-08-13 17:09:10,374] {models.py:167} DagFileProcessor3 INFO - Filling up the DagBag from /home/yurii/Work/airflow/dags/all_succeed.py
[2018-08-13 17:09:10,625] {jobs.py:1535} DagFileProcessor3 INFO - DAG(s) dict_keys(['example_bash_operator', 'example_subdag_operator', 'example_subdag_operator.section-1', 'example_subdag_operator.section-2', 'example_passing_params_via_test_command', 'latest_only_with_trigger', 'example_xcom', 'example_short_circuit_operator', 'test_utils', 'example_skip_dag', 'example_branch_dop_operator_v3', 'example_trigger_controller_dag', 'tutorial', 'example_http_operator', 'latest_only', 'example_branch_operator', 'example_python_operator', 'example_trigger_target_dag', 'all_success_dag']) retrieved from /home/yurii/Work/airflow/dags/all_succeed.py
[2018-08-13 17:09:10,863] {jobs.py:1169} DagFileProcessor3 INFO - Processing all_success_dag
[2018-08-13 17:09:10,888] {jobs.py:1173} DagFileProcessor3 INFO - Created <DagRun all_success_dag @ 2009-12-02 00:13:00: scheduled__2009-12-02T00:13:00, externally triggered: False>
[2018-08-13 17:09:10,889] {jobs.py:860} DagFileProcessor3 INFO - Examining DAG run <DagRun all_success_dag @ 2009-12-02 00:13:00: scheduled__2009-12-02T00:13:00, externally triggered: False>
[2018-08-13 17:09:10,892] {models.py:4024} DagFileProcessor3 INFO - Updating state for <DagRun all_success_dag @ 2009-12-02 00:13:00: scheduled__2009-12-02T00:13:00, externally triggered: False> considering 10 task(s)
/home/yurii/Tools/anaconda3/lib/python3.6/site-packages/airflow/ti_deps/deps/base_ti_dep.py:94: DeprecationWarning: generator '_get_dep_statuses' raised StopIteration
  for dep_status in self._get_dep_statuses(ti, session, dep_context):
[2018-08-13 17:09:10,896] {jobs.py:860} DagFileProcessor3 INFO - Examining DAG run <DagRun all_success_dag @ 2018-08-13 17:08:54.102124: manual__2018-08-13T17:08:54.102124, externally triggered: True>
[2018-08-13 17:09:10,899] {models.py:4024} DagFileProcessor3 INFO - Updating state for <DagRun all_success_dag @ 2018-08-13 17:08:54.102124: manual__2018-08-13T17:08:54.102124, externally triggered: True> considering 10 task(s)
[2018-08-13 17:09:10,940] {jobs.py:566} DagFileProcessor3 INFO - Skipping SLA check for <DAG: all_success_dag> because no tasks in DAG have SLAs
/home/yurii/Tools/anaconda3/lib/python3.6/site-packages/airflow/models.py:1140: DeprecationWarning: generator 'get_dep_statuses' raised StopIteration
  dep_context):
[2018-08-13 17:09:10,954] {models.py:1126} DagFileProcessor3 INFO - Dependencies all met for <TaskInstance: all_success_dag.first_task 2009-12-02 00:13:00 [None]>
[2018-08-13 17:09:10,955] {jobs.py:1608} DagFileProcessor3 INFO - Creating / updating <TaskInstance: all_success_dag.first_task 2009-12-02 00:13:00 [scheduled]> in ORM
[2018-08-13 17:09:10,964] {models.py:1126} DagFileProcessor3 INFO - Dependencies all met for <TaskInstance: all_success_dag.first_task 2018-08-13 17:08:54.102124 [None]>
[2018-08-13 17:09:10,964] {jobs.py:1608} DagFileProcessor3 INFO - Creating / updating <TaskInstance: all_success_dag.first_task 2018-08-13 17:08:54.102124 [scheduled]> in ORM
[2018-08-13 17:09:10,981] {models.py:322} DagFileProcessor3 INFO - Finding 'running' jobs without a recent heartbeat
[2018-08-13 17:09:10,981] {models.py:328} DagFileProcessor3 INFO - Failing jobs without heartbeat after 2018-08-13 17:04:10.981503
[2018-08-13 17:09:10,984] {jobs.py:351} DagFileProcessor3 INFO - Processing /home/yurii/Work/airflow/dags/all_succeed.py took 0.611 seconds
[2018-08-13 17:09:27,537] {jobs.py:343} DagFileProcessor4 INFO - Started process (PID=5290) to work on /home/yurii/Work/airflow/dags/all_succeed.py
[2018-08-13 17:09:27,538] {jobs.py:1521} DagFileProcessor4 INFO - Processing file /home/yurii/Work/airflow/dags/all_succeed.py for tasks to queue
[2018-08-13 17:09:27,538] {models.py:167} DagFileProcessor4 INFO - Filling up the DagBag from /home/yurii/Work/airflow/dags/all_succeed.py
[2018-08-13 17:09:27,788] {jobs.py:1535} DagFileProcessor4 INFO - DAG(s) dict_keys(['example_bash_operator', 'example_subdag_operator', 'example_subdag_operator.section-1', 'example_subdag_operator.section-2', 'example_passing_params_via_test_command', 'latest_only_with_trigger', 'example_xcom', 'example_short_circuit_operator', 'test_utils', 'example_skip_dag', 'example_branch_dop_operator_v3', 'example_trigger_controller_dag', 'tutorial', 'example_http_operator', 'latest_only', 'example_branch_operator', 'example_python_operator', 'example_trigger_target_dag', 'all_success_dag']) retrieved from /home/yurii/Work/airflow/dags/all_succeed.py
[2018-08-13 17:09:27,973] {jobs.py:1169} DagFileProcessor4 INFO - Processing all_success_dag
[2018-08-13 17:09:27,998] {jobs.py:1173} DagFileProcessor4 INFO - Created <DagRun all_success_dag @ 2009-12-02 01:13:00: scheduled__2009-12-02T01:13:00, externally triggered: False>
[2018-08-13 17:09:27,999] {jobs.py:860} DagFileProcessor4 INFO - Examining DAG run <DagRun all_success_dag @ 2009-12-02 00:13:00: scheduled__2009-12-02T00:13:00, externally triggered: False>
[2018-08-13 17:09:28,002] {models.py:4024} DagFileProcessor4 INFO - Updating state for <DagRun all_success_dag @ 2009-12-02 00:13:00: scheduled__2009-12-02T00:13:00, externally triggered: False> considering 10 task(s)
/home/yurii/Tools/anaconda3/lib/python3.6/site-packages/airflow/ti_deps/deps/base_ti_dep.py:94: DeprecationWarning: generator '_get_dep_statuses' raised StopIteration
  for dep_status in self._get_dep_statuses(ti, session, dep_context):
[2018-08-13 17:09:28,020] {jobs.py:860} DagFileProcessor4 INFO - Examining DAG run <DagRun all_success_dag @ 2009-12-02 01:13:00: scheduled__2009-12-02T01:13:00, externally triggered: False>
[2018-08-13 17:09:28,024] {models.py:4024} DagFileProcessor4 INFO - Updating state for <DagRun all_success_dag @ 2009-12-02 01:13:00: scheduled__2009-12-02T01:13:00, externally triggered: False> considering 10 task(s)
[2018-08-13 17:09:28,027] {jobs.py:860} DagFileProcessor4 INFO - Examining DAG run <DagRun all_success_dag @ 2018-08-13 17:08:54.102124: manual__2018-08-13T17:08:54.102124, externally triggered: True>
[2018-08-13 17:09:28,030] {models.py:4024} DagFileProcessor4 INFO - Updating state for <DagRun all_success_dag @ 2018-08-13 17:08:54.102124: manual__2018-08-13T17:08:54.102124, externally triggered: True> considering 10 task(s)
[2018-08-13 17:09:28,109] {jobs.py:566} DagFileProcessor4 INFO - Skipping SLA check for <DAG: all_success_dag> because no tasks in DAG have SLAs
/home/yurii/Tools/anaconda3/lib/python3.6/site-packages/airflow/models.py:1140: DeprecationWarning: generator 'get_dep_statuses' raised StopIteration
  dep_context):
[2018-08-13 17:09:28,118] {models.py:1126} DagFileProcessor4 INFO - Dependencies all met for <TaskInstance: all_success_dag.first_task 2009-12-02 00:13:00 [None]>
[2018-08-13 17:09:28,118] {jobs.py:1608} DagFileProcessor4 INFO - Creating / updating <TaskInstance: all_success_dag.first_task 2009-12-02 00:13:00 [scheduled]> in ORM
[2018-08-13 17:09:28,124] {models.py:1126} DagFileProcessor4 INFO - Dependencies all met for <TaskInstance: all_success_dag.first_task 2009-12-02 01:13:00 [None]>
[2018-08-13 17:09:28,125] {jobs.py:1608} DagFileProcessor4 INFO - Creating / updating <TaskInstance: all_success_dag.first_task 2009-12-02 01:13:00 [scheduled]> in ORM
[2018-08-13 17:09:28,129] {models.py:1126} DagFileProcessor4 INFO - Dependencies all met for <TaskInstance: all_success_dag.first_task 2018-08-13 17:08:54.102124 [None]>
[2018-08-13 17:09:28,129] {jobs.py:1608} DagFileProcessor4 INFO - Creating / updating <TaskInstance: all_success_dag.first_task 2018-08-13 17:08:54.102124 [scheduled]> in ORM
[2018-08-13 17:09:28,141] {models.py:322} DagFileProcessor4 INFO - Finding 'running' jobs without a recent heartbeat
[2018-08-13 17:09:28,141] {models.py:328} DagFileProcessor4 INFO - Failing jobs without heartbeat after 2018-08-13 17:04:28.141275
[2018-08-13 17:09:28,143] {jobs.py:351} DagFileProcessor4 INFO - Processing /home/yurii/Work/airflow/dags/all_succeed.py took 0.606 seconds
[2018-08-13 17:15:29,515] {jobs.py:343} DagFileProcessor3 INFO - Started process (PID=5702) to work on /home/yurii/Work/airflow/dags/all_succeed.py
[2018-08-13 17:15:29,516] {jobs.py:1521} DagFileProcessor3 INFO - Processing file /home/yurii/Work/airflow/dags/all_succeed.py for tasks to queue
[2018-08-13 17:15:29,516] {models.py:167} DagFileProcessor3 INFO - Filling up the DagBag from /home/yurii/Work/airflow/dags/all_succeed.py
[2018-08-13 17:15:29,769] {jobs.py:1535} DagFileProcessor3 INFO - DAG(s) dict_keys(['example_bash_operator', 'example_subdag_operator', 'example_subdag_operator.section-1', 'example_subdag_operator.section-2', 'example_passing_params_via_test_command', 'latest_only_with_trigger', 'example_xcom', 'example_short_circuit_operator', 'test_utils', 'example_skip_dag', 'example_branch_dop_operator_v3', 'example_trigger_controller_dag', 'tutorial', 'example_http_operator', 'latest_only', 'example_branch_operator', 'example_python_operator', 'example_trigger_target_dag', 'all_success_dag']) retrieved from /home/yurii/Work/airflow/dags/all_succeed.py
[2018-08-13 17:15:29,966] {jobs.py:1169} DagFileProcessor3 INFO - Processing all_success_dag
[2018-08-13 17:15:29,990] {jobs.py:1173} DagFileProcessor3 INFO - Created <DagRun all_success_dag @ 2009-12-02 02:13:00: scheduled__2009-12-02T02:13:00, externally triggered: False>
[2018-08-13 17:15:29,991] {jobs.py:860} DagFileProcessor3 INFO - Examining DAG run <DagRun all_success_dag @ 2009-12-02 00:13:00: scheduled__2009-12-02T00:13:00, externally triggered: False>
[2018-08-13 17:15:29,995] {models.py:4024} DagFileProcessor3 INFO - Updating state for <DagRun all_success_dag @ 2009-12-02 00:13:00: scheduled__2009-12-02T00:13:00, externally triggered: False> considering 10 task(s)
/home/yurii/Tools/anaconda3/lib/python3.6/site-packages/airflow/ti_deps/deps/base_ti_dep.py:94: DeprecationWarning: generator '_get_dep_statuses' raised StopIteration
  for dep_status in self._get_dep_statuses(ti, session, dep_context):
[2018-08-13 17:15:29,998] {jobs.py:860} DagFileProcessor3 INFO - Examining DAG run <DagRun all_success_dag @ 2009-12-02 01:13:00: scheduled__2009-12-02T01:13:00, externally triggered: False>
[2018-08-13 17:15:30,002] {models.py:4024} DagFileProcessor3 INFO - Updating state for <DagRun all_success_dag @ 2009-12-02 01:13:00: scheduled__2009-12-02T01:13:00, externally triggered: False> considering 10 task(s)
[2018-08-13 17:15:30,023] {jobs.py:860} DagFileProcessor3 INFO - Examining DAG run <DagRun all_success_dag @ 2009-12-02 02:13:00: scheduled__2009-12-02T02:13:00, externally triggered: False>
[2018-08-13 17:15:30,027] {models.py:4024} DagFileProcessor3 INFO - Updating state for <DagRun all_success_dag @ 2009-12-02 02:13:00: scheduled__2009-12-02T02:13:00, externally triggered: False> considering 10 task(s)
[2018-08-13 17:15:30,030] {jobs.py:860} DagFileProcessor3 INFO - Examining DAG run <DagRun all_success_dag @ 2018-08-13 17:08:54.102124: manual__2018-08-13T17:08:54.102124, externally triggered: True>
[2018-08-13 17:15:30,033] {models.py:4024} DagFileProcessor3 INFO - Updating state for <DagRun all_success_dag @ 2018-08-13 17:08:54.102124: manual__2018-08-13T17:08:54.102124, externally triggered: True> considering 10 task(s)
[2018-08-13 17:15:30,037] {jobs.py:860} DagFileProcessor3 INFO - Examining DAG run <DagRun all_success_dag @ 2018-08-13 17:10:29.130055: manual__2018-08-13T17:10:29.130055, externally triggered: True>
[2018-08-13 17:15:30,040] {models.py:4024} DagFileProcessor3 INFO - Updating state for <DagRun all_success_dag @ 2018-08-13 17:10:29.130055: manual__2018-08-13T17:10:29.130055, externally triggered: True> considering 10 task(s)
[2018-08-13 17:15:30,043] {jobs.py:860} DagFileProcessor3 INFO - Examining DAG run <DagRun all_success_dag @ 2018-08-13 17:10:36.048308: manual__2018-08-13T17:10:36.048308, externally triggered: True>
[2018-08-13 17:15:30,047] {models.py:4024} DagFileProcessor3 INFO - Updating state for <DagRun all_success_dag @ 2018-08-13 17:10:36.048308: manual__2018-08-13T17:10:36.048308, externally triggered: True> considering 10 task(s)
[2018-08-13 17:15:30,050] {jobs.py:860} DagFileProcessor3 INFO - Examining DAG run <DagRun all_success_dag @ 2018-08-13 17:10:40.834513: manual__2018-08-13T17:10:40.834513, externally triggered: True>
[2018-08-13 17:15:30,054] {models.py:4024} DagFileProcessor3 INFO - Updating state for <DagRun all_success_dag @ 2018-08-13 17:10:40.834513: manual__2018-08-13T17:10:40.834513, externally triggered: True> considering 10 task(s)
[2018-08-13 17:15:30,198] {jobs.py:566} DagFileProcessor3 INFO - Skipping SLA check for <DAG: all_success_dag> because no tasks in DAG have SLAs
/home/yurii/Tools/anaconda3/lib/python3.6/site-packages/airflow/models.py:1140: DeprecationWarning: generator 'get_dep_statuses' raised StopIteration
  dep_context):
[2018-08-13 17:15:30,214] {models.py:1126} DagFileProcessor3 INFO - Dependencies all met for <TaskInstance: all_success_dag.first_task 2009-12-02 00:13:00 [None]>
[2018-08-13 17:15:30,214] {jobs.py:1608} DagFileProcessor3 INFO - Creating / updating <TaskInstance: all_success_dag.first_task 2009-12-02 00:13:00 [scheduled]> in ORM
[2018-08-13 17:15:30,221] {models.py:1126} DagFileProcessor3 INFO - Dependencies all met for <TaskInstance: all_success_dag.first_task 2009-12-02 01:13:00 [None]>
[2018-08-13 17:15:30,221] {jobs.py:1608} DagFileProcessor3 INFO - Creating / updating <TaskInstance: all_success_dag.first_task 2009-12-02 01:13:00 [scheduled]> in ORM
[2018-08-13 17:15:30,227] {models.py:1126} DagFileProcessor3 INFO - Dependencies all met for <TaskInstance: all_success_dag.first_task 2009-12-02 02:13:00 [None]>
[2018-08-13 17:15:30,228] {jobs.py:1608} DagFileProcessor3 INFO - Creating / updating <TaskInstance: all_success_dag.first_task 2009-12-02 02:13:00 [scheduled]> in ORM
[2018-08-13 17:15:30,233] {models.py:1126} DagFileProcessor3 INFO - Dependencies all met for <TaskInstance: all_success_dag.first_task 2018-08-13 17:08:54.102124 [None]>
[2018-08-13 17:15:30,233] {jobs.py:1608} DagFileProcessor3 INFO - Creating / updating <TaskInstance: all_success_dag.first_task 2018-08-13 17:08:54.102124 [scheduled]> in ORM
[2018-08-13 17:15:30,240] {models.py:1126} DagFileProcessor3 INFO - Dependencies all met for <TaskInstance: all_success_dag.first_task 2018-08-13 17:10:29.130055 [None]>
[2018-08-13 17:15:30,240] {jobs.py:1608} DagFileProcessor3 INFO - Creating / updating <TaskInstance: all_success_dag.first_task 2018-08-13 17:10:29.130055 [scheduled]> in ORM
[2018-08-13 17:15:30,245] {models.py:1126} DagFileProcessor3 INFO - Dependencies all met for <TaskInstance: all_success_dag.first_task 2018-08-13 17:10:36.048308 [None]>
[2018-08-13 17:15:30,245] {jobs.py:1608} DagFileProcessor3 INFO - Creating / updating <TaskInstance: all_success_dag.first_task 2018-08-13 17:10:36.048308 [scheduled]> in ORM
[2018-08-13 17:15:30,251] {models.py:1126} DagFileProcessor3 INFO - Dependencies all met for <TaskInstance: all_success_dag.first_task 2018-08-13 17:10:40.834513 [None]>
[2018-08-13 17:15:30,251] {jobs.py:1608} DagFileProcessor3 INFO - Creating / updating <TaskInstance: all_success_dag.first_task 2018-08-13 17:10:40.834513 [scheduled]> in ORM
[2018-08-13 17:15:30,265] {models.py:322} DagFileProcessor3 INFO - Finding 'running' jobs without a recent heartbeat
[2018-08-13 17:15:30,265] {models.py:328} DagFileProcessor3 INFO - Failing jobs without heartbeat after 2018-08-13 17:10:30.265592
[2018-08-13 17:15:30,268] {jobs.py:351} DagFileProcessor3 INFO - Processing /home/yurii/Work/airflow/dags/all_succeed.py took 0.753 seconds
[2018-08-13 17:19:13,260] {jobs.py:343} DagFileProcessor6 INFO - Started process (PID=6003) to work on /home/yurii/Work/airflow/dags/all_succeed.py
[2018-08-13 17:19:13,261] {jobs.py:1521} DagFileProcessor6 INFO - Processing file /home/yurii/Work/airflow/dags/all_succeed.py for tasks to queue
[2018-08-13 17:19:13,261] {models.py:167} DagFileProcessor6 INFO - Filling up the DagBag from /home/yurii/Work/airflow/dags/all_succeed.py
[2018-08-13 17:19:13,379] {jobs.py:354} DagFileProcessor6 ERROR - Got an exception! Propagating...
Traceback (most recent call last):
  File "/home/yurii/Tools/anaconda3/lib/python3.6/site-packages/airflow/jobs.py", line 346, in helper
    pickle_dags)
  File "/home/yurii/Tools/anaconda3/lib/python3.6/site-packages/airflow/utils/db.py", line 53, in wrapper
    result = func(*args, **kwargs)
  File "/home/yurii/Tools/anaconda3/lib/python3.6/site-packages/airflow/jobs.py", line 1526, in process_file
    dagbag = models.DagBag(file_path)
  File "/home/yurii/Tools/anaconda3/lib/python3.6/site-packages/airflow/models.py", line 179, in __init__
    self.collect_dags(example_dag_folder)
  File "/home/yurii/Tools/anaconda3/lib/python3.6/site-packages/airflow/models.py", line 415, in collect_dags
    filepath, only_if_updated=only_if_updated)
  File "/home/yurii/Tools/anaconda3/lib/python3.6/site-packages/airflow/models.py", line 263, in process_file
    m = imp.load_source(mod_name, filepath)
  File "/home/yurii/Tools/anaconda3/lib/python3.6/imp.py", line 172, in load_source
    module = _load(spec)
  File "<frozen importlib._bootstrap>", line 684, in _load
  File "<frozen importlib._bootstrap>", line 665, in _load_unlocked
  File "<frozen importlib._bootstrap_external>", line 678, in exec_module
  File "<frozen importlib._bootstrap>", line 219, in _call_with_frames_removed
  File "/home/yurii/Tools/anaconda3/lib/python3.6/site-packages/airflow/example_dags/example_short_circuit_operator.py", line 26, in <module>
    dag = DAG(dag_id='example_short_circuit_operator', default_args=args)
  File "/home/yurii/Tools/anaconda3/lib/python3.6/site-packages/airflow/models.py", line 2663, in __init__
    self.fileloc = inspect.getsourcefile(inspect.stack()[1][0])
  File "/home/yurii/Tools/anaconda3/lib/python3.6/inspect.py", line 1494, in stack
    return getouterframes(sys._getframe(1), context)
  File "/home/yurii/Tools/anaconda3/lib/python3.6/inspect.py", line 1471, in getouterframes
    frameinfo = (frame,) + getframeinfo(frame, context)
  File "/home/yurii/Tools/anaconda3/lib/python3.6/inspect.py", line 1445, in getframeinfo
    lines, lnum = findsource(frame)
  File "/home/yurii/Tools/anaconda3/lib/python3.6/inspect.py", line 780, in findsource
    module = getmodule(object, file)
  File "/home/yurii/Tools/anaconda3/lib/python3.6/inspect.py", line 733, in getmodule
    if ismodule(module) and hasattr(module, '__file__'):
  File "/home/yurii/Tools/anaconda3/lib/python3.6/inspect.py", line 64, in ismodule
    def ismodule(object):
  File "/home/yurii/Tools/anaconda3/lib/python3.6/site-packages/airflow/bin/cli.py", line 69, in sigint_handler
    sys.exit(0)
SystemExit: 0
