[2018-08-13 15:04:46,941] {jobs.py:343} DagFileProcessor7 INFO - Started process (PID=32136) to work on /home/yurii/Work/airflow/dags/all_done.py
[2018-08-13 15:04:46,943] {jobs.py:1521} DagFileProcessor7 INFO - Processing file /home/yurii/Work/airflow/dags/all_done.py for tasks to queue
[2018-08-13 15:04:46,943] {models.py:167} DagFileProcessor7 INFO - Filling up the DagBag from /home/yurii/Work/airflow/dags/all_done.py
/home/yurii/Tools/anaconda3/lib/python3.6/site-packages/airflow/models.py:1927: PendingDeprecationWarning: Invalid arguments were passed to PythonOperator. Support for passing such arguments will be dropped in Airflow 2.0. Invalid arguments were:
*args: ()
**kwargs: {'triger_rule': 'one_failed'}
  category=PendingDeprecationWarning
[2018-08-13 15:04:47,195] {jobs.py:1535} DagFileProcessor7 INFO - DAG(s) dict_keys(['example_bash_operator', 'example_subdag_operator', 'example_subdag_operator.section-1', 'example_subdag_operator.section-2', 'example_passing_params_via_test_command', 'latest_only_with_trigger', 'example_xcom', 'example_short_circuit_operator', 'test_utils', 'example_skip_dag', 'example_branch_dop_operator_v3', 'example_trigger_controller_dag', 'tutorial', 'example_http_operator', 'latest_only', 'example_branch_operator', 'example_python_operator', 'example_trigger_target_dag', 'all__dag']) retrieved from /home/yurii/Work/airflow/dags/all_done.py
[2018-08-13 15:04:47,302] {models.py:322} DagFileProcessor7 INFO - Finding 'running' jobs without a recent heartbeat
[2018-08-13 15:04:47,302] {models.py:328} DagFileProcessor7 INFO - Failing jobs without heartbeat after 2018-08-13 14:59:47.302543
[2018-08-13 15:04:47,305] {jobs.py:351} DagFileProcessor7 INFO - Processing /home/yurii/Work/airflow/dags/all_done.py took 0.364 seconds
[2018-08-13 15:04:53,011] {jobs.py:343} DagFileProcessor18 INFO - Started process (PID=32174) to work on /home/yurii/Work/airflow/dags/all_done.py
[2018-08-13 15:04:53,012] {jobs.py:1521} DagFileProcessor18 INFO - Processing file /home/yurii/Work/airflow/dags/all_done.py for tasks to queue
[2018-08-13 15:04:53,013] {models.py:167} DagFileProcessor18 INFO - Filling up the DagBag from /home/yurii/Work/airflow/dags/all_done.py
/home/yurii/Tools/anaconda3/lib/python3.6/site-packages/airflow/models.py:1927: PendingDeprecationWarning: Invalid arguments were passed to PythonOperator. Support for passing such arguments will be dropped in Airflow 2.0. Invalid arguments were:
*args: ()
**kwargs: {'triger_rule': 'one_failed'}
  category=PendingDeprecationWarning
[2018-08-13 15:04:53,272] {jobs.py:1535} DagFileProcessor18 INFO - DAG(s) dict_keys(['example_bash_operator', 'example_subdag_operator', 'example_subdag_operator.section-1', 'example_subdag_operator.section-2', 'example_passing_params_via_test_command', 'latest_only_with_trigger', 'example_xcom', 'example_short_circuit_operator', 'test_utils', 'example_skip_dag', 'example_branch_dop_operator_v3', 'example_trigger_controller_dag', 'tutorial', 'example_http_operator', 'latest_only', 'example_branch_operator', 'example_python_operator', 'example_trigger_target_dag', 'all__dag']) retrieved from /home/yurii/Work/airflow/dags/all_done.py
[2018-08-13 15:04:53,383] {models.py:322} DagFileProcessor18 INFO - Finding 'running' jobs without a recent heartbeat
[2018-08-13 15:04:53,383] {models.py:328} DagFileProcessor18 INFO - Failing jobs without heartbeat after 2018-08-13 14:59:53.383171
[2018-08-13 15:04:53,386] {jobs.py:351} DagFileProcessor18 INFO - Processing /home/yurii/Work/airflow/dags/all_done.py took 0.375 seconds
[2018-08-13 15:04:59,092] {jobs.py:343} DagFileProcessor29 INFO - Started process (PID=32231) to work on /home/yurii/Work/airflow/dags/all_done.py
[2018-08-13 15:04:59,097] {jobs.py:1521} DagFileProcessor29 INFO - Processing file /home/yurii/Work/airflow/dags/all_done.py for tasks to queue
[2018-08-13 15:04:59,097] {models.py:167} DagFileProcessor29 INFO - Filling up the DagBag from /home/yurii/Work/airflow/dags/all_done.py
/home/yurii/Tools/anaconda3/lib/python3.6/site-packages/airflow/models.py:1927: PendingDeprecationWarning: Invalid arguments were passed to PythonOperator. Support for passing such arguments will be dropped in Airflow 2.0. Invalid arguments were:
*args: ()
**kwargs: {'triger_rule': 'one_failed'}
  category=PendingDeprecationWarning
[2018-08-13 15:04:59,358] {jobs.py:1535} DagFileProcessor29 INFO - DAG(s) dict_keys(['example_bash_operator', 'example_subdag_operator', 'example_subdag_operator.section-1', 'example_subdag_operator.section-2', 'example_passing_params_via_test_command', 'latest_only_with_trigger', 'example_xcom', 'example_short_circuit_operator', 'test_utils', 'example_skip_dag', 'example_branch_dop_operator_v3', 'example_trigger_controller_dag', 'tutorial', 'example_http_operator', 'latest_only', 'example_branch_operator', 'example_python_operator', 'example_trigger_target_dag', 'all__dag']) retrieved from /home/yurii/Work/airflow/dags/all_done.py
[2018-08-13 15:04:59,502] {models.py:322} DagFileProcessor29 INFO - Finding 'running' jobs without a recent heartbeat
[2018-08-13 15:04:59,502] {models.py:328} DagFileProcessor29 INFO - Failing jobs without heartbeat after 2018-08-13 14:59:59.502767
[2018-08-13 15:04:59,506] {jobs.py:351} DagFileProcessor29 INFO - Processing /home/yurii/Work/airflow/dags/all_done.py took 0.414 seconds
[2018-08-13 15:05:05,170] {jobs.py:343} DagFileProcessor40 INFO - Started process (PID=32267) to work on /home/yurii/Work/airflow/dags/all_done.py
[2018-08-13 15:05:05,171] {jobs.py:1521} DagFileProcessor40 INFO - Processing file /home/yurii/Work/airflow/dags/all_done.py for tasks to queue
[2018-08-13 15:05:05,172] {models.py:167} DagFileProcessor40 INFO - Filling up the DagBag from /home/yurii/Work/airflow/dags/all_done.py
/home/yurii/Tools/anaconda3/lib/python3.6/site-packages/airflow/models.py:1927: PendingDeprecationWarning: Invalid arguments were passed to PythonOperator. Support for passing such arguments will be dropped in Airflow 2.0. Invalid arguments were:
*args: ()
**kwargs: {'triger_rule': 'one_failed'}
  category=PendingDeprecationWarning
[2018-08-13 15:05:05,424] {jobs.py:1535} DagFileProcessor40 INFO - DAG(s) dict_keys(['example_bash_operator', 'example_subdag_operator', 'example_subdag_operator.section-1', 'example_subdag_operator.section-2', 'example_passing_params_via_test_command', 'latest_only_with_trigger', 'example_xcom', 'example_short_circuit_operator', 'test_utils', 'example_skip_dag', 'example_branch_dop_operator_v3', 'example_trigger_controller_dag', 'tutorial', 'example_http_operator', 'latest_only', 'example_branch_operator', 'example_python_operator', 'example_trigger_target_dag', 'all__dag']) retrieved from /home/yurii/Work/airflow/dags/all_done.py
[2018-08-13 15:05:05,532] {models.py:322} DagFileProcessor40 INFO - Finding 'running' jobs without a recent heartbeat
[2018-08-13 15:05:05,532] {models.py:328} DagFileProcessor40 INFO - Failing jobs without heartbeat after 2018-08-13 15:00:05.532306
[2018-08-13 15:05:05,535] {jobs.py:351} DagFileProcessor40 INFO - Processing /home/yurii/Work/airflow/dags/all_done.py took 0.365 seconds
[2018-08-13 15:05:11,249] {jobs.py:343} DagFileProcessor51 INFO - Started process (PID=32302) to work on /home/yurii/Work/airflow/dags/all_done.py
[2018-08-13 15:05:11,251] {jobs.py:1521} DagFileProcessor51 INFO - Processing file /home/yurii/Work/airflow/dags/all_done.py for tasks to queue
[2018-08-13 15:05:11,251] {models.py:167} DagFileProcessor51 INFO - Filling up the DagBag from /home/yurii/Work/airflow/dags/all_done.py
/home/yurii/Tools/anaconda3/lib/python3.6/site-packages/airflow/models.py:1927: PendingDeprecationWarning: Invalid arguments were passed to PythonOperator. Support for passing such arguments will be dropped in Airflow 2.0. Invalid arguments were:
*args: ()
**kwargs: {'triger_rule': 'one_failed'}
  category=PendingDeprecationWarning
[2018-08-13 15:05:11,502] {jobs.py:1535} DagFileProcessor51 INFO - DAG(s) dict_keys(['example_bash_operator', 'example_subdag_operator', 'example_subdag_operator.section-1', 'example_subdag_operator.section-2', 'example_passing_params_via_test_command', 'latest_only_with_trigger', 'example_xcom', 'example_short_circuit_operator', 'test_utils', 'example_skip_dag', 'example_branch_dop_operator_v3', 'example_trigger_controller_dag', 'tutorial', 'example_http_operator', 'latest_only', 'example_branch_operator', 'example_python_operator', 'example_trigger_target_dag', 'all__dag']) retrieved from /home/yurii/Work/airflow/dags/all_done.py
[2018-08-13 15:05:11,610] {models.py:322} DagFileProcessor51 INFO - Finding 'running' jobs without a recent heartbeat
[2018-08-13 15:05:11,610] {models.py:328} DagFileProcessor51 INFO - Failing jobs without heartbeat after 2018-08-13 15:00:11.610736
[2018-08-13 15:05:11,614] {jobs.py:351} DagFileProcessor51 INFO - Processing /home/yurii/Work/airflow/dags/all_done.py took 0.365 seconds
[2018-08-13 15:05:17,337] {jobs.py:343} DagFileProcessor62 INFO - Started process (PID=32342) to work on /home/yurii/Work/airflow/dags/all_done.py
[2018-08-13 15:05:17,338] {jobs.py:1521} DagFileProcessor62 INFO - Processing file /home/yurii/Work/airflow/dags/all_done.py for tasks to queue
[2018-08-13 15:05:17,338] {models.py:167} DagFileProcessor62 INFO - Filling up the DagBag from /home/yurii/Work/airflow/dags/all_done.py
/home/yurii/Tools/anaconda3/lib/python3.6/site-packages/airflow/models.py:1927: PendingDeprecationWarning: Invalid arguments were passed to PythonOperator. Support for passing such arguments will be dropped in Airflow 2.0. Invalid arguments were:
*args: ()
**kwargs: {'triger_rule': 'one_failed'}
  category=PendingDeprecationWarning
[2018-08-13 15:05:17,607] {jobs.py:1535} DagFileProcessor62 INFO - DAG(s) dict_keys(['example_bash_operator', 'example_subdag_operator', 'example_subdag_operator.section-1', 'example_subdag_operator.section-2', 'example_passing_params_via_test_command', 'latest_only_with_trigger', 'example_xcom', 'example_short_circuit_operator', 'test_utils', 'example_skip_dag', 'example_branch_dop_operator_v3', 'example_trigger_controller_dag', 'tutorial', 'example_http_operator', 'latest_only', 'example_branch_operator', 'example_python_operator', 'example_trigger_target_dag', 'all__dag']) retrieved from /home/yurii/Work/airflow/dags/all_done.py
[2018-08-13 15:05:17,723] {models.py:322} DagFileProcessor62 INFO - Finding 'running' jobs without a recent heartbeat
[2018-08-13 15:05:17,723] {models.py:328} DagFileProcessor62 INFO - Failing jobs without heartbeat after 2018-08-13 15:00:17.723748
[2018-08-13 15:05:17,727] {jobs.py:351} DagFileProcessor62 INFO - Processing /home/yurii/Work/airflow/dags/all_done.py took 0.390 seconds
[2018-08-13 15:05:23,401] {jobs.py:343} DagFileProcessor73 INFO - Started process (PID=32427) to work on /home/yurii/Work/airflow/dags/all_done.py
[2018-08-13 15:05:23,403] {jobs.py:1521} DagFileProcessor73 INFO - Processing file /home/yurii/Work/airflow/dags/all_done.py for tasks to queue
[2018-08-13 15:05:23,403] {models.py:167} DagFileProcessor73 INFO - Filling up the DagBag from /home/yurii/Work/airflow/dags/all_done.py
/home/yurii/Tools/anaconda3/lib/python3.6/site-packages/airflow/models.py:1927: PendingDeprecationWarning: Invalid arguments were passed to PythonOperator. Support for passing such arguments will be dropped in Airflow 2.0. Invalid arguments were:
*args: ()
**kwargs: {'triger_rule': 'one_failed'}
  category=PendingDeprecationWarning
[2018-08-13 15:05:23,686] {jobs.py:1535} DagFileProcessor73 INFO - DAG(s) dict_keys(['example_bash_operator', 'example_subdag_operator', 'example_subdag_operator.section-1', 'example_subdag_operator.section-2', 'example_passing_params_via_test_command', 'latest_only_with_trigger', 'example_xcom', 'example_short_circuit_operator', 'test_utils', 'example_skip_dag', 'example_branch_dop_operator_v3', 'example_trigger_controller_dag', 'tutorial', 'example_http_operator', 'latest_only', 'example_branch_operator', 'example_python_operator', 'example_trigger_target_dag', 'all__dag']) retrieved from /home/yurii/Work/airflow/dags/all_done.py
[2018-08-13 15:05:23,978] {models.py:322} DagFileProcessor73 INFO - Finding 'running' jobs without a recent heartbeat
[2018-08-13 15:05:23,978] {models.py:328} DagFileProcessor73 INFO - Failing jobs without heartbeat after 2018-08-13 15:00:23.978755
[2018-08-13 15:05:23,993] {jobs.py:351} DagFileProcessor73 INFO - Processing /home/yurii/Work/airflow/dags/all_done.py took 0.591 seconds
[2018-08-13 15:05:29,477] {jobs.py:343} DagFileProcessor84 INFO - Started process (PID=32478) to work on /home/yurii/Work/airflow/dags/all_done.py
[2018-08-13 15:05:29,479] {jobs.py:1521} DagFileProcessor84 INFO - Processing file /home/yurii/Work/airflow/dags/all_done.py for tasks to queue
[2018-08-13 15:05:29,479] {models.py:167} DagFileProcessor84 INFO - Filling up the DagBag from /home/yurii/Work/airflow/dags/all_done.py
/home/yurii/Tools/anaconda3/lib/python3.6/site-packages/airflow/models.py:1927: PendingDeprecationWarning: Invalid arguments were passed to PythonOperator. Support for passing such arguments will be dropped in Airflow 2.0. Invalid arguments were:
*args: ()
**kwargs: {'triger_rule': 'one_failed'}
  category=PendingDeprecationWarning
[2018-08-13 15:05:29,751] {jobs.py:1535} DagFileProcessor84 INFO - DAG(s) dict_keys(['example_bash_operator', 'example_subdag_operator', 'example_subdag_operator.section-1', 'example_subdag_operator.section-2', 'example_passing_params_via_test_command', 'latest_only_with_trigger', 'example_xcom', 'example_short_circuit_operator', 'test_utils', 'example_skip_dag', 'example_branch_dop_operator_v3', 'example_trigger_controller_dag', 'tutorial', 'example_http_operator', 'latest_only', 'example_branch_operator', 'example_python_operator', 'example_trigger_target_dag', 'all__dag']) retrieved from /home/yurii/Work/airflow/dags/all_done.py
[2018-08-13 15:05:29,872] {models.py:322} DagFileProcessor84 INFO - Finding 'running' jobs without a recent heartbeat
[2018-08-13 15:05:29,872] {models.py:328} DagFileProcessor84 INFO - Failing jobs without heartbeat after 2018-08-13 15:00:29.872359
[2018-08-13 15:05:29,880] {jobs.py:351} DagFileProcessor84 INFO - Processing /home/yurii/Work/airflow/dags/all_done.py took 0.402 seconds
[2018-08-13 15:05:35,546] {jobs.py:343} DagFileProcessor95 INFO - Started process (PID=32541) to work on /home/yurii/Work/airflow/dags/all_done.py
[2018-08-13 15:05:35,550] {jobs.py:1521} DagFileProcessor95 INFO - Processing file /home/yurii/Work/airflow/dags/all_done.py for tasks to queue
[2018-08-13 15:05:35,550] {models.py:167} DagFileProcessor95 INFO - Filling up the DagBag from /home/yurii/Work/airflow/dags/all_done.py
/home/yurii/Tools/anaconda3/lib/python3.6/site-packages/airflow/models.py:1927: PendingDeprecationWarning: Invalid arguments were passed to PythonOperator. Support for passing such arguments will be dropped in Airflow 2.0. Invalid arguments were:
*args: ()
**kwargs: {'triger_rule': 'one_failed'}
  category=PendingDeprecationWarning
[2018-08-13 15:05:35,817] {jobs.py:1535} DagFileProcessor95 INFO - DAG(s) dict_keys(['example_bash_operator', 'example_subdag_operator', 'example_subdag_operator.section-1', 'example_subdag_operator.section-2', 'example_passing_params_via_test_command', 'latest_only_with_trigger', 'example_xcom', 'example_short_circuit_operator', 'test_utils', 'example_skip_dag', 'example_branch_dop_operator_v3', 'example_trigger_controller_dag', 'tutorial', 'example_http_operator', 'latest_only', 'example_branch_operator', 'example_python_operator', 'example_trigger_target_dag', 'all__dag']) retrieved from /home/yurii/Work/airflow/dags/all_done.py
[2018-08-13 15:05:35,926] {models.py:322} DagFileProcessor95 INFO - Finding 'running' jobs without a recent heartbeat
[2018-08-13 15:05:35,927] {models.py:328} DagFileProcessor95 INFO - Failing jobs without heartbeat after 2018-08-13 15:00:35.927018
[2018-08-13 15:05:35,930] {jobs.py:351} DagFileProcessor95 INFO - Processing /home/yurii/Work/airflow/dags/all_done.py took 0.384 seconds
[2018-08-13 15:05:41,623] {jobs.py:343} DagFileProcessor106 INFO - Started process (PID=32582) to work on /home/yurii/Work/airflow/dags/all_done.py
[2018-08-13 15:05:41,626] {jobs.py:1521} DagFileProcessor106 INFO - Processing file /home/yurii/Work/airflow/dags/all_done.py for tasks to queue
[2018-08-13 15:05:41,627] {models.py:167} DagFileProcessor106 INFO - Filling up the DagBag from /home/yurii/Work/airflow/dags/all_done.py
/home/yurii/Tools/anaconda3/lib/python3.6/site-packages/airflow/models.py:1927: PendingDeprecationWarning: Invalid arguments were passed to PythonOperator. Support for passing such arguments will be dropped in Airflow 2.0. Invalid arguments were:
*args: ()
**kwargs: {'triger_rule': 'one_failed'}
  category=PendingDeprecationWarning
[2018-08-13 15:05:41,900] {jobs.py:1535} DagFileProcessor106 INFO - DAG(s) dict_keys(['example_bash_operator', 'example_subdag_operator', 'example_subdag_operator.section-1', 'example_subdag_operator.section-2', 'example_passing_params_via_test_command', 'latest_only_with_trigger', 'example_xcom', 'example_short_circuit_operator', 'test_utils', 'example_skip_dag', 'example_branch_dop_operator_v3', 'example_trigger_controller_dag', 'tutorial', 'example_http_operator', 'latest_only', 'example_branch_operator', 'example_python_operator', 'example_trigger_target_dag', 'all__dag']) retrieved from /home/yurii/Work/airflow/dags/all_done.py
[2018-08-13 15:05:42,018] {models.py:322} DagFileProcessor106 INFO - Finding 'running' jobs without a recent heartbeat
[2018-08-13 15:05:42,018] {models.py:328} DagFileProcessor106 INFO - Failing jobs without heartbeat after 2018-08-13 15:00:42.018961
[2018-08-13 15:05:42,022] {jobs.py:351} DagFileProcessor106 INFO - Processing /home/yurii/Work/airflow/dags/all_done.py took 0.399 seconds
[2018-08-13 15:05:47,709] {jobs.py:343} DagFileProcessor117 INFO - Started process (PID=32615) to work on /home/yurii/Work/airflow/dags/all_done.py
[2018-08-13 15:05:47,711] {jobs.py:1521} DagFileProcessor117 INFO - Processing file /home/yurii/Work/airflow/dags/all_done.py for tasks to queue
[2018-08-13 15:05:47,711] {models.py:167} DagFileProcessor117 INFO - Filling up the DagBag from /home/yurii/Work/airflow/dags/all_done.py
/home/yurii/Tools/anaconda3/lib/python3.6/site-packages/airflow/models.py:1927: PendingDeprecationWarning: Invalid arguments were passed to PythonOperator. Support for passing such arguments will be dropped in Airflow 2.0. Invalid arguments were:
*args: ()
**kwargs: {'triger_rule': 'one_failed'}
  category=PendingDeprecationWarning
[2018-08-13 15:05:48,000] {jobs.py:1535} DagFileProcessor117 INFO - DAG(s) dict_keys(['example_bash_operator', 'example_subdag_operator', 'example_subdag_operator.section-1', 'example_subdag_operator.section-2', 'example_passing_params_via_test_command', 'latest_only_with_trigger', 'example_xcom', 'example_short_circuit_operator', 'test_utils', 'example_skip_dag', 'example_branch_dop_operator_v3', 'example_trigger_controller_dag', 'tutorial', 'example_http_operator', 'latest_only', 'example_branch_operator', 'example_python_operator', 'example_trigger_target_dag', 'all__dag']) retrieved from /home/yurii/Work/airflow/dags/all_done.py
[2018-08-13 15:05:48,122] {models.py:322} DagFileProcessor117 INFO - Finding 'running' jobs without a recent heartbeat
[2018-08-13 15:05:48,122] {models.py:328} DagFileProcessor117 INFO - Failing jobs without heartbeat after 2018-08-13 15:00:48.122380
[2018-08-13 15:05:48,127] {jobs.py:351} DagFileProcessor117 INFO - Processing /home/yurii/Work/airflow/dags/all_done.py took 0.418 seconds
[2018-08-13 15:23:19,246] {jobs.py:343} DagFileProcessor5 INFO - Started process (PID=1123) to work on /home/yurii/Work/airflow/dags/all_done.py
[2018-08-13 15:23:19,247] {jobs.py:1521} DagFileProcessor5 INFO - Processing file /home/yurii/Work/airflow/dags/all_done.py for tasks to queue
[2018-08-13 15:23:19,248] {models.py:167} DagFileProcessor5 INFO - Filling up the DagBag from /home/yurii/Work/airflow/dags/all_done.py
[2018-08-13 15:23:19,320] {jobs.py:354} DagFileProcessor5 ERROR - Got an exception! Propagating...
Traceback (most recent call last):
  File "/home/yurii/Tools/anaconda3/lib/python3.6/site-packages/airflow/jobs.py", line 346, in helper
    pickle_dags)
  File "/home/yurii/Tools/anaconda3/lib/python3.6/site-packages/airflow/utils/db.py", line 53, in wrapper
    result = func(*args, **kwargs)
  File "/home/yurii/Tools/anaconda3/lib/python3.6/site-packages/airflow/jobs.py", line 1526, in process_file
    dagbag = models.DagBag(file_path)
  File "/home/yurii/Tools/anaconda3/lib/python3.6/site-packages/airflow/models.py", line 179, in __init__
    self.collect_dags(example_dag_folder)
  File "/home/yurii/Tools/anaconda3/lib/python3.6/site-packages/airflow/models.py", line 415, in collect_dags
    filepath, only_if_updated=only_if_updated)
  File "/home/yurii/Tools/anaconda3/lib/python3.6/site-packages/airflow/models.py", line 263, in process_file
    m = imp.load_source(mod_name, filepath)
  File "/home/yurii/Tools/anaconda3/lib/python3.6/imp.py", line 172, in load_source
    module = _load(spec)
  File "<frozen importlib._bootstrap>", line 684, in _load
  File "<frozen importlib._bootstrap>", line 665, in _load_unlocked
  File "<frozen importlib._bootstrap_external>", line 678, in exec_module
  File "<frozen importlib._bootstrap>", line 219, in _call_with_frames_removed
  File "/home/yurii/Tools/anaconda3/lib/python3.6/site-packages/airflow/example_dags/example_subdag_operator.py", line 46, in <module>
    dag=dag,
  File "/home/yurii/Tools/anaconda3/lib/python3.6/site-packages/airflow/utils/db.py", line 56, in wrapper
    session.commit()
  File "/home/yurii/Tools/anaconda3/lib/python3.6/site-packages/sqlalchemy/orm/session.py", line 943, in commit
    self.transaction.commit()
  File "/home/yurii/Tools/anaconda3/lib/python3.6/site-packages/sqlalchemy/orm/session.py", line 479, in commit
    self.close()
  File "/home/yurii/Tools/anaconda3/lib/python3.6/site-packages/sqlalchemy/orm/session.py", line 552, in close
    self.session.dispatch.after_transaction_end(self.session, self)
  File "/home/yurii/Tools/anaconda3/lib/python3.6/site-packages/sqlalchemy/event/base.py", line 89, in __getattr__
    def __getattr__(self, name):
  File "/home/yurii/Tools/anaconda3/lib/python3.6/site-packages/airflow/bin/cli.py", line 69, in sigint_handler
    sys.exit(0)
SystemExit: 0
[2018-08-13 16:21:43,599] {jobs.py:343} DagFileProcessor6 INFO - Started process (PID=2838) to work on /home/yurii/Work/airflow/dags/all_done.py
[2018-08-13 16:21:43,601] {jobs.py:1521} DagFileProcessor6 INFO - Processing file /home/yurii/Work/airflow/dags/all_done.py for tasks to queue
[2018-08-13 16:21:43,601] {models.py:167} DagFileProcessor6 INFO - Filling up the DagBag from /home/yurii/Work/airflow/dags/all_done.py
[2018-08-13 16:21:43,682] {jobs.py:354} DagFileProcessor6 ERROR - Got an exception! Propagating...
Traceback (most recent call last):
  File "/home/yurii/Tools/anaconda3/lib/python3.6/site-packages/airflow/jobs.py", line 346, in helper
    pickle_dags)
  File "/home/yurii/Tools/anaconda3/lib/python3.6/site-packages/airflow/utils/db.py", line 53, in wrapper
    result = func(*args, **kwargs)
  File "/home/yurii/Tools/anaconda3/lib/python3.6/site-packages/airflow/jobs.py", line 1526, in process_file
    dagbag = models.DagBag(file_path)
  File "/home/yurii/Tools/anaconda3/lib/python3.6/site-packages/airflow/models.py", line 179, in __init__
    self.collect_dags(example_dag_folder)
  File "/home/yurii/Tools/anaconda3/lib/python3.6/site-packages/airflow/models.py", line 415, in collect_dags
    filepath, only_if_updated=only_if_updated)
  File "/home/yurii/Tools/anaconda3/lib/python3.6/site-packages/airflow/models.py", line 263, in process_file
    m = imp.load_source(mod_name, filepath)
  File "/home/yurii/Tools/anaconda3/lib/python3.6/imp.py", line 172, in load_source
    module = _load(spec)
  File "<frozen importlib._bootstrap>", line 684, in _load
  File "<frozen importlib._bootstrap>", line 665, in _load_unlocked
  File "<frozen importlib._bootstrap_external>", line 678, in exec_module
  File "<frozen importlib._bootstrap>", line 219, in _call_with_frames_removed
  File "/home/yurii/Tools/anaconda3/lib/python3.6/site-packages/airflow/example_dags/example_subdag_operator.py", line 57, in <module>
    subdag=subdag(DAG_NAME, 'section-2', args),
  File "/home/yurii/Tools/anaconda3/lib/python3.6/site-packages/airflow/example_dags/subdags/subdag.py", line 30, in subdag
    dag=dag_subdag,
  File "/home/yurii/Tools/anaconda3/lib/python3.6/site-packages/airflow/utils/decorators.py", line 86, in wrapper
    result = func(*args, **kwargs)
  File "/home/yurii/Tools/anaconda3/lib/python3.6/site-packages/airflow/operators/dummy_operator.py", line 30, in __init__
    super(DummyOperator, self).__init__(*args, **kwargs)
  File "/home/yurii/Tools/anaconda3/lib/python3.6/site-packages/airflow/utils/decorators.py", line 86, in wrapper
    result = func(*args, **kwargs)
  File "/home/yurii/Tools/anaconda3/lib/python3.6/site-packages/airflow/models.py", line 1978, in __init__
    self.resources = Resources(**(resources or {}))
  File "/home/yurii/Tools/anaconda3/lib/python3.6/site-packages/airflow/utils/operator_resources.py", line 104, in __init__
    cpus = configuration.getint('operators', 'default_cpus')
  File "/home/yurii/Tools/anaconda3/lib/python3.6/site-packages/airflow/configuration.py", line 812, in getint
    return conf.getint(section, key)
  File "/home/yurii/Tools/anaconda3/lib/python3.6/site-packages/airflow/configuration.py", line 629, in getint
    return int(self.get(section, key))
  File "/home/yurii/Tools/anaconda3/lib/python3.6/site-packages/airflow/configuration.py", line 600, in get
    ConfigParser.get(self, section, key, **kwargs))
  File "/home/yurii/Tools/anaconda3/lib/python3.6/configparser.py", line 781, in get
    d = self._unify_values(section, vars)
  File "/home/yurii/Tools/anaconda3/lib/python3.6/configparser.py", line 1136, in _unify_values
    sectiondict = {}
  File "/home/yurii/Tools/anaconda3/lib/python3.6/site-packages/airflow/bin/cli.py", line 69, in sigint_handler
    sys.exit(0)
SystemExit: 0
[2018-08-13 16:51:59,610] {jobs.py:343} DagFileProcessor5 INFO - Started process (PID=3870) to work on /home/yurii/Work/airflow/dags/all_done.py
[2018-08-13 16:51:59,612] {jobs.py:1521} DagFileProcessor5 INFO - Processing file /home/yurii/Work/airflow/dags/all_done.py for tasks to queue
[2018-08-13 16:51:59,612] {models.py:167} DagFileProcessor5 INFO - Filling up the DagBag from /home/yurii/Work/airflow/dags/all_done.py
/home/yurii/Tools/anaconda3/lib/python3.6/site-packages/airflow/models.py:1927: PendingDeprecationWarning: Invalid arguments were passed to PythonOperator. Support for passing such arguments will be dropped in Airflow 2.0. Invalid arguments were:
*args: ()
**kwargs: {'triger_rule': 'one_failed'}
  category=PendingDeprecationWarning
[2018-08-13 16:51:59,854] {jobs.py:1535} DagFileProcessor5 INFO - DAG(s) dict_keys(['example_bash_operator', 'example_subdag_operator', 'example_subdag_operator.section-1', 'example_subdag_operator.section-2', 'example_passing_params_via_test_command', 'latest_only_with_trigger', 'example_xcom', 'example_short_circuit_operator', 'test_utils', 'example_skip_dag', 'example_branch_dop_operator_v3', 'example_trigger_controller_dag', 'tutorial', 'example_http_operator', 'latest_only', 'example_branch_operator', 'example_python_operator', 'example_trigger_target_dag', 'all__dag']) retrieved from /home/yurii/Work/airflow/dags/all_done.py
[2018-08-13 16:51:59,966] {models.py:322} DagFileProcessor5 INFO - Finding 'running' jobs without a recent heartbeat
[2018-08-13 16:51:59,966] {models.py:328} DagFileProcessor5 INFO - Failing jobs without heartbeat after 2018-08-13 16:46:59.966135
[2018-08-13 16:51:59,969] {jobs.py:351} DagFileProcessor5 INFO - Processing /home/yurii/Work/airflow/dags/all_done.py took 0.358 seconds
[2018-08-13 17:09:28,547] {jobs.py:343} DagFileProcessor7 INFO - Started process (PID=5297) to work on /home/yurii/Work/airflow/dags/all_done.py
[2018-08-13 17:09:28,549] {jobs.py:1521} DagFileProcessor7 INFO - Processing file /home/yurii/Work/airflow/dags/all_done.py for tasks to queue
[2018-08-13 17:09:28,549] {models.py:167} DagFileProcessor7 INFO - Filling up the DagBag from /home/yurii/Work/airflow/dags/all_done.py
[2018-08-13 17:09:28,618] {jobs.py:354} DagFileProcessor7 ERROR - Got an exception! Propagating...
Traceback (most recent call last):
  File "/home/yurii/Tools/anaconda3/lib/python3.6/site-packages/airflow/jobs.py", line 346, in helper
    pickle_dags)
  File "/home/yurii/Tools/anaconda3/lib/python3.6/site-packages/airflow/utils/db.py", line 53, in wrapper
    result = func(*args, **kwargs)
  File "/home/yurii/Tools/anaconda3/lib/python3.6/site-packages/airflow/jobs.py", line 1526, in process_file
    dagbag = models.DagBag(file_path)
  File "/home/yurii/Tools/anaconda3/lib/python3.6/site-packages/airflow/models.py", line 179, in __init__
    self.collect_dags(example_dag_folder)
  File "/home/yurii/Tools/anaconda3/lib/python3.6/site-packages/airflow/models.py", line 415, in collect_dags
    filepath, only_if_updated=only_if_updated)
  File "/home/yurii/Tools/anaconda3/lib/python3.6/site-packages/airflow/models.py", line 263, in process_file
    m = imp.load_source(mod_name, filepath)
  File "/home/yurii/Tools/anaconda3/lib/python3.6/imp.py", line 172, in load_source
    module = _load(spec)
  File "<frozen importlib._bootstrap>", line 684, in _load
  File "<frozen importlib._bootstrap>", line 665, in _load_unlocked
  File "<frozen importlib._bootstrap_external>", line 678, in exec_module
  File "<frozen importlib._bootstrap>", line 219, in _call_with_frames_removed
  File "/home/yurii/Tools/anaconda3/lib/python3.6/site-packages/airflow/example_dags/example_subdag_operator.py", line 44, in <module>
    subdag=subdag(DAG_NAME, 'section-1', args),
  File "/home/yurii/Tools/anaconda3/lib/python3.6/site-packages/airflow/example_dags/subdags/subdag.py", line 23, in subdag
    schedule_interval="@daily",
  File "/home/yurii/Tools/anaconda3/lib/python3.6/site-packages/airflow/models.py", line 2663, in __init__
    self.fileloc = inspect.getsourcefile(inspect.stack()[1][0])
  File "/home/yurii/Tools/anaconda3/lib/python3.6/inspect.py", line 1494, in stack
    return getouterframes(sys._getframe(1), context)
  File "/home/yurii/Tools/anaconda3/lib/python3.6/inspect.py", line 1471, in getouterframes
    frameinfo = (frame,) + getframeinfo(frame, context)
  File "/home/yurii/Tools/anaconda3/lib/python3.6/inspect.py", line 1441, in getframeinfo
    filename = getsourcefile(frame) or getfile(frame)
  File "/home/yurii/Tools/anaconda3/lib/python3.6/inspect.py", line 696, in getsourcefile
    if getattr(getmodule(object, filename), '__loader__', None) is not None:
  File "/home/yurii/Tools/anaconda3/lib/python3.6/inspect.py", line 734, in getmodule
    f = module.__file__
  File "/home/yurii/Tools/anaconda3/lib/python3.6/site-packages/airflow/bin/cli.py", line 69, in sigint_handler
    sys.exit(0)
SystemExit: 0
