[2018-08-13 15:04:43,892] {jobs.py:343} DagFileProcessor1 INFO - Started process (PID=32118) to work on /home/yurii/Work/airflow/dags/aug_9.py
[2018-08-13 15:04:43,893] {jobs.py:1521} DagFileProcessor1 INFO - Processing file /home/yurii/Work/airflow/dags/aug_9.py for tasks to queue
[2018-08-13 15:04:43,893] {models.py:167} DagFileProcessor1 INFO - Filling up the DagBag from /home/yurii/Work/airflow/dags/aug_9.py
[2018-08-13 15:04:44,145] {jobs.py:1535} DagFileProcessor1 INFO - DAG(s) dict_keys(['example_bash_operator', 'example_subdag_operator', 'example_subdag_operator.section-1', 'example_subdag_operator.section-2', 'example_passing_params_via_test_command', 'latest_only_with_trigger', 'example_xcom', 'example_short_circuit_operator', 'test_utils', 'example_skip_dag', 'example_branch_dop_operator_v3', 'example_trigger_controller_dag', 'tutorial', 'example_http_operator', 'latest_only', 'example_branch_operator', 'example_python_operator', 'example_trigger_target_dag', 'dag_of_the_ninth_august']) retrieved from /home/yurii/Work/airflow/dags/aug_9.py
[2018-08-13 15:04:44,301] {models.py:322} DagFileProcessor1 INFO - Finding 'running' jobs without a recent heartbeat
[2018-08-13 15:04:44,301] {models.py:328} DagFileProcessor1 INFO - Failing jobs without heartbeat after 2018-08-13 14:59:44.301416
[2018-08-13 15:04:44,304] {jobs.py:351} DagFileProcessor1 INFO - Processing /home/yurii/Work/airflow/dags/aug_9.py took 0.412 seconds
[2018-08-13 15:04:49,971] {jobs.py:343} DagFileProcessor12 INFO - Started process (PID=32153) to work on /home/yurii/Work/airflow/dags/aug_9.py
[2018-08-13 15:04:49,973] {jobs.py:1521} DagFileProcessor12 INFO - Processing file /home/yurii/Work/airflow/dags/aug_9.py for tasks to queue
[2018-08-13 15:04:49,973] {models.py:167} DagFileProcessor12 INFO - Filling up the DagBag from /home/yurii/Work/airflow/dags/aug_9.py
[2018-08-13 15:04:50,242] {jobs.py:1535} DagFileProcessor12 INFO - DAG(s) dict_keys(['example_bash_operator', 'example_subdag_operator', 'example_subdag_operator.section-1', 'example_subdag_operator.section-2', 'example_passing_params_via_test_command', 'latest_only_with_trigger', 'example_xcom', 'example_short_circuit_operator', 'test_utils', 'example_skip_dag', 'example_branch_dop_operator_v3', 'example_trigger_controller_dag', 'tutorial', 'example_http_operator', 'latest_only', 'example_branch_operator', 'example_python_operator', 'example_trigger_target_dag', 'dag_of_the_ninth_august']) retrieved from /home/yurii/Work/airflow/dags/aug_9.py
[2018-08-13 15:04:50,599] {models.py:322} DagFileProcessor12 INFO - Finding 'running' jobs without a recent heartbeat
[2018-08-13 15:04:50,600] {models.py:328} DagFileProcessor12 INFO - Failing jobs without heartbeat after 2018-08-13 14:59:50.600276
[2018-08-13 15:04:50,614] {jobs.py:351} DagFileProcessor12 INFO - Processing /home/yurii/Work/airflow/dags/aug_9.py took 0.642 seconds
[2018-08-13 15:04:56,042] {jobs.py:343} DagFileProcessor23 INFO - Started process (PID=32191) to work on /home/yurii/Work/airflow/dags/aug_9.py
[2018-08-13 15:04:56,043] {jobs.py:1521} DagFileProcessor23 INFO - Processing file /home/yurii/Work/airflow/dags/aug_9.py for tasks to queue
[2018-08-13 15:04:56,043] {models.py:167} DagFileProcessor23 INFO - Filling up the DagBag from /home/yurii/Work/airflow/dags/aug_9.py
[2018-08-13 15:04:56,298] {jobs.py:1535} DagFileProcessor23 INFO - DAG(s) dict_keys(['example_bash_operator', 'example_subdag_operator', 'example_subdag_operator.section-1', 'example_subdag_operator.section-2', 'example_passing_params_via_test_command', 'latest_only_with_trigger', 'example_xcom', 'example_short_circuit_operator', 'test_utils', 'example_skip_dag', 'example_branch_dop_operator_v3', 'example_trigger_controller_dag', 'tutorial', 'example_http_operator', 'latest_only', 'example_branch_operator', 'example_python_operator', 'example_trigger_target_dag', 'dag_of_the_ninth_august']) retrieved from /home/yurii/Work/airflow/dags/aug_9.py
[2018-08-13 15:04:56,457] {models.py:322} DagFileProcessor23 INFO - Finding 'running' jobs without a recent heartbeat
[2018-08-13 15:04:56,457] {models.py:328} DagFileProcessor23 INFO - Failing jobs without heartbeat after 2018-08-13 14:59:56.457547
[2018-08-13 15:04:56,461] {jobs.py:351} DagFileProcessor23 INFO - Processing /home/yurii/Work/airflow/dags/aug_9.py took 0.418 seconds
[2018-08-13 15:05:02,121] {jobs.py:343} DagFileProcessor34 INFO - Started process (PID=32249) to work on /home/yurii/Work/airflow/dags/aug_9.py
[2018-08-13 15:05:02,122] {jobs.py:1521} DagFileProcessor34 INFO - Processing file /home/yurii/Work/airflow/dags/aug_9.py for tasks to queue
[2018-08-13 15:05:02,122] {models.py:167} DagFileProcessor34 INFO - Filling up the DagBag from /home/yurii/Work/airflow/dags/aug_9.py
[2018-08-13 15:05:02,373] {jobs.py:1535} DagFileProcessor34 INFO - DAG(s) dict_keys(['example_bash_operator', 'example_subdag_operator', 'example_subdag_operator.section-1', 'example_subdag_operator.section-2', 'example_passing_params_via_test_command', 'latest_only_with_trigger', 'example_xcom', 'example_short_circuit_operator', 'test_utils', 'example_skip_dag', 'example_branch_dop_operator_v3', 'example_trigger_controller_dag', 'tutorial', 'example_http_operator', 'latest_only', 'example_branch_operator', 'example_python_operator', 'example_trigger_target_dag', 'dag_of_the_ninth_august']) retrieved from /home/yurii/Work/airflow/dags/aug_9.py
[2018-08-13 15:05:02,513] {models.py:322} DagFileProcessor34 INFO - Finding 'running' jobs without a recent heartbeat
[2018-08-13 15:05:02,513] {models.py:328} DagFileProcessor34 INFO - Failing jobs without heartbeat after 2018-08-13 15:00:02.513270
[2018-08-13 15:05:02,516] {jobs.py:351} DagFileProcessor34 INFO - Processing /home/yurii/Work/airflow/dags/aug_9.py took 0.395 seconds
[2018-08-13 15:05:08,206] {jobs.py:343} DagFileProcessor45 INFO - Started process (PID=32284) to work on /home/yurii/Work/airflow/dags/aug_9.py
[2018-08-13 15:05:08,208] {jobs.py:1521} DagFileProcessor45 INFO - Processing file /home/yurii/Work/airflow/dags/aug_9.py for tasks to queue
[2018-08-13 15:05:08,208] {models.py:167} DagFileProcessor45 INFO - Filling up the DagBag from /home/yurii/Work/airflow/dags/aug_9.py
[2018-08-13 15:05:08,465] {jobs.py:1535} DagFileProcessor45 INFO - DAG(s) dict_keys(['example_bash_operator', 'example_subdag_operator', 'example_subdag_operator.section-1', 'example_subdag_operator.section-2', 'example_passing_params_via_test_command', 'latest_only_with_trigger', 'example_xcom', 'example_short_circuit_operator', 'test_utils', 'example_skip_dag', 'example_branch_dop_operator_v3', 'example_trigger_controller_dag', 'tutorial', 'example_http_operator', 'latest_only', 'example_branch_operator', 'example_python_operator', 'example_trigger_target_dag', 'dag_of_the_ninth_august']) retrieved from /home/yurii/Work/airflow/dags/aug_9.py
[2018-08-13 15:05:08,576] {models.py:322} DagFileProcessor45 INFO - Finding 'running' jobs without a recent heartbeat
[2018-08-13 15:05:08,576] {models.py:328} DagFileProcessor45 INFO - Failing jobs without heartbeat after 2018-08-13 15:00:08.576760
[2018-08-13 15:05:08,580] {jobs.py:351} DagFileProcessor45 INFO - Processing /home/yurii/Work/airflow/dags/aug_9.py took 0.374 seconds
[2018-08-13 15:05:14,296] {jobs.py:343} DagFileProcessor56 INFO - Started process (PID=32317) to work on /home/yurii/Work/airflow/dags/aug_9.py
[2018-08-13 15:05:14,299] {jobs.py:1521} DagFileProcessor56 INFO - Processing file /home/yurii/Work/airflow/dags/aug_9.py for tasks to queue
[2018-08-13 15:05:14,299] {models.py:167} DagFileProcessor56 INFO - Filling up the DagBag from /home/yurii/Work/airflow/dags/aug_9.py
[2018-08-13 15:05:14,558] {jobs.py:1535} DagFileProcessor56 INFO - DAG(s) dict_keys(['example_bash_operator', 'example_subdag_operator', 'example_subdag_operator.section-1', 'example_subdag_operator.section-2', 'example_passing_params_via_test_command', 'latest_only_with_trigger', 'example_xcom', 'example_short_circuit_operator', 'test_utils', 'example_skip_dag', 'example_branch_dop_operator_v3', 'example_trigger_controller_dag', 'tutorial', 'example_http_operator', 'latest_only', 'example_branch_operator', 'example_python_operator', 'example_trigger_target_dag', 'dag_of_the_ninth_august']) retrieved from /home/yurii/Work/airflow/dags/aug_9.py
[2018-08-13 15:05:14,672] {models.py:322} DagFileProcessor56 INFO - Finding 'running' jobs without a recent heartbeat
[2018-08-13 15:05:14,672] {models.py:328} DagFileProcessor56 INFO - Failing jobs without heartbeat after 2018-08-13 15:00:14.672914
[2018-08-13 15:05:14,676] {jobs.py:351} DagFileProcessor56 INFO - Processing /home/yurii/Work/airflow/dags/aug_9.py took 0.380 seconds
[2018-08-13 15:05:20,380] {jobs.py:343} DagFileProcessor67 INFO - Started process (PID=32374) to work on /home/yurii/Work/airflow/dags/aug_9.py
[2018-08-13 15:05:20,384] {jobs.py:1521} DagFileProcessor67 INFO - Processing file /home/yurii/Work/airflow/dags/aug_9.py for tasks to queue
[2018-08-13 15:05:20,385] {models.py:167} DagFileProcessor67 INFO - Filling up the DagBag from /home/yurii/Work/airflow/dags/aug_9.py
[2018-08-13 15:05:20,724] {jobs.py:1535} DagFileProcessor67 INFO - DAG(s) dict_keys(['example_bash_operator', 'example_subdag_operator', 'example_subdag_operator.section-1', 'example_subdag_operator.section-2', 'example_passing_params_via_test_command', 'latest_only_with_trigger', 'example_xcom', 'example_short_circuit_operator', 'test_utils', 'example_skip_dag', 'example_branch_dop_operator_v3', 'example_trigger_controller_dag', 'tutorial', 'example_http_operator', 'latest_only', 'example_branch_operator', 'example_python_operator', 'example_trigger_target_dag', 'dag_of_the_ninth_august']) retrieved from /home/yurii/Work/airflow/dags/aug_9.py
[2018-08-13 15:05:20,850] {models.py:322} DagFileProcessor67 INFO - Finding 'running' jobs without a recent heartbeat
[2018-08-13 15:05:20,850] {models.py:328} DagFileProcessor67 INFO - Failing jobs without heartbeat after 2018-08-13 15:00:20.850903
[2018-08-13 15:05:20,854] {jobs.py:351} DagFileProcessor67 INFO - Processing /home/yurii/Work/airflow/dags/aug_9.py took 0.474 seconds
[2018-08-13 15:05:26,435] {jobs.py:343} DagFileProcessor78 INFO - Started process (PID=32445) to work on /home/yurii/Work/airflow/dags/aug_9.py
[2018-08-13 15:05:26,436] {jobs.py:1521} DagFileProcessor78 INFO - Processing file /home/yurii/Work/airflow/dags/aug_9.py for tasks to queue
[2018-08-13 15:05:26,436] {models.py:167} DagFileProcessor78 INFO - Filling up the DagBag from /home/yurii/Work/airflow/dags/aug_9.py
[2018-08-13 15:05:26,694] {jobs.py:1535} DagFileProcessor78 INFO - DAG(s) dict_keys(['example_bash_operator', 'example_subdag_operator', 'example_subdag_operator.section-1', 'example_subdag_operator.section-2', 'example_passing_params_via_test_command', 'latest_only_with_trigger', 'example_xcom', 'example_short_circuit_operator', 'test_utils', 'example_skip_dag', 'example_branch_dop_operator_v3', 'example_trigger_controller_dag', 'tutorial', 'example_http_operator', 'latest_only', 'example_branch_operator', 'example_python_operator', 'example_trigger_target_dag', 'dag_of_the_ninth_august']) retrieved from /home/yurii/Work/airflow/dags/aug_9.py
[2018-08-13 15:05:26,807] {models.py:322} DagFileProcessor78 INFO - Finding 'running' jobs without a recent heartbeat
[2018-08-13 15:05:26,808] {models.py:328} DagFileProcessor78 INFO - Failing jobs without heartbeat after 2018-08-13 15:00:26.808099
[2018-08-13 15:05:26,812] {jobs.py:351} DagFileProcessor78 INFO - Processing /home/yurii/Work/airflow/dags/aug_9.py took 0.377 seconds
[2018-08-13 15:05:32,502] {jobs.py:343} DagFileProcessor89 INFO - Started process (PID=32495) to work on /home/yurii/Work/airflow/dags/aug_9.py
[2018-08-13 15:05:32,503] {jobs.py:1521} DagFileProcessor89 INFO - Processing file /home/yurii/Work/airflow/dags/aug_9.py for tasks to queue
[2018-08-13 15:05:32,504] {models.py:167} DagFileProcessor89 INFO - Filling up the DagBag from /home/yurii/Work/airflow/dags/aug_9.py
[2018-08-13 15:05:32,764] {jobs.py:1535} DagFileProcessor89 INFO - DAG(s) dict_keys(['example_bash_operator', 'example_subdag_operator', 'example_subdag_operator.section-1', 'example_subdag_operator.section-2', 'example_passing_params_via_test_command', 'latest_only_with_trigger', 'example_xcom', 'example_short_circuit_operator', 'test_utils', 'example_skip_dag', 'example_branch_dop_operator_v3', 'example_trigger_controller_dag', 'tutorial', 'example_http_operator', 'latest_only', 'example_branch_operator', 'example_python_operator', 'example_trigger_target_dag', 'dag_of_the_ninth_august']) retrieved from /home/yurii/Work/airflow/dags/aug_9.py
[2018-08-13 15:05:32,876] {models.py:322} DagFileProcessor89 INFO - Finding 'running' jobs without a recent heartbeat
[2018-08-13 15:05:32,876] {models.py:328} DagFileProcessor89 INFO - Failing jobs without heartbeat after 2018-08-13 15:00:32.876391
[2018-08-13 15:05:32,879] {jobs.py:351} DagFileProcessor89 INFO - Processing /home/yurii/Work/airflow/dags/aug_9.py took 0.377 seconds
[2018-08-13 15:05:38,589] {jobs.py:343} DagFileProcessor100 INFO - Started process (PID=32560) to work on /home/yurii/Work/airflow/dags/aug_9.py
[2018-08-13 15:05:38,594] {jobs.py:1521} DagFileProcessor100 INFO - Processing file /home/yurii/Work/airflow/dags/aug_9.py for tasks to queue
[2018-08-13 15:05:38,594] {models.py:167} DagFileProcessor100 INFO - Filling up the DagBag from /home/yurii/Work/airflow/dags/aug_9.py
[2018-08-13 15:05:38,864] {jobs.py:1535} DagFileProcessor100 INFO - DAG(s) dict_keys(['example_bash_operator', 'example_subdag_operator', 'example_subdag_operator.section-1', 'example_subdag_operator.section-2', 'example_passing_params_via_test_command', 'latest_only_with_trigger', 'example_xcom', 'example_short_circuit_operator', 'test_utils', 'example_skip_dag', 'example_branch_dop_operator_v3', 'example_trigger_controller_dag', 'tutorial', 'example_http_operator', 'latest_only', 'example_branch_operator', 'example_python_operator', 'example_trigger_target_dag', 'dag_of_the_ninth_august']) retrieved from /home/yurii/Work/airflow/dags/aug_9.py
[2018-08-13 15:05:38,995] {models.py:322} DagFileProcessor100 INFO - Finding 'running' jobs without a recent heartbeat
[2018-08-13 15:05:38,996] {models.py:328} DagFileProcessor100 INFO - Failing jobs without heartbeat after 2018-08-13 15:00:38.996013
[2018-08-13 15:05:39,000] {jobs.py:351} DagFileProcessor100 INFO - Processing /home/yurii/Work/airflow/dags/aug_9.py took 0.411 seconds
[2018-08-13 15:05:44,648] {jobs.py:343} DagFileProcessor111 INFO - Started process (PID=32597) to work on /home/yurii/Work/airflow/dags/aug_9.py
[2018-08-13 15:05:44,650] {jobs.py:1521} DagFileProcessor111 INFO - Processing file /home/yurii/Work/airflow/dags/aug_9.py for tasks to queue
[2018-08-13 15:05:44,650] {models.py:167} DagFileProcessor111 INFO - Filling up the DagBag from /home/yurii/Work/airflow/dags/aug_9.py
[2018-08-13 15:05:44,909] {jobs.py:1535} DagFileProcessor111 INFO - DAG(s) dict_keys(['example_bash_operator', 'example_subdag_operator', 'example_subdag_operator.section-1', 'example_subdag_operator.section-2', 'example_passing_params_via_test_command', 'latest_only_with_trigger', 'example_xcom', 'example_short_circuit_operator', 'test_utils', 'example_skip_dag', 'example_branch_dop_operator_v3', 'example_trigger_controller_dag', 'tutorial', 'example_http_operator', 'latest_only', 'example_branch_operator', 'example_python_operator', 'example_trigger_target_dag', 'dag_of_the_ninth_august']) retrieved from /home/yurii/Work/airflow/dags/aug_9.py
[2018-08-13 15:05:45,018] {models.py:322} DagFileProcessor111 INFO - Finding 'running' jobs without a recent heartbeat
[2018-08-13 15:05:45,019] {models.py:328} DagFileProcessor111 INFO - Failing jobs without heartbeat after 2018-08-13 15:00:45.019086
[2018-08-13 15:05:45,022] {jobs.py:351} DagFileProcessor111 INFO - Processing /home/yurii/Work/airflow/dags/aug_9.py took 0.374 seconds
[2018-08-13 15:23:18,244] {jobs.py:343} DagFileProcessor3 INFO - Started process (PID=1116) to work on /home/yurii/Work/airflow/dags/aug_9.py
[2018-08-13 15:23:18,249] {jobs.py:1521} DagFileProcessor3 INFO - Processing file /home/yurii/Work/airflow/dags/aug_9.py for tasks to queue
[2018-08-13 15:23:18,249] {models.py:167} DagFileProcessor3 INFO - Filling up the DagBag from /home/yurii/Work/airflow/dags/aug_9.py
[2018-08-13 15:23:18,510] {jobs.py:1535} DagFileProcessor3 INFO - DAG(s) dict_keys(['example_bash_operator', 'example_subdag_operator', 'example_subdag_operator.section-1', 'example_subdag_operator.section-2', 'example_passing_params_via_test_command', 'latest_only_with_trigger', 'example_xcom', 'example_short_circuit_operator', 'test_utils', 'example_skip_dag', 'example_branch_dop_operator_v3', 'example_trigger_controller_dag', 'tutorial', 'example_http_operator', 'latest_only', 'example_branch_operator', 'example_python_operator', 'example_trigger_target_dag', 'dag_of_the_ninth_august']) retrieved from /home/yurii/Work/airflow/dags/aug_9.py
[2018-08-13 15:23:18,625] {models.py:322} DagFileProcessor3 INFO - Finding 'running' jobs without a recent heartbeat
[2018-08-13 15:23:18,626] {models.py:328} DagFileProcessor3 INFO - Failing jobs without heartbeat after 2018-08-13 15:18:18.625982
[2018-08-13 15:23:18,628] {jobs.py:351} DagFileProcessor3 INFO - Processing /home/yurii/Work/airflow/dags/aug_9.py took 0.384 seconds
[2018-08-13 16:21:40,561] {jobs.py:343} DagFileProcessor0 INFO - Started process (PID=2818) to work on /home/yurii/Work/airflow/dags/aug_9.py
[2018-08-13 16:21:40,562] {jobs.py:1521} DagFileProcessor0 INFO - Processing file /home/yurii/Work/airflow/dags/aug_9.py for tasks to queue
[2018-08-13 16:21:40,562] {models.py:167} DagFileProcessor0 INFO - Filling up the DagBag from /home/yurii/Work/airflow/dags/aug_9.py
[2018-08-13 16:21:40,817] {jobs.py:1535} DagFileProcessor0 INFO - DAG(s) dict_keys(['example_bash_operator', 'example_subdag_operator', 'example_subdag_operator.section-1', 'example_subdag_operator.section-2', 'example_passing_params_via_test_command', 'latest_only_with_trigger', 'example_xcom', 'example_short_circuit_operator', 'test_utils', 'example_skip_dag', 'example_branch_dop_operator_v3', 'example_trigger_controller_dag', 'tutorial', 'example_http_operator', 'latest_only', 'example_branch_operator', 'example_python_operator', 'example_trigger_target_dag', 'dag_of_the_ninth_august']) retrieved from /home/yurii/Work/airflow/dags/aug_9.py
[2018-08-13 16:21:40,932] {models.py:322} DagFileProcessor0 INFO - Finding 'running' jobs without a recent heartbeat
[2018-08-13 16:21:40,932] {models.py:328} DagFileProcessor0 INFO - Failing jobs without heartbeat after 2018-08-13 16:16:40.932532
[2018-08-13 16:21:40,935] {jobs.py:351} DagFileProcessor0 INFO - Processing /home/yurii/Work/airflow/dags/aug_9.py took 0.374 seconds
[2018-08-13 16:24:52,543] {jobs.py:343} DagFileProcessor0 INFO - Started process (PID=3002) to work on /home/yurii/Work/airflow/dags/aug_9.py
[2018-08-13 16:24:52,544] {jobs.py:1521} DagFileProcessor0 INFO - Processing file /home/yurii/Work/airflow/dags/aug_9.py for tasks to queue
[2018-08-13 16:24:52,544] {models.py:167} DagFileProcessor0 INFO - Filling up the DagBag from /home/yurii/Work/airflow/dags/aug_9.py
[2018-08-13 16:24:52,799] {jobs.py:1535} DagFileProcessor0 INFO - DAG(s) dict_keys(['example_bash_operator', 'example_subdag_operator', 'example_subdag_operator.section-1', 'example_subdag_operator.section-2', 'example_passing_params_via_test_command', 'latest_only_with_trigger', 'example_xcom', 'example_short_circuit_operator', 'test_utils', 'example_skip_dag', 'example_branch_dop_operator_v3', 'example_trigger_controller_dag', 'tutorial', 'example_http_operator', 'latest_only', 'example_branch_operator', 'example_python_operator', 'example_trigger_target_dag', 'dag_of_the_ninth_august']) retrieved from /home/yurii/Work/airflow/dags/aug_9.py
[2018-08-13 16:24:52,943] {models.py:322} DagFileProcessor0 INFO - Finding 'running' jobs without a recent heartbeat
[2018-08-13 16:24:52,943] {models.py:328} DagFileProcessor0 INFO - Failing jobs without heartbeat after 2018-08-13 16:19:52.943501
[2018-08-13 16:24:52,946] {jobs.py:351} DagFileProcessor0 INFO - Processing /home/yurii/Work/airflow/dags/aug_9.py took 0.403 seconds
[2018-08-13 16:25:11,328] {jobs.py:343} DagFileProcessor3 INFO - Started process (PID=3043) to work on /home/yurii/Work/airflow/dags/aug_9.py
[2018-08-13 16:25:11,330] {jobs.py:1521} DagFileProcessor3 INFO - Processing file /home/yurii/Work/airflow/dags/aug_9.py for tasks to queue
[2018-08-13 16:25:11,330] {models.py:167} DagFileProcessor3 INFO - Filling up the DagBag from /home/yurii/Work/airflow/dags/aug_9.py
[2018-08-13 16:25:11,421] {jobs.py:354} DagFileProcessor3 ERROR - Got an exception! Propagating...
Traceback (most recent call last):
  File "/home/yurii/Tools/anaconda3/lib/python3.6/site-packages/airflow/jobs.py", line 346, in helper
    pickle_dags)
  File "/home/yurii/Tools/anaconda3/lib/python3.6/site-packages/airflow/utils/db.py", line 53, in wrapper
    result = func(*args, **kwargs)
  File "/home/yurii/Tools/anaconda3/lib/python3.6/site-packages/airflow/jobs.py", line 1526, in process_file
    dagbag = models.DagBag(file_path)
  File "/home/yurii/Tools/anaconda3/lib/python3.6/site-packages/airflow/models.py", line 179, in __init__
    self.collect_dags(example_dag_folder)
  File "/home/yurii/Tools/anaconda3/lib/python3.6/site-packages/airflow/models.py", line 415, in collect_dags
    filepath, only_if_updated=only_if_updated)
  File "/home/yurii/Tools/anaconda3/lib/python3.6/site-packages/airflow/models.py", line 263, in process_file
    m = imp.load_source(mod_name, filepath)
  File "/home/yurii/Tools/anaconda3/lib/python3.6/imp.py", line 172, in load_source
    module = _load(spec)
  File "<frozen importlib._bootstrap>", line 684, in _load
  File "<frozen importlib._bootstrap>", line 665, in _load_unlocked
  File "<frozen importlib._bootstrap_external>", line 678, in exec_module
  File "<frozen importlib._bootstrap>", line 219, in _call_with_frames_removed
  File "/home/yurii/Tools/anaconda3/lib/python3.6/site-packages/airflow/example_dags/example_passing_params_via_test_command.py", line 26, in <module>
    dagrun_timeout=timedelta(minutes=4)
  File "/home/yurii/Tools/anaconda3/lib/python3.6/site-packages/airflow/models.py", line 2663, in __init__
    self.fileloc = inspect.getsourcefile(inspect.stack()[1][0])
  File "/home/yurii/Tools/anaconda3/lib/python3.6/inspect.py", line 1494, in stack
    return getouterframes(sys._getframe(1), context)
  File "/home/yurii/Tools/anaconda3/lib/python3.6/inspect.py", line 1471, in getouterframes
    frameinfo = (frame,) + getframeinfo(frame, context)
  File "/home/yurii/Tools/anaconda3/lib/python3.6/inspect.py", line 1441, in getframeinfo
    filename = getsourcefile(frame) or getfile(frame)
  File "/home/yurii/Tools/anaconda3/lib/python3.6/inspect.py", line 696, in getsourcefile
    if getattr(getmodule(object, filename), '__loader__', None) is not None:
  File "/home/yurii/Tools/anaconda3/lib/python3.6/inspect.py", line 733, in getmodule
    if ismodule(module) and hasattr(module, '__file__'):
  File "/home/yurii/Tools/anaconda3/lib/python3.6/site-packages/airflow/bin/cli.py", line 69, in sigint_handler
    sys.exit(0)
SystemExit: 0
[2018-08-13 16:51:57,589] {jobs.py:343} DagFileProcessor0 INFO - Started process (PID=3856) to work on /home/yurii/Work/airflow/dags/aug_9.py
[2018-08-13 16:51:57,590] {jobs.py:1521} DagFileProcessor0 INFO - Processing file /home/yurii/Work/airflow/dags/aug_9.py for tasks to queue
[2018-08-13 16:51:57,590] {models.py:167} DagFileProcessor0 INFO - Filling up the DagBag from /home/yurii/Work/airflow/dags/aug_9.py
[2018-08-13 16:51:57,832] {jobs.py:1535} DagFileProcessor0 INFO - DAG(s) dict_keys(['example_bash_operator', 'example_subdag_operator', 'example_subdag_operator.section-1', 'example_subdag_operator.section-2', 'example_passing_params_via_test_command', 'latest_only_with_trigger', 'example_xcom', 'example_short_circuit_operator', 'test_utils', 'example_skip_dag', 'example_branch_dop_operator_v3', 'example_trigger_controller_dag', 'tutorial', 'example_http_operator', 'latest_only', 'example_branch_operator', 'example_python_operator', 'example_trigger_target_dag', 'dag_of_the_ninth_august']) retrieved from /home/yurii/Work/airflow/dags/aug_9.py
[2018-08-13 16:51:57,944] {models.py:322} DagFileProcessor0 INFO - Finding 'running' jobs without a recent heartbeat
[2018-08-13 16:51:57,945] {models.py:328} DagFileProcessor0 INFO - Failing jobs without heartbeat after 2018-08-13 16:46:57.945110
[2018-08-13 16:51:57,948] {jobs.py:351} DagFileProcessor0 INFO - Processing /home/yurii/Work/airflow/dags/aug_9.py took 0.359 seconds
[2018-08-13 17:09:25,520] {jobs.py:343} DagFileProcessor0 INFO - Started process (PID=5278) to work on /home/yurii/Work/airflow/dags/aug_9.py
[2018-08-13 17:09:25,521] {jobs.py:1521} DagFileProcessor0 INFO - Processing file /home/yurii/Work/airflow/dags/aug_9.py for tasks to queue
[2018-08-13 17:09:25,521] {models.py:167} DagFileProcessor0 INFO - Filling up the DagBag from /home/yurii/Work/airflow/dags/aug_9.py
[2018-08-13 17:09:25,770] {jobs.py:1535} DagFileProcessor0 INFO - DAG(s) dict_keys(['example_bash_operator', 'example_subdag_operator', 'example_subdag_operator.section-1', 'example_subdag_operator.section-2', 'example_passing_params_via_test_command', 'latest_only_with_trigger', 'example_xcom', 'example_short_circuit_operator', 'test_utils', 'example_skip_dag', 'example_branch_dop_operator_v3', 'example_trigger_controller_dag', 'tutorial', 'example_http_operator', 'latest_only', 'example_branch_operator', 'example_python_operator', 'example_trigger_target_dag', 'dag_of_the_ninth_august']) retrieved from /home/yurii/Work/airflow/dags/aug_9.py
[2018-08-13 17:09:25,968] {models.py:322} DagFileProcessor0 INFO - Finding 'running' jobs without a recent heartbeat
[2018-08-13 17:09:25,968] {models.py:328} DagFileProcessor0 INFO - Failing jobs without heartbeat after 2018-08-13 17:04:25.968557
[2018-08-13 17:09:25,971] {jobs.py:351} DagFileProcessor0 INFO - Processing /home/yurii/Work/airflow/dags/aug_9.py took 0.451 seconds
[2018-08-13 17:15:30,536] {jobs.py:343} DagFileProcessor5 INFO - Started process (PID=5709) to work on /home/yurii/Work/airflow/dags/aug_9.py
[2018-08-13 17:15:30,538] {jobs.py:1521} DagFileProcessor5 INFO - Processing file /home/yurii/Work/airflow/dags/aug_9.py for tasks to queue
[2018-08-13 17:15:30,539] {models.py:167} DagFileProcessor5 INFO - Filling up the DagBag from /home/yurii/Work/airflow/dags/aug_9.py
[2018-08-13 17:15:30,643] {jobs.py:354} DagFileProcessor5 ERROR - Got an exception! Propagating...
Traceback (most recent call last):
  File "/home/yurii/Tools/anaconda3/lib/python3.6/site-packages/airflow/jobs.py", line 346, in helper
    pickle_dags)
  File "/home/yurii/Tools/anaconda3/lib/python3.6/site-packages/airflow/utils/db.py", line 53, in wrapper
    result = func(*args, **kwargs)
  File "/home/yurii/Tools/anaconda3/lib/python3.6/site-packages/airflow/jobs.py", line 1526, in process_file
    dagbag = models.DagBag(file_path)
  File "/home/yurii/Tools/anaconda3/lib/python3.6/site-packages/airflow/models.py", line 179, in __init__
    self.collect_dags(example_dag_folder)
  File "/home/yurii/Tools/anaconda3/lib/python3.6/site-packages/airflow/models.py", line 415, in collect_dags
    filepath, only_if_updated=only_if_updated)
  File "/home/yurii/Tools/anaconda3/lib/python3.6/site-packages/airflow/models.py", line 263, in process_file
    m = imp.load_source(mod_name, filepath)
  File "/home/yurii/Tools/anaconda3/lib/python3.6/imp.py", line 172, in load_source
    module = _load(spec)
  File "<frozen importlib._bootstrap>", line 684, in _load
  File "<frozen importlib._bootstrap>", line 665, in _load_unlocked
  File "<frozen importlib._bootstrap_external>", line 678, in exec_module
  File "<frozen importlib._bootstrap>", line 219, in _call_with_frames_removed
  File "/home/yurii/Tools/anaconda3/lib/python3.6/site-packages/airflow/example_dags/example_latest_only_with_trigger.py", line 28, in <module>
    start_date=airflow.utils.dates.days_ago(2),
  File "/home/yurii/Tools/anaconda3/lib/python3.6/site-packages/airflow/models.py", line 2663, in __init__
    self.fileloc = inspect.getsourcefile(inspect.stack()[1][0])
  File "/home/yurii/Tools/anaconda3/lib/python3.6/inspect.py", line 1494, in stack
    return getouterframes(sys._getframe(1), context)
  File "/home/yurii/Tools/anaconda3/lib/python3.6/inspect.py", line 1471, in getouterframes
    frameinfo = (frame,) + getframeinfo(frame, context)
  File "/home/yurii/Tools/anaconda3/lib/python3.6/inspect.py", line 1441, in getframeinfo
    filename = getsourcefile(frame) or getfile(frame)
  File "/home/yurii/Tools/anaconda3/lib/python3.6/inspect.py", line 693, in getsourcefile
    if os.path.exists(filename):
  File "/home/yurii/Tools/anaconda3/lib/python3.6/genericpath.py", line 19, in exists
    os.stat(path)
  File "/home/yurii/Tools/anaconda3/lib/python3.6/site-packages/airflow/bin/cli.py", line 69, in sigint_handler
    sys.exit(0)
SystemExit: 0
[2018-08-13 17:19:11,242] {jobs.py:343} DagFileProcessor2 INFO - Started process (PID=5991) to work on /home/yurii/Work/airflow/dags/aug_9.py
[2018-08-13 17:19:11,243] {jobs.py:1521} DagFileProcessor2 INFO - Processing file /home/yurii/Work/airflow/dags/aug_9.py for tasks to queue
[2018-08-13 17:19:11,243] {models.py:167} DagFileProcessor2 INFO - Filling up the DagBag from /home/yurii/Work/airflow/dags/aug_9.py
[2018-08-13 17:19:11,491] {jobs.py:1535} DagFileProcessor2 INFO - DAG(s) dict_keys(['example_bash_operator', 'example_subdag_operator', 'example_subdag_operator.section-1', 'example_subdag_operator.section-2', 'example_passing_params_via_test_command', 'latest_only_with_trigger', 'example_xcom', 'example_short_circuit_operator', 'test_utils', 'example_skip_dag', 'example_branch_dop_operator_v3', 'example_trigger_controller_dag', 'tutorial', 'example_http_operator', 'latest_only', 'example_branch_operator', 'example_python_operator', 'example_trigger_target_dag', 'dag_of_the_ninth_august']) retrieved from /home/yurii/Work/airflow/dags/aug_9.py
[2018-08-13 17:19:11,606] {models.py:322} DagFileProcessor2 INFO - Finding 'running' jobs without a recent heartbeat
[2018-08-13 17:19:11,606] {models.py:328} DagFileProcessor2 INFO - Failing jobs without heartbeat after 2018-08-13 17:14:11.606568
[2018-08-13 17:19:11,609] {jobs.py:351} DagFileProcessor2 INFO - Processing /home/yurii/Work/airflow/dags/aug_9.py took 0.367 seconds
