[2018-08-13 15:04:44,914] {jobs.py:343} DagFileProcessor3 INFO - Started process (PID=32124) to work on /home/yurii/Work/airflow/dags/example.py
[2018-08-13 15:04:44,915] {jobs.py:1521} DagFileProcessor3 INFO - Processing file /home/yurii/Work/airflow/dags/example.py for tasks to queue
[2018-08-13 15:04:44,915] {models.py:167} DagFileProcessor3 INFO - Filling up the DagBag from /home/yurii/Work/airflow/dags/example.py
[2018-08-13 15:04:45,166] {jobs.py:1535} DagFileProcessor3 INFO - DAG(s) dict_keys(['example_bash_operator', 'example_subdag_operator', 'example_subdag_operator.section-1', 'example_subdag_operator.section-2', 'example_passing_params_via_test_command', 'latest_only_with_trigger', 'example_xcom', 'example_short_circuit_operator', 'test_utils', 'example_skip_dag', 'example_branch_dop_operator_v3', 'example_trigger_controller_dag', 'tutorial', 'example_http_operator', 'latest_only', 'example_branch_operator', 'example_python_operator', 'example_trigger_target_dag']) retrieved from /home/yurii/Work/airflow/dags/example.py
[2018-08-13 15:04:45,270] {models.py:322} DagFileProcessor3 INFO - Finding 'running' jobs without a recent heartbeat
[2018-08-13 15:04:45,270] {models.py:328} DagFileProcessor3 INFO - Failing jobs without heartbeat after 2018-08-13 14:59:45.270891
[2018-08-13 15:04:45,274] {jobs.py:351} DagFileProcessor3 INFO - Processing /home/yurii/Work/airflow/dags/example.py took 0.359 seconds
[2018-08-13 15:04:50,992] {jobs.py:343} DagFileProcessor14 INFO - Started process (PID=32161) to work on /home/yurii/Work/airflow/dags/example.py
[2018-08-13 15:04:50,997] {jobs.py:1521} DagFileProcessor14 INFO - Processing file /home/yurii/Work/airflow/dags/example.py for tasks to queue
[2018-08-13 15:04:50,997] {models.py:167} DagFileProcessor14 INFO - Filling up the DagBag from /home/yurii/Work/airflow/dags/example.py
[2018-08-13 15:04:51,265] {jobs.py:1535} DagFileProcessor14 INFO - DAG(s) dict_keys(['example_bash_operator', 'example_subdag_operator', 'example_subdag_operator.section-1', 'example_subdag_operator.section-2', 'example_passing_params_via_test_command', 'latest_only_with_trigger', 'example_xcom', 'example_short_circuit_operator', 'test_utils', 'example_skip_dag', 'example_branch_dop_operator_v3', 'example_trigger_controller_dag', 'tutorial', 'example_http_operator', 'latest_only', 'example_branch_operator', 'example_python_operator', 'example_trigger_target_dag']) retrieved from /home/yurii/Work/airflow/dags/example.py
[2018-08-13 15:04:51,422] {models.py:322} DagFileProcessor14 INFO - Finding 'running' jobs without a recent heartbeat
[2018-08-13 15:04:51,422] {models.py:328} DagFileProcessor14 INFO - Failing jobs without heartbeat after 2018-08-13 14:59:51.422412
[2018-08-13 15:04:51,430] {jobs.py:351} DagFileProcessor14 INFO - Processing /home/yurii/Work/airflow/dags/example.py took 0.438 seconds
[2018-08-13 15:04:57,063] {jobs.py:343} DagFileProcessor25 INFO - Started process (PID=32197) to work on /home/yurii/Work/airflow/dags/example.py
[2018-08-13 15:04:57,066] {jobs.py:1521} DagFileProcessor25 INFO - Processing file /home/yurii/Work/airflow/dags/example.py for tasks to queue
[2018-08-13 15:04:57,067] {models.py:167} DagFileProcessor25 INFO - Filling up the DagBag from /home/yurii/Work/airflow/dags/example.py
[2018-08-13 15:04:57,340] {jobs.py:1535} DagFileProcessor25 INFO - DAG(s) dict_keys(['example_bash_operator', 'example_subdag_operator', 'example_subdag_operator.section-1', 'example_subdag_operator.section-2', 'example_passing_params_via_test_command', 'latest_only_with_trigger', 'example_xcom', 'example_short_circuit_operator', 'test_utils', 'example_skip_dag', 'example_branch_dop_operator_v3', 'example_trigger_controller_dag', 'tutorial', 'example_http_operator', 'latest_only', 'example_branch_operator', 'example_python_operator', 'example_trigger_target_dag']) retrieved from /home/yurii/Work/airflow/dags/example.py
[2018-08-13 15:04:57,497] {models.py:322} DagFileProcessor25 INFO - Finding 'running' jobs without a recent heartbeat
[2018-08-13 15:04:57,497] {models.py:328} DagFileProcessor25 INFO - Failing jobs without heartbeat after 2018-08-13 14:59:57.497927
[2018-08-13 15:04:57,501] {jobs.py:351} DagFileProcessor25 INFO - Processing /home/yurii/Work/airflow/dags/example.py took 0.438 seconds
[2018-08-13 15:05:03,141] {jobs.py:343} DagFileProcessor36 INFO - Started process (PID=32255) to work on /home/yurii/Work/airflow/dags/example.py
[2018-08-13 15:05:03,145] {jobs.py:1521} DagFileProcessor36 INFO - Processing file /home/yurii/Work/airflow/dags/example.py for tasks to queue
[2018-08-13 15:05:03,146] {models.py:167} DagFileProcessor36 INFO - Filling up the DagBag from /home/yurii/Work/airflow/dags/example.py
[2018-08-13 15:05:03,420] {jobs.py:1535} DagFileProcessor36 INFO - DAG(s) dict_keys(['example_bash_operator', 'example_subdag_operator', 'example_subdag_operator.section-1', 'example_subdag_operator.section-2', 'example_passing_params_via_test_command', 'latest_only_with_trigger', 'example_xcom', 'example_short_circuit_operator', 'test_utils', 'example_skip_dag', 'example_branch_dop_operator_v3', 'example_trigger_controller_dag', 'tutorial', 'example_http_operator', 'latest_only', 'example_branch_operator', 'example_python_operator', 'example_trigger_target_dag']) retrieved from /home/yurii/Work/airflow/dags/example.py
[2018-08-13 15:05:03,557] {models.py:322} DagFileProcessor36 INFO - Finding 'running' jobs without a recent heartbeat
[2018-08-13 15:05:03,557] {models.py:328} DagFileProcessor36 INFO - Failing jobs without heartbeat after 2018-08-13 15:00:03.557164
[2018-08-13 15:05:03,560] {jobs.py:351} DagFileProcessor36 INFO - Processing /home/yurii/Work/airflow/dags/example.py took 0.419 seconds
[2018-08-13 15:05:09,219] {jobs.py:343} DagFileProcessor47 INFO - Started process (PID=32290) to work on /home/yurii/Work/airflow/dags/example.py
[2018-08-13 15:05:09,220] {jobs.py:1521} DagFileProcessor47 INFO - Processing file /home/yurii/Work/airflow/dags/example.py for tasks to queue
[2018-08-13 15:05:09,220] {models.py:167} DagFileProcessor47 INFO - Filling up the DagBag from /home/yurii/Work/airflow/dags/example.py
[2018-08-13 15:05:09,473] {jobs.py:1535} DagFileProcessor47 INFO - DAG(s) dict_keys(['example_bash_operator', 'example_subdag_operator', 'example_subdag_operator.section-1', 'example_subdag_operator.section-2', 'example_passing_params_via_test_command', 'latest_only_with_trigger', 'example_xcom', 'example_short_circuit_operator', 'test_utils', 'example_skip_dag', 'example_branch_dop_operator_v3', 'example_trigger_controller_dag', 'tutorial', 'example_http_operator', 'latest_only', 'example_branch_operator', 'example_python_operator', 'example_trigger_target_dag']) retrieved from /home/yurii/Work/airflow/dags/example.py
[2018-08-13 15:05:09,576] {models.py:322} DagFileProcessor47 INFO - Finding 'running' jobs without a recent heartbeat
[2018-08-13 15:05:09,576] {models.py:328} DagFileProcessor47 INFO - Failing jobs without heartbeat after 2018-08-13 15:00:09.576885
[2018-08-13 15:05:09,580] {jobs.py:351} DagFileProcessor47 INFO - Processing /home/yurii/Work/airflow/dags/example.py took 0.361 seconds
[2018-08-13 15:05:15,327] {jobs.py:343} DagFileProcessor58 INFO - Started process (PID=32323) to work on /home/yurii/Work/airflow/dags/example.py
[2018-08-13 15:05:15,328] {jobs.py:1521} DagFileProcessor58 INFO - Processing file /home/yurii/Work/airflow/dags/example.py for tasks to queue
[2018-08-13 15:05:15,328] {models.py:167} DagFileProcessor58 INFO - Filling up the DagBag from /home/yurii/Work/airflow/dags/example.py
[2018-08-13 15:05:15,598] {jobs.py:1535} DagFileProcessor58 INFO - DAG(s) dict_keys(['example_bash_operator', 'example_subdag_operator', 'example_subdag_operator.section-1', 'example_subdag_operator.section-2', 'example_passing_params_via_test_command', 'latest_only_with_trigger', 'example_xcom', 'example_short_circuit_operator', 'test_utils', 'example_skip_dag', 'example_branch_dop_operator_v3', 'example_trigger_controller_dag', 'tutorial', 'example_http_operator', 'latest_only', 'example_branch_operator', 'example_python_operator', 'example_trigger_target_dag']) retrieved from /home/yurii/Work/airflow/dags/example.py
[2018-08-13 15:05:15,714] {models.py:322} DagFileProcessor58 INFO - Finding 'running' jobs without a recent heartbeat
[2018-08-13 15:05:15,715] {models.py:328} DagFileProcessor58 INFO - Failing jobs without heartbeat after 2018-08-13 15:00:15.715081
[2018-08-13 15:05:15,719] {jobs.py:351} DagFileProcessor58 INFO - Processing /home/yurii/Work/airflow/dags/example.py took 0.392 seconds
[2018-08-13 15:05:21,377] {jobs.py:343} DagFileProcessor69 INFO - Started process (PID=32401) to work on /home/yurii/Work/airflow/dags/example.py
[2018-08-13 15:05:21,379] {jobs.py:1521} DagFileProcessor69 INFO - Processing file /home/yurii/Work/airflow/dags/example.py for tasks to queue
[2018-08-13 15:05:21,379] {models.py:167} DagFileProcessor69 INFO - Filling up the DagBag from /home/yurii/Work/airflow/dags/example.py
[2018-08-13 15:05:21,688] {jobs.py:1535} DagFileProcessor69 INFO - DAG(s) dict_keys(['example_bash_operator', 'example_subdag_operator', 'example_subdag_operator.section-1', 'example_subdag_operator.section-2', 'example_passing_params_via_test_command', 'latest_only_with_trigger', 'example_xcom', 'example_short_circuit_operator', 'test_utils', 'example_skip_dag', 'example_branch_dop_operator_v3', 'example_trigger_controller_dag', 'tutorial', 'example_http_operator', 'latest_only', 'example_branch_operator', 'example_python_operator', 'example_trigger_target_dag']) retrieved from /home/yurii/Work/airflow/dags/example.py
[2018-08-13 15:05:21,800] {models.py:322} DagFileProcessor69 INFO - Finding 'running' jobs without a recent heartbeat
[2018-08-13 15:05:21,800] {models.py:328} DagFileProcessor69 INFO - Failing jobs without heartbeat after 2018-08-13 15:00:21.800214
[2018-08-13 15:05:21,804] {jobs.py:351} DagFileProcessor69 INFO - Processing /home/yurii/Work/airflow/dags/example.py took 0.426 seconds
[2018-08-13 15:05:27,458] {jobs.py:343} DagFileProcessor80 INFO - Started process (PID=32451) to work on /home/yurii/Work/airflow/dags/example.py
[2018-08-13 15:05:27,462] {jobs.py:1521} DagFileProcessor80 INFO - Processing file /home/yurii/Work/airflow/dags/example.py for tasks to queue
[2018-08-13 15:05:27,462] {models.py:167} DagFileProcessor80 INFO - Filling up the DagBag from /home/yurii/Work/airflow/dags/example.py
[2018-08-13 15:05:27,732] {jobs.py:1535} DagFileProcessor80 INFO - DAG(s) dict_keys(['example_bash_operator', 'example_subdag_operator', 'example_subdag_operator.section-1', 'example_subdag_operator.section-2', 'example_passing_params_via_test_command', 'latest_only_with_trigger', 'example_xcom', 'example_short_circuit_operator', 'test_utils', 'example_skip_dag', 'example_branch_dop_operator_v3', 'example_trigger_controller_dag', 'tutorial', 'example_http_operator', 'latest_only', 'example_branch_operator', 'example_python_operator', 'example_trigger_target_dag']) retrieved from /home/yurii/Work/airflow/dags/example.py
[2018-08-13 15:05:27,839] {models.py:322} DagFileProcessor80 INFO - Finding 'running' jobs without a recent heartbeat
[2018-08-13 15:05:27,839] {models.py:328} DagFileProcessor80 INFO - Failing jobs without heartbeat after 2018-08-13 15:00:27.839491
[2018-08-13 15:05:27,842] {jobs.py:351} DagFileProcessor80 INFO - Processing /home/yurii/Work/airflow/dags/example.py took 0.385 seconds
[2018-08-13 15:05:33,517] {jobs.py:343} DagFileProcessor91 INFO - Started process (PID=32502) to work on /home/yurii/Work/airflow/dags/example.py
[2018-08-13 15:05:33,519] {jobs.py:1521} DagFileProcessor91 INFO - Processing file /home/yurii/Work/airflow/dags/example.py for tasks to queue
[2018-08-13 15:05:33,519] {models.py:167} DagFileProcessor91 INFO - Filling up the DagBag from /home/yurii/Work/airflow/dags/example.py
[2018-08-13 15:05:33,793] {jobs.py:1535} DagFileProcessor91 INFO - DAG(s) dict_keys(['example_bash_operator', 'example_subdag_operator', 'example_subdag_operator.section-1', 'example_subdag_operator.section-2', 'example_passing_params_via_test_command', 'latest_only_with_trigger', 'example_xcom', 'example_short_circuit_operator', 'test_utils', 'example_skip_dag', 'example_branch_dop_operator_v3', 'example_trigger_controller_dag', 'tutorial', 'example_http_operator', 'latest_only', 'example_branch_operator', 'example_python_operator', 'example_trigger_target_dag']) retrieved from /home/yurii/Work/airflow/dags/example.py
[2018-08-13 15:05:33,902] {models.py:322} DagFileProcessor91 INFO - Finding 'running' jobs without a recent heartbeat
[2018-08-13 15:05:33,903] {models.py:328} DagFileProcessor91 INFO - Failing jobs without heartbeat after 2018-08-13 15:00:33.903056
[2018-08-13 15:05:33,906] {jobs.py:351} DagFileProcessor91 INFO - Processing /home/yurii/Work/airflow/dags/example.py took 0.389 seconds
[2018-08-13 15:05:39,591] {jobs.py:343} DagFileProcessor102 INFO - Started process (PID=32567) to work on /home/yurii/Work/airflow/dags/example.py
[2018-08-13 15:05:39,596] {jobs.py:1521} DagFileProcessor102 INFO - Processing file /home/yurii/Work/airflow/dags/example.py for tasks to queue
[2018-08-13 15:05:39,596] {models.py:167} DagFileProcessor102 INFO - Filling up the DagBag from /home/yurii/Work/airflow/dags/example.py
[2018-08-13 15:05:39,890] {jobs.py:1535} DagFileProcessor102 INFO - DAG(s) dict_keys(['example_bash_operator', 'example_subdag_operator', 'example_subdag_operator.section-1', 'example_subdag_operator.section-2', 'example_passing_params_via_test_command', 'latest_only_with_trigger', 'example_xcom', 'example_short_circuit_operator', 'test_utils', 'example_skip_dag', 'example_branch_dop_operator_v3', 'example_trigger_controller_dag', 'tutorial', 'example_http_operator', 'latest_only', 'example_branch_operator', 'example_python_operator', 'example_trigger_target_dag']) retrieved from /home/yurii/Work/airflow/dags/example.py
[2018-08-13 15:05:40,017] {models.py:322} DagFileProcessor102 INFO - Finding 'running' jobs without a recent heartbeat
[2018-08-13 15:05:40,017] {models.py:328} DagFileProcessor102 INFO - Failing jobs without heartbeat after 2018-08-13 15:00:40.017622
[2018-08-13 15:05:40,021] {jobs.py:351} DagFileProcessor102 INFO - Processing /home/yurii/Work/airflow/dags/example.py took 0.430 seconds
[2018-08-13 15:05:45,683] {jobs.py:343} DagFileProcessor113 INFO - Started process (PID=32603) to work on /home/yurii/Work/airflow/dags/example.py
[2018-08-13 15:05:45,686] {jobs.py:1521} DagFileProcessor113 INFO - Processing file /home/yurii/Work/airflow/dags/example.py for tasks to queue
[2018-08-13 15:05:45,686] {models.py:167} DagFileProcessor113 INFO - Filling up the DagBag from /home/yurii/Work/airflow/dags/example.py
[2018-08-13 15:05:45,980] {jobs.py:1535} DagFileProcessor113 INFO - DAG(s) dict_keys(['example_bash_operator', 'example_subdag_operator', 'example_subdag_operator.section-1', 'example_subdag_operator.section-2', 'example_passing_params_via_test_command', 'latest_only_with_trigger', 'example_xcom', 'example_short_circuit_operator', 'test_utils', 'example_skip_dag', 'example_branch_dop_operator_v3', 'example_trigger_controller_dag', 'tutorial', 'example_http_operator', 'latest_only', 'example_branch_operator', 'example_python_operator', 'example_trigger_target_dag']) retrieved from /home/yurii/Work/airflow/dags/example.py
[2018-08-13 15:05:46,101] {models.py:322} DagFileProcessor113 INFO - Finding 'running' jobs without a recent heartbeat
[2018-08-13 15:05:46,101] {models.py:328} DagFileProcessor113 INFO - Failing jobs without heartbeat after 2018-08-13 15:00:46.101840
[2018-08-13 15:05:46,105] {jobs.py:351} DagFileProcessor113 INFO - Processing /home/yurii/Work/airflow/dags/example.py took 0.422 seconds
[2018-08-13 16:21:40,563] {jobs.py:343} DagFileProcessor1 INFO - Started process (PID=2819) to work on /home/yurii/Work/airflow/dags/example.py
[2018-08-13 16:21:40,564] {jobs.py:1521} DagFileProcessor1 INFO - Processing file /home/yurii/Work/airflow/dags/example.py for tasks to queue
[2018-08-13 16:21:40,564] {models.py:167} DagFileProcessor1 INFO - Filling up the DagBag from /home/yurii/Work/airflow/dags/example.py
[2018-08-13 16:21:40,819] {jobs.py:1535} DagFileProcessor1 INFO - DAG(s) dict_keys(['example_bash_operator', 'example_subdag_operator', 'example_subdag_operator.section-1', 'example_subdag_operator.section-2', 'example_passing_params_via_test_command', 'latest_only_with_trigger', 'example_xcom', 'example_short_circuit_operator', 'test_utils', 'example_skip_dag', 'example_branch_dop_operator_v3', 'example_trigger_controller_dag', 'tutorial', 'example_http_operator', 'latest_only', 'example_branch_operator', 'example_python_operator', 'example_trigger_target_dag']) retrieved from /home/yurii/Work/airflow/dags/example.py
[2018-08-13 16:21:40,923] {models.py:322} DagFileProcessor1 INFO - Finding 'running' jobs without a recent heartbeat
[2018-08-13 16:21:40,923] {models.py:328} DagFileProcessor1 INFO - Failing jobs without heartbeat after 2018-08-13 16:16:40.923980
[2018-08-13 16:21:40,926] {jobs.py:351} DagFileProcessor1 INFO - Processing /home/yurii/Work/airflow/dags/example.py took 0.363 seconds
[2018-08-13 16:25:10,316] {jobs.py:343} DagFileProcessor0 INFO - Started process (PID=3034) to work on /home/yurii/Work/airflow/dags/example.py
[2018-08-13 16:25:10,317] {jobs.py:1521} DagFileProcessor0 INFO - Processing file /home/yurii/Work/airflow/dags/example.py for tasks to queue
[2018-08-13 16:25:10,317] {models.py:167} DagFileProcessor0 INFO - Filling up the DagBag from /home/yurii/Work/airflow/dags/example.py
[2018-08-13 16:25:10,575] {jobs.py:1535} DagFileProcessor0 INFO - DAG(s) dict_keys(['example_bash_operator', 'example_subdag_operator', 'example_subdag_operator.section-1', 'example_subdag_operator.section-2', 'example_passing_params_via_test_command', 'latest_only_with_trigger', 'example_xcom', 'example_short_circuit_operator', 'test_utils', 'example_skip_dag', 'example_branch_dop_operator_v3', 'example_trigger_controller_dag', 'tutorial', 'example_http_operator', 'latest_only', 'example_branch_operator', 'example_python_operator', 'example_trigger_target_dag']) retrieved from /home/yurii/Work/airflow/dags/example.py
[2018-08-13 16:25:10,689] {models.py:322} DagFileProcessor0 INFO - Finding 'running' jobs without a recent heartbeat
[2018-08-13 16:25:10,689] {models.py:328} DagFileProcessor0 INFO - Failing jobs without heartbeat after 2018-08-13 16:20:10.689235
[2018-08-13 16:25:10,692] {jobs.py:351} DagFileProcessor0 INFO - Processing /home/yurii/Work/airflow/dags/example.py took 0.376 seconds
[2018-08-13 16:40:36,431] {jobs.py:343} DagFileProcessor0 INFO - Started process (PID=3262) to work on /home/yurii/Work/airflow/dags/example.py
[2018-08-13 16:40:36,432] {jobs.py:1521} DagFileProcessor0 INFO - Processing file /home/yurii/Work/airflow/dags/example.py for tasks to queue
[2018-08-13 16:40:36,433] {models.py:167} DagFileProcessor0 INFO - Filling up the DagBag from /home/yurii/Work/airflow/dags/example.py
[2018-08-13 16:40:36,687] {jobs.py:1535} DagFileProcessor0 INFO - DAG(s) dict_keys(['example_bash_operator', 'example_subdag_operator', 'example_subdag_operator.section-1', 'example_subdag_operator.section-2', 'example_passing_params_via_test_command', 'latest_only_with_trigger', 'example_xcom', 'example_short_circuit_operator', 'test_utils', 'example_skip_dag', 'example_branch_dop_operator_v3', 'example_trigger_controller_dag', 'tutorial', 'example_http_operator', 'latest_only', 'example_branch_operator', 'example_python_operator', 'example_trigger_target_dag']) retrieved from /home/yurii/Work/airflow/dags/example.py
[2018-08-13 16:40:36,794] {models.py:322} DagFileProcessor0 INFO - Finding 'running' jobs without a recent heartbeat
[2018-08-13 16:40:36,795] {models.py:328} DagFileProcessor0 INFO - Failing jobs without heartbeat after 2018-08-13 16:35:36.795050
[2018-08-13 16:40:36,797] {jobs.py:351} DagFileProcessor0 INFO - Processing /home/yurii/Work/airflow/dags/example.py took 0.366 seconds
[2018-08-13 16:52:00,618] {jobs.py:343} DagFileProcessor7 INFO - Started process (PID=3876) to work on /home/yurii/Work/airflow/dags/example.py
[2018-08-13 16:52:00,620] {jobs.py:1521} DagFileProcessor7 INFO - Processing file /home/yurii/Work/airflow/dags/example.py for tasks to queue
[2018-08-13 16:52:00,620] {models.py:167} DagFileProcessor7 INFO - Filling up the DagBag from /home/yurii/Work/airflow/dags/example.py
[2018-08-13 16:52:00,861] {jobs.py:1535} DagFileProcessor7 INFO - DAG(s) dict_keys(['example_bash_operator', 'example_subdag_operator', 'example_subdag_operator.section-1', 'example_subdag_operator.section-2', 'example_passing_params_via_test_command', 'latest_only_with_trigger', 'example_xcom', 'example_short_circuit_operator', 'test_utils', 'example_skip_dag', 'example_branch_dop_operator_v3', 'example_trigger_controller_dag', 'tutorial', 'example_http_operator', 'latest_only', 'example_branch_operator', 'example_python_operator', 'example_trigger_target_dag']) retrieved from /home/yurii/Work/airflow/dags/example.py
[2018-08-13 16:52:01,010] {models.py:322} DagFileProcessor7 INFO - Finding 'running' jobs without a recent heartbeat
[2018-08-13 16:52:01,010] {models.py:328} DagFileProcessor7 INFO - Failing jobs without heartbeat after 2018-08-13 16:47:01.010756
[2018-08-13 16:52:01,013] {jobs.py:351} DagFileProcessor7 INFO - Processing /home/yurii/Work/airflow/dags/example.py took 0.395 seconds
[2018-08-13 17:19:13,262] {jobs.py:343} DagFileProcessor7 INFO - Started process (PID=6004) to work on /home/yurii/Work/airflow/dags/example.py
[2018-08-13 17:19:13,263] {jobs.py:1521} DagFileProcessor7 INFO - Processing file /home/yurii/Work/airflow/dags/example.py for tasks to queue
[2018-08-13 17:19:13,263] {models.py:167} DagFileProcessor7 INFO - Filling up the DagBag from /home/yurii/Work/airflow/dags/example.py
[2018-08-13 17:19:13,379] {jobs.py:354} DagFileProcessor7 ERROR - Got an exception! Propagating...
Traceback (most recent call last):
  File "/home/yurii/Tools/anaconda3/lib/python3.6/site-packages/airflow/jobs.py", line 346, in helper
    pickle_dags)
  File "/home/yurii/Tools/anaconda3/lib/python3.6/site-packages/airflow/utils/db.py", line 53, in wrapper
    result = func(*args, **kwargs)
  File "/home/yurii/Tools/anaconda3/lib/python3.6/site-packages/airflow/jobs.py", line 1526, in process_file
    dagbag = models.DagBag(file_path)
  File "/home/yurii/Tools/anaconda3/lib/python3.6/site-packages/airflow/models.py", line 179, in __init__
    self.collect_dags(example_dag_folder)
  File "/home/yurii/Tools/anaconda3/lib/python3.6/site-packages/airflow/models.py", line 415, in collect_dags
    filepath, only_if_updated=only_if_updated)
  File "/home/yurii/Tools/anaconda3/lib/python3.6/site-packages/airflow/models.py", line 263, in process_file
    m = imp.load_source(mod_name, filepath)
  File "/home/yurii/Tools/anaconda3/lib/python3.6/imp.py", line 172, in load_source
    module = _load(spec)
  File "<frozen importlib._bootstrap>", line 684, in _load
  File "<frozen importlib._bootstrap>", line 665, in _load_unlocked
  File "<frozen importlib._bootstrap_external>", line 678, in exec_module
  File "<frozen importlib._bootstrap>", line 219, in _call_with_frames_removed
  File "/home/yurii/Tools/anaconda3/lib/python3.6/site-packages/airflow/example_dags/example_short_circuit_operator.py", line 26, in <module>
    dag = DAG(dag_id='example_short_circuit_operator', default_args=args)
  File "/home/yurii/Tools/anaconda3/lib/python3.6/site-packages/airflow/models.py", line 2663, in __init__
    self.fileloc = inspect.getsourcefile(inspect.stack()[1][0])
  File "/home/yurii/Tools/anaconda3/lib/python3.6/inspect.py", line 1494, in stack
    return getouterframes(sys._getframe(1), context)
  File "/home/yurii/Tools/anaconda3/lib/python3.6/inspect.py", line 1471, in getouterframes
    frameinfo = (frame,) + getframeinfo(frame, context)
  File "/home/yurii/Tools/anaconda3/lib/python3.6/inspect.py", line 1445, in getframeinfo
    lines, lnum = findsource(frame)
  File "/home/yurii/Tools/anaconda3/lib/python3.6/inspect.py", line 780, in findsource
    module = getmodule(object, file)
  File "/home/yurii/Tools/anaconda3/lib/python3.6/inspect.py", line 735, in getmodule
    if f == _filesbymodname.get(modname, None):
  File "/home/yurii/Tools/anaconda3/lib/python3.6/site-packages/airflow/bin/cli.py", line 69, in sigint_handler
    sys.exit(0)
SystemExit: 0
