[2018-08-13 15:04:43,891] {jobs.py:343} DagFileProcessor0 INFO - Started process (PID=32117) to work on /home/yurii/Work/airflow/dags/friday_1940.py
[2018-08-13 15:04:43,893] {jobs.py:1521} DagFileProcessor0 INFO - Processing file /home/yurii/Work/airflow/dags/friday_1940.py for tasks to queue
[2018-08-13 15:04:43,893] {models.py:167} DagFileProcessor0 INFO - Filling up the DagBag from /home/yurii/Work/airflow/dags/friday_1940.py
[2018-08-13 15:04:44,145] {jobs.py:1535} DagFileProcessor0 INFO - DAG(s) dict_keys(['example_bash_operator', 'example_subdag_operator', 'example_subdag_operator.section-1', 'example_subdag_operator.section-2', 'example_passing_params_via_test_command', 'latest_only_with_trigger', 'example_xcom', 'example_short_circuit_operator', 'test_utils', 'example_skip_dag', 'example_branch_dop_operator_v3', 'example_trigger_controller_dag', 'tutorial', 'example_http_operator', 'latest_only', 'example_branch_operator', 'example_python_operator', 'example_trigger_target_dag', 'friday_evening_dag']) retrieved from /home/yurii/Work/airflow/dags/friday_1940.py
[2018-08-13 15:04:44,302] {models.py:322} DagFileProcessor0 INFO - Finding 'running' jobs without a recent heartbeat
[2018-08-13 15:04:44,302] {models.py:328} DagFileProcessor0 INFO - Failing jobs without heartbeat after 2018-08-13 14:59:44.302141
[2018-08-13 15:04:44,305] {jobs.py:351} DagFileProcessor0 INFO - Processing /home/yurii/Work/airflow/dags/friday_1940.py took 0.414 seconds
[2018-08-13 15:04:49,969] {jobs.py:343} DagFileProcessor11 INFO - Started process (PID=32152) to work on /home/yurii/Work/airflow/dags/friday_1940.py
[2018-08-13 15:04:49,970] {jobs.py:1521} DagFileProcessor11 INFO - Processing file /home/yurii/Work/airflow/dags/friday_1940.py for tasks to queue
[2018-08-13 15:04:49,971] {models.py:167} DagFileProcessor11 INFO - Filling up the DagBag from /home/yurii/Work/airflow/dags/friday_1940.py
[2018-08-13 15:04:50,238] {jobs.py:1535} DagFileProcessor11 INFO - DAG(s) dict_keys(['example_bash_operator', 'example_subdag_operator', 'example_subdag_operator.section-1', 'example_subdag_operator.section-2', 'example_passing_params_via_test_command', 'latest_only_with_trigger', 'example_xcom', 'example_short_circuit_operator', 'test_utils', 'example_skip_dag', 'example_branch_dop_operator_v3', 'example_trigger_controller_dag', 'tutorial', 'example_http_operator', 'latest_only', 'example_branch_operator', 'example_python_operator', 'example_trigger_target_dag', 'friday_evening_dag']) retrieved from /home/yurii/Work/airflow/dags/friday_1940.py
[2018-08-13 15:04:50,582] {models.py:322} DagFileProcessor11 INFO - Finding 'running' jobs without a recent heartbeat
[2018-08-13 15:04:50,583] {models.py:328} DagFileProcessor11 INFO - Failing jobs without heartbeat after 2018-08-13 14:59:50.583142
[2018-08-13 15:04:50,597] {jobs.py:351} DagFileProcessor11 INFO - Processing /home/yurii/Work/airflow/dags/friday_1940.py took 0.628 seconds
[2018-08-13 15:04:56,039] {jobs.py:343} DagFileProcessor22 INFO - Started process (PID=32190) to work on /home/yurii/Work/airflow/dags/friday_1940.py
[2018-08-13 15:04:56,040] {jobs.py:1521} DagFileProcessor22 INFO - Processing file /home/yurii/Work/airflow/dags/friday_1940.py for tasks to queue
[2018-08-13 15:04:56,040] {models.py:167} DagFileProcessor22 INFO - Filling up the DagBag from /home/yurii/Work/airflow/dags/friday_1940.py
[2018-08-13 15:04:56,292] {jobs.py:1535} DagFileProcessor22 INFO - DAG(s) dict_keys(['example_bash_operator', 'example_subdag_operator', 'example_subdag_operator.section-1', 'example_subdag_operator.section-2', 'example_passing_params_via_test_command', 'latest_only_with_trigger', 'example_xcom', 'example_short_circuit_operator', 'test_utils', 'example_skip_dag', 'example_branch_dop_operator_v3', 'example_trigger_controller_dag', 'tutorial', 'example_http_operator', 'latest_only', 'example_branch_operator', 'example_python_operator', 'example_trigger_target_dag', 'friday_evening_dag']) retrieved from /home/yurii/Work/airflow/dags/friday_1940.py
[2018-08-13 15:04:56,456] {models.py:322} DagFileProcessor22 INFO - Finding 'running' jobs without a recent heartbeat
[2018-08-13 15:04:56,456] {models.py:328} DagFileProcessor22 INFO - Failing jobs without heartbeat after 2018-08-13 14:59:56.456755
[2018-08-13 15:04:56,460] {jobs.py:351} DagFileProcessor22 INFO - Processing /home/yurii/Work/airflow/dags/friday_1940.py took 0.421 seconds
[2018-08-13 15:05:02,118] {jobs.py:343} DagFileProcessor33 INFO - Started process (PID=32248) to work on /home/yurii/Work/airflow/dags/friday_1940.py
[2018-08-13 15:05:02,119] {jobs.py:1521} DagFileProcessor33 INFO - Processing file /home/yurii/Work/airflow/dags/friday_1940.py for tasks to queue
[2018-08-13 15:05:02,119] {models.py:167} DagFileProcessor33 INFO - Filling up the DagBag from /home/yurii/Work/airflow/dags/friday_1940.py
[2018-08-13 15:05:02,373] {jobs.py:1535} DagFileProcessor33 INFO - DAG(s) dict_keys(['example_bash_operator', 'example_subdag_operator', 'example_subdag_operator.section-1', 'example_subdag_operator.section-2', 'example_passing_params_via_test_command', 'latest_only_with_trigger', 'example_xcom', 'example_short_circuit_operator', 'test_utils', 'example_skip_dag', 'example_branch_dop_operator_v3', 'example_trigger_controller_dag', 'tutorial', 'example_http_operator', 'latest_only', 'example_branch_operator', 'example_python_operator', 'example_trigger_target_dag', 'friday_evening_dag']) retrieved from /home/yurii/Work/airflow/dags/friday_1940.py
[2018-08-13 15:05:02,514] {models.py:322} DagFileProcessor33 INFO - Finding 'running' jobs without a recent heartbeat
[2018-08-13 15:05:02,514] {models.py:328} DagFileProcessor33 INFO - Failing jobs without heartbeat after 2018-08-13 15:00:02.514559
[2018-08-13 15:05:02,518] {jobs.py:351} DagFileProcessor33 INFO - Processing /home/yurii/Work/airflow/dags/friday_1940.py took 0.400 seconds
[2018-08-13 15:05:08,199] {jobs.py:343} DagFileProcessor44 INFO - Started process (PID=32283) to work on /home/yurii/Work/airflow/dags/friday_1940.py
[2018-08-13 15:05:08,202] {jobs.py:1521} DagFileProcessor44 INFO - Processing file /home/yurii/Work/airflow/dags/friday_1940.py for tasks to queue
[2018-08-13 15:05:08,202] {models.py:167} DagFileProcessor44 INFO - Filling up the DagBag from /home/yurii/Work/airflow/dags/friday_1940.py
[2018-08-13 15:05:08,464] {jobs.py:1535} DagFileProcessor44 INFO - DAG(s) dict_keys(['example_bash_operator', 'example_subdag_operator', 'example_subdag_operator.section-1', 'example_subdag_operator.section-2', 'example_passing_params_via_test_command', 'latest_only_with_trigger', 'example_xcom', 'example_short_circuit_operator', 'test_utils', 'example_skip_dag', 'example_branch_dop_operator_v3', 'example_trigger_controller_dag', 'tutorial', 'example_http_operator', 'latest_only', 'example_branch_operator', 'example_python_operator', 'example_trigger_target_dag', 'friday_evening_dag']) retrieved from /home/yurii/Work/airflow/dags/friday_1940.py
[2018-08-13 15:05:08,578] {models.py:322} DagFileProcessor44 INFO - Finding 'running' jobs without a recent heartbeat
[2018-08-13 15:05:08,578] {models.py:328} DagFileProcessor44 INFO - Failing jobs without heartbeat after 2018-08-13 15:00:08.578182
[2018-08-13 15:05:08,582] {jobs.py:351} DagFileProcessor44 INFO - Processing /home/yurii/Work/airflow/dags/friday_1940.py took 0.383 seconds
[2018-08-13 15:05:14,282] {jobs.py:343} DagFileProcessor55 INFO - Started process (PID=32316) to work on /home/yurii/Work/airflow/dags/friday_1940.py
[2018-08-13 15:05:14,286] {jobs.py:1521} DagFileProcessor55 INFO - Processing file /home/yurii/Work/airflow/dags/friday_1940.py for tasks to queue
[2018-08-13 15:05:14,286] {models.py:167} DagFileProcessor55 INFO - Filling up the DagBag from /home/yurii/Work/airflow/dags/friday_1940.py
[2018-08-13 15:05:14,557] {jobs.py:1535} DagFileProcessor55 INFO - DAG(s) dict_keys(['example_bash_operator', 'example_subdag_operator', 'example_subdag_operator.section-1', 'example_subdag_operator.section-2', 'example_passing_params_via_test_command', 'latest_only_with_trigger', 'example_xcom', 'example_short_circuit_operator', 'test_utils', 'example_skip_dag', 'example_branch_dop_operator_v3', 'example_trigger_controller_dag', 'tutorial', 'example_http_operator', 'latest_only', 'example_branch_operator', 'example_python_operator', 'example_trigger_target_dag', 'friday_evening_dag']) retrieved from /home/yurii/Work/airflow/dags/friday_1940.py
[2018-08-13 15:05:14,672] {models.py:322} DagFileProcessor55 INFO - Finding 'running' jobs without a recent heartbeat
[2018-08-13 15:05:14,672] {models.py:328} DagFileProcessor55 INFO - Failing jobs without heartbeat after 2018-08-13 15:00:14.672794
[2018-08-13 15:05:14,676] {jobs.py:351} DagFileProcessor55 INFO - Processing /home/yurii/Work/airflow/dags/friday_1940.py took 0.394 seconds
[2018-08-13 15:05:20,377] {jobs.py:343} DagFileProcessor66 INFO - Started process (PID=32373) to work on /home/yurii/Work/airflow/dags/friday_1940.py
[2018-08-13 15:05:20,382] {jobs.py:1521} DagFileProcessor66 INFO - Processing file /home/yurii/Work/airflow/dags/friday_1940.py for tasks to queue
[2018-08-13 15:05:20,382] {models.py:167} DagFileProcessor66 INFO - Filling up the DagBag from /home/yurii/Work/airflow/dags/friday_1940.py
[2018-08-13 15:05:20,724] {jobs.py:1535} DagFileProcessor66 INFO - DAG(s) dict_keys(['example_bash_operator', 'example_subdag_operator', 'example_subdag_operator.section-1', 'example_subdag_operator.section-2', 'example_passing_params_via_test_command', 'latest_only_with_trigger', 'example_xcom', 'example_short_circuit_operator', 'test_utils', 'example_skip_dag', 'example_branch_dop_operator_v3', 'example_trigger_controller_dag', 'tutorial', 'example_http_operator', 'latest_only', 'example_branch_operator', 'example_python_operator', 'example_trigger_target_dag', 'friday_evening_dag']) retrieved from /home/yurii/Work/airflow/dags/friday_1940.py
[2018-08-13 15:05:20,855] {models.py:322} DagFileProcessor66 INFO - Finding 'running' jobs without a recent heartbeat
[2018-08-13 15:05:20,855] {models.py:328} DagFileProcessor66 INFO - Failing jobs without heartbeat after 2018-08-13 15:00:20.855490
[2018-08-13 15:05:20,859] {jobs.py:351} DagFileProcessor66 INFO - Processing /home/yurii/Work/airflow/dags/friday_1940.py took 0.482 seconds
[2018-08-13 15:05:26,433] {jobs.py:343} DagFileProcessor77 INFO - Started process (PID=32444) to work on /home/yurii/Work/airflow/dags/friday_1940.py
[2018-08-13 15:05:26,434] {jobs.py:1521} DagFileProcessor77 INFO - Processing file /home/yurii/Work/airflow/dags/friday_1940.py for tasks to queue
[2018-08-13 15:05:26,434] {models.py:167} DagFileProcessor77 INFO - Filling up the DagBag from /home/yurii/Work/airflow/dags/friday_1940.py
[2018-08-13 15:05:26,694] {jobs.py:1535} DagFileProcessor77 INFO - DAG(s) dict_keys(['example_bash_operator', 'example_subdag_operator', 'example_subdag_operator.section-1', 'example_subdag_operator.section-2', 'example_passing_params_via_test_command', 'latest_only_with_trigger', 'example_xcom', 'example_short_circuit_operator', 'test_utils', 'example_skip_dag', 'example_branch_dop_operator_v3', 'example_trigger_controller_dag', 'tutorial', 'example_http_operator', 'latest_only', 'example_branch_operator', 'example_python_operator', 'example_trigger_target_dag', 'friday_evening_dag']) retrieved from /home/yurii/Work/airflow/dags/friday_1940.py
[2018-08-13 15:05:26,809] {models.py:322} DagFileProcessor77 INFO - Finding 'running' jobs without a recent heartbeat
[2018-08-13 15:05:26,810] {models.py:328} DagFileProcessor77 INFO - Failing jobs without heartbeat after 2018-08-13 15:00:26.810127
[2018-08-13 15:05:26,815] {jobs.py:351} DagFileProcessor77 INFO - Processing /home/yurii/Work/airflow/dags/friday_1940.py took 0.383 seconds
[2018-08-13 15:05:32,501] {jobs.py:343} DagFileProcessor88 INFO - Started process (PID=32494) to work on /home/yurii/Work/airflow/dags/friday_1940.py
[2018-08-13 15:05:32,502] {jobs.py:1521} DagFileProcessor88 INFO - Processing file /home/yurii/Work/airflow/dags/friday_1940.py for tasks to queue
[2018-08-13 15:05:32,502] {models.py:167} DagFileProcessor88 INFO - Filling up the DagBag from /home/yurii/Work/airflow/dags/friday_1940.py
[2018-08-13 15:05:32,764] {jobs.py:1535} DagFileProcessor88 INFO - DAG(s) dict_keys(['example_bash_operator', 'example_subdag_operator', 'example_subdag_operator.section-1', 'example_subdag_operator.section-2', 'example_passing_params_via_test_command', 'latest_only_with_trigger', 'example_xcom', 'example_short_circuit_operator', 'test_utils', 'example_skip_dag', 'example_branch_dop_operator_v3', 'example_trigger_controller_dag', 'tutorial', 'example_http_operator', 'latest_only', 'example_branch_operator', 'example_python_operator', 'example_trigger_target_dag', 'friday_evening_dag']) retrieved from /home/yurii/Work/airflow/dags/friday_1940.py
[2018-08-13 15:05:32,880] {models.py:322} DagFileProcessor88 INFO - Finding 'running' jobs without a recent heartbeat
[2018-08-13 15:05:32,880] {models.py:328} DagFileProcessor88 INFO - Failing jobs without heartbeat after 2018-08-13 15:00:32.880800
[2018-08-13 15:05:32,884] {jobs.py:351} DagFileProcessor88 INFO - Processing /home/yurii/Work/airflow/dags/friday_1940.py took 0.383 seconds
[2018-08-13 15:05:38,579] {jobs.py:343} DagFileProcessor99 INFO - Started process (PID=32559) to work on /home/yurii/Work/airflow/dags/friday_1940.py
[2018-08-13 15:05:38,583] {jobs.py:1521} DagFileProcessor99 INFO - Processing file /home/yurii/Work/airflow/dags/friday_1940.py for tasks to queue
[2018-08-13 15:05:38,583] {models.py:167} DagFileProcessor99 INFO - Filling up the DagBag from /home/yurii/Work/airflow/dags/friday_1940.py
[2018-08-13 15:05:38,864] {jobs.py:1535} DagFileProcessor99 INFO - DAG(s) dict_keys(['example_bash_operator', 'example_subdag_operator', 'example_subdag_operator.section-1', 'example_subdag_operator.section-2', 'example_passing_params_via_test_command', 'latest_only_with_trigger', 'example_xcom', 'example_short_circuit_operator', 'test_utils', 'example_skip_dag', 'example_branch_dop_operator_v3', 'example_trigger_controller_dag', 'tutorial', 'example_http_operator', 'latest_only', 'example_branch_operator', 'example_python_operator', 'example_trigger_target_dag', 'friday_evening_dag']) retrieved from /home/yurii/Work/airflow/dags/friday_1940.py
[2018-08-13 15:05:39,005] {models.py:322} DagFileProcessor99 INFO - Finding 'running' jobs without a recent heartbeat
[2018-08-13 15:05:39,005] {models.py:328} DagFileProcessor99 INFO - Failing jobs without heartbeat after 2018-08-13 15:00:39.005566
[2018-08-13 15:05:39,009] {jobs.py:351} DagFileProcessor99 INFO - Processing /home/yurii/Work/airflow/dags/friday_1940.py took 0.431 seconds
[2018-08-13 15:05:44,643] {jobs.py:343} DagFileProcessor110 INFO - Started process (PID=32596) to work on /home/yurii/Work/airflow/dags/friday_1940.py
[2018-08-13 15:05:44,644] {jobs.py:1521} DagFileProcessor110 INFO - Processing file /home/yurii/Work/airflow/dags/friday_1940.py for tasks to queue
[2018-08-13 15:05:44,644] {models.py:167} DagFileProcessor110 INFO - Filling up the DagBag from /home/yurii/Work/airflow/dags/friday_1940.py
[2018-08-13 15:05:44,903] {jobs.py:1535} DagFileProcessor110 INFO - DAG(s) dict_keys(['example_bash_operator', 'example_subdag_operator', 'example_subdag_operator.section-1', 'example_subdag_operator.section-2', 'example_passing_params_via_test_command', 'latest_only_with_trigger', 'example_xcom', 'example_short_circuit_operator', 'test_utils', 'example_skip_dag', 'example_branch_dop_operator_v3', 'example_trigger_controller_dag', 'tutorial', 'example_http_operator', 'latest_only', 'example_branch_operator', 'example_python_operator', 'example_trigger_target_dag', 'friday_evening_dag']) retrieved from /home/yurii/Work/airflow/dags/friday_1940.py
[2018-08-13 15:05:45,017] {models.py:322} DagFileProcessor110 INFO - Finding 'running' jobs without a recent heartbeat
[2018-08-13 15:05:45,018] {models.py:328} DagFileProcessor110 INFO - Failing jobs without heartbeat after 2018-08-13 15:00:45.018024
[2018-08-13 15:05:45,021] {jobs.py:351} DagFileProcessor110 INFO - Processing /home/yurii/Work/airflow/dags/friday_1940.py took 0.378 seconds
[2018-08-13 15:23:17,217] {jobs.py:343} DagFileProcessor1 INFO - Started process (PID=1107) to work on /home/yurii/Work/airflow/dags/friday_1940.py
[2018-08-13 15:23:17,218] {jobs.py:1521} DagFileProcessor1 INFO - Processing file /home/yurii/Work/airflow/dags/friday_1940.py for tasks to queue
[2018-08-13 15:23:17,219] {models.py:167} DagFileProcessor1 INFO - Filling up the DagBag from /home/yurii/Work/airflow/dags/friday_1940.py
[2018-08-13 15:23:17,466] {jobs.py:1535} DagFileProcessor1 INFO - DAG(s) dict_keys(['example_bash_operator', 'example_subdag_operator', 'example_subdag_operator.section-1', 'example_subdag_operator.section-2', 'example_passing_params_via_test_command', 'latest_only_with_trigger', 'example_xcom', 'example_short_circuit_operator', 'test_utils', 'example_skip_dag', 'example_branch_dop_operator_v3', 'example_trigger_controller_dag', 'tutorial', 'example_http_operator', 'latest_only', 'example_branch_operator', 'example_python_operator', 'example_trigger_target_dag', 'friday_evening_dag']) retrieved from /home/yurii/Work/airflow/dags/friday_1940.py
[2018-08-13 15:23:17,620] {models.py:322} DagFileProcessor1 INFO - Finding 'running' jobs without a recent heartbeat
[2018-08-13 15:23:17,621] {models.py:328} DagFileProcessor1 INFO - Failing jobs without heartbeat after 2018-08-13 15:18:17.620987
[2018-08-13 15:23:17,624] {jobs.py:351} DagFileProcessor1 INFO - Processing /home/yurii/Work/airflow/dags/friday_1940.py took 0.406 seconds
[2018-08-13 16:21:41,577] {jobs.py:343} DagFileProcessor2 INFO - Started process (PID=2826) to work on /home/yurii/Work/airflow/dags/friday_1940.py
[2018-08-13 16:21:41,578] {jobs.py:1521} DagFileProcessor2 INFO - Processing file /home/yurii/Work/airflow/dags/friday_1940.py for tasks to queue
[2018-08-13 16:21:41,578] {models.py:167} DagFileProcessor2 INFO - Filling up the DagBag from /home/yurii/Work/airflow/dags/friday_1940.py
[2018-08-13 16:21:41,830] {jobs.py:1535} DagFileProcessor2 INFO - DAG(s) dict_keys(['example_bash_operator', 'example_subdag_operator', 'example_subdag_operator.section-1', 'example_subdag_operator.section-2', 'example_passing_params_via_test_command', 'latest_only_with_trigger', 'example_xcom', 'example_short_circuit_operator', 'test_utils', 'example_skip_dag', 'example_branch_dop_operator_v3', 'example_trigger_controller_dag', 'tutorial', 'example_http_operator', 'latest_only', 'example_branch_operator', 'example_python_operator', 'example_trigger_target_dag', 'friday_evening_dag']) retrieved from /home/yurii/Work/airflow/dags/friday_1940.py
[2018-08-13 16:21:41,944] {models.py:322} DagFileProcessor2 INFO - Finding 'running' jobs without a recent heartbeat
[2018-08-13 16:21:41,944] {models.py:328} DagFileProcessor2 INFO - Failing jobs without heartbeat after 2018-08-13 16:16:41.944370
[2018-08-13 16:21:41,947] {jobs.py:351} DagFileProcessor2 INFO - Processing /home/yurii/Work/airflow/dags/friday_1940.py took 0.370 seconds
[2018-08-13 16:24:53,558] {jobs.py:343} DagFileProcessor2 INFO - Started process (PID=3009) to work on /home/yurii/Work/airflow/dags/friday_1940.py
[2018-08-13 16:24:53,559] {jobs.py:1521} DagFileProcessor2 INFO - Processing file /home/yurii/Work/airflow/dags/friday_1940.py for tasks to queue
[2018-08-13 16:24:53,559] {models.py:167} DagFileProcessor2 INFO - Filling up the DagBag from /home/yurii/Work/airflow/dags/friday_1940.py
[2018-08-13 16:24:53,814] {jobs.py:1535} DagFileProcessor2 INFO - DAG(s) dict_keys(['example_bash_operator', 'example_subdag_operator', 'example_subdag_operator.section-1', 'example_subdag_operator.section-2', 'example_passing_params_via_test_command', 'latest_only_with_trigger', 'example_xcom', 'example_short_circuit_operator', 'test_utils', 'example_skip_dag', 'example_branch_dop_operator_v3', 'example_trigger_controller_dag', 'tutorial', 'example_http_operator', 'latest_only', 'example_branch_operator', 'example_python_operator', 'example_trigger_target_dag', 'friday_evening_dag']) retrieved from /home/yurii/Work/airflow/dags/friday_1940.py
[2018-08-13 16:24:53,972] {models.py:322} DagFileProcessor2 INFO - Finding 'running' jobs without a recent heartbeat
[2018-08-13 16:24:53,973] {models.py:328} DagFileProcessor2 INFO - Failing jobs without heartbeat after 2018-08-13 16:19:53.973042
[2018-08-13 16:24:53,976] {jobs.py:351} DagFileProcessor2 INFO - Processing /home/yurii/Work/airflow/dags/friday_1940.py took 0.418 seconds
[2018-08-13 16:52:01,626] {jobs.py:343} DagFileProcessor8 INFO - Started process (PID=3881) to work on /home/yurii/Work/airflow/dags/friday_1940.py
[2018-08-13 16:52:01,628] {jobs.py:1521} DagFileProcessor8 INFO - Processing file /home/yurii/Work/airflow/dags/friday_1940.py for tasks to queue
[2018-08-13 16:52:01,628] {models.py:167} DagFileProcessor8 INFO - Filling up the DagBag from /home/yurii/Work/airflow/dags/friday_1940.py
[2018-08-13 16:52:01,727] {jobs.py:354} DagFileProcessor8 ERROR - Got an exception! Propagating...
Traceback (most recent call last):
  File "/home/yurii/Tools/anaconda3/lib/python3.6/site-packages/airflow/jobs.py", line 346, in helper
    pickle_dags)
  File "/home/yurii/Tools/anaconda3/lib/python3.6/site-packages/airflow/utils/db.py", line 53, in wrapper
    result = func(*args, **kwargs)
  File "/home/yurii/Tools/anaconda3/lib/python3.6/site-packages/airflow/jobs.py", line 1526, in process_file
    dagbag = models.DagBag(file_path)
  File "/home/yurii/Tools/anaconda3/lib/python3.6/site-packages/airflow/models.py", line 179, in __init__
    self.collect_dags(example_dag_folder)
  File "/home/yurii/Tools/anaconda3/lib/python3.6/site-packages/airflow/models.py", line 415, in collect_dags
    filepath, only_if_updated=only_if_updated)
  File "/home/yurii/Tools/anaconda3/lib/python3.6/site-packages/airflow/models.py", line 263, in process_file
    m = imp.load_source(mod_name, filepath)
  File "/home/yurii/Tools/anaconda3/lib/python3.6/imp.py", line 172, in load_source
    module = _load(spec)
  File "<frozen importlib._bootstrap>", line 684, in _load
  File "<frozen importlib._bootstrap>", line 665, in _load_unlocked
  File "<frozen importlib._bootstrap_external>", line 678, in exec_module
  File "<frozen importlib._bootstrap>", line 219, in _call_with_frames_removed
  File "/home/yurii/Tools/anaconda3/lib/python3.6/site-packages/airflow/example_dags/example_latest_only_with_trigger.py", line 28, in <module>
    start_date=airflow.utils.dates.days_ago(2),
  File "/home/yurii/Tools/anaconda3/lib/python3.6/site-packages/airflow/models.py", line 2663, in __init__
    self.fileloc = inspect.getsourcefile(inspect.stack()[1][0])
  File "/home/yurii/Tools/anaconda3/lib/python3.6/inspect.py", line 1494, in stack
    return getouterframes(sys._getframe(1), context)
  File "/home/yurii/Tools/anaconda3/lib/python3.6/inspect.py", line 1471, in getouterframes
    frameinfo = (frame,) + getframeinfo(frame, context)
  File "/home/yurii/Tools/anaconda3/lib/python3.6/inspect.py", line 1445, in getframeinfo
    lines, lnum = findsource(frame)
  File "/home/yurii/Tools/anaconda3/lib/python3.6/inspect.py", line 780, in findsource
    module = getmodule(object, file)
  File "/home/yurii/Tools/anaconda3/lib/python3.6/inspect.py", line 734, in getmodule
    f = module.__file__
  File "/home/yurii/Tools/anaconda3/lib/python3.6/site-packages/airflow/bin/cli.py", line 69, in sigint_handler
    sys.exit(0)
SystemExit: 0
[2018-08-13 17:09:09,362] {jobs.py:343} DagFileProcessor1 INFO - Started process (PID=5253) to work on /home/yurii/Work/airflow/dags/friday_1940.py
[2018-08-13 17:09:09,364] {jobs.py:1521} DagFileProcessor1 INFO - Processing file /home/yurii/Work/airflow/dags/friday_1940.py for tasks to queue
[2018-08-13 17:09:09,364] {models.py:167} DagFileProcessor1 INFO - Filling up the DagBag from /home/yurii/Work/airflow/dags/friday_1940.py
[2018-08-13 17:09:09,619] {jobs.py:1535} DagFileProcessor1 INFO - DAG(s) dict_keys(['example_bash_operator', 'example_subdag_operator', 'example_subdag_operator.section-1', 'example_subdag_operator.section-2', 'example_passing_params_via_test_command', 'latest_only_with_trigger', 'example_xcom', 'example_short_circuit_operator', 'test_utils', 'example_skip_dag', 'example_branch_dop_operator_v3', 'example_trigger_controller_dag', 'tutorial', 'example_http_operator', 'latest_only', 'example_branch_operator', 'example_python_operator', 'example_trigger_target_dag', 'friday_evening_dag']) retrieved from /home/yurii/Work/airflow/dags/friday_1940.py
[2018-08-13 17:09:09,882] {models.py:322} DagFileProcessor1 INFO - Finding 'running' jobs without a recent heartbeat
[2018-08-13 17:09:09,882] {models.py:328} DagFileProcessor1 INFO - Failing jobs without heartbeat after 2018-08-13 17:04:09.882652
[2018-08-13 17:09:09,885] {jobs.py:351} DagFileProcessor1 INFO - Processing /home/yurii/Work/airflow/dags/friday_1940.py took 0.523 seconds
[2018-08-13 17:09:25,525] {jobs.py:343} DagFileProcessor1 INFO - Started process (PID=5279) to work on /home/yurii/Work/airflow/dags/friday_1940.py
[2018-08-13 17:09:25,526] {jobs.py:1521} DagFileProcessor1 INFO - Processing file /home/yurii/Work/airflow/dags/friday_1940.py for tasks to queue
[2018-08-13 17:09:25,526] {models.py:167} DagFileProcessor1 INFO - Filling up the DagBag from /home/yurii/Work/airflow/dags/friday_1940.py
[2018-08-13 17:09:25,773] {jobs.py:1535} DagFileProcessor1 INFO - DAG(s) dict_keys(['example_bash_operator', 'example_subdag_operator', 'example_subdag_operator.section-1', 'example_subdag_operator.section-2', 'example_passing_params_via_test_command', 'latest_only_with_trigger', 'example_xcom', 'example_short_circuit_operator', 'test_utils', 'example_skip_dag', 'example_branch_dop_operator_v3', 'example_trigger_controller_dag', 'tutorial', 'example_http_operator', 'latest_only', 'example_branch_operator', 'example_python_operator', 'example_trigger_target_dag', 'friday_evening_dag']) retrieved from /home/yurii/Work/airflow/dags/friday_1940.py
[2018-08-13 17:09:25,968] {models.py:322} DagFileProcessor1 INFO - Finding 'running' jobs without a recent heartbeat
[2018-08-13 17:09:25,968] {models.py:328} DagFileProcessor1 INFO - Failing jobs without heartbeat after 2018-08-13 17:04:25.968625
[2018-08-13 17:09:25,971] {jobs.py:351} DagFileProcessor1 INFO - Processing /home/yurii/Work/airflow/dags/friday_1940.py took 0.446 seconds
[2018-08-13 17:15:28,500] {jobs.py:343} DagFileProcessor0 INFO - Started process (PID=5695) to work on /home/yurii/Work/airflow/dags/friday_1940.py
[2018-08-13 17:15:28,501] {jobs.py:1521} DagFileProcessor0 INFO - Processing file /home/yurii/Work/airflow/dags/friday_1940.py for tasks to queue
[2018-08-13 17:15:28,501] {models.py:167} DagFileProcessor0 INFO - Filling up the DagBag from /home/yurii/Work/airflow/dags/friday_1940.py
[2018-08-13 17:15:28,751] {jobs.py:1535} DagFileProcessor0 INFO - DAG(s) dict_keys(['example_bash_operator', 'example_subdag_operator', 'example_subdag_operator.section-1', 'example_subdag_operator.section-2', 'example_passing_params_via_test_command', 'latest_only_with_trigger', 'example_xcom', 'example_short_circuit_operator', 'test_utils', 'example_skip_dag', 'example_branch_dop_operator_v3', 'example_trigger_controller_dag', 'tutorial', 'example_http_operator', 'latest_only', 'example_branch_operator', 'example_python_operator', 'example_trigger_target_dag', 'friday_evening_dag']) retrieved from /home/yurii/Work/airflow/dags/friday_1940.py
[2018-08-13 17:15:28,980] {models.py:322} DagFileProcessor0 INFO - Finding 'running' jobs without a recent heartbeat
[2018-08-13 17:15:28,980] {models.py:328} DagFileProcessor0 INFO - Failing jobs without heartbeat after 2018-08-13 17:10:28.980609
[2018-08-13 17:15:28,984] {jobs.py:351} DagFileProcessor0 INFO - Processing /home/yurii/Work/airflow/dags/friday_1940.py took 0.484 seconds
[2018-08-13 17:19:11,244] {jobs.py:343} DagFileProcessor3 INFO - Started process (PID=5992) to work on /home/yurii/Work/airflow/dags/friday_1940.py
[2018-08-13 17:19:11,245] {jobs.py:1521} DagFileProcessor3 INFO - Processing file /home/yurii/Work/airflow/dags/friday_1940.py for tasks to queue
[2018-08-13 17:19:11,245] {models.py:167} DagFileProcessor3 INFO - Filling up the DagBag from /home/yurii/Work/airflow/dags/friday_1940.py
[2018-08-13 17:19:11,492] {jobs.py:1535} DagFileProcessor3 INFO - DAG(s) dict_keys(['example_bash_operator', 'example_subdag_operator', 'example_subdag_operator.section-1', 'example_subdag_operator.section-2', 'example_passing_params_via_test_command', 'latest_only_with_trigger', 'example_xcom', 'example_short_circuit_operator', 'test_utils', 'example_skip_dag', 'example_branch_dop_operator_v3', 'example_trigger_controller_dag', 'tutorial', 'example_http_operator', 'latest_only', 'example_branch_operator', 'example_python_operator', 'example_trigger_target_dag', 'friday_evening_dag']) retrieved from /home/yurii/Work/airflow/dags/friday_1940.py
[2018-08-13 17:19:11,602] {models.py:322} DagFileProcessor3 INFO - Finding 'running' jobs without a recent heartbeat
[2018-08-13 17:19:11,602] {models.py:328} DagFileProcessor3 INFO - Failing jobs without heartbeat after 2018-08-13 17:14:11.602618
[2018-08-13 17:19:11,605] {jobs.py:351} DagFileProcessor3 INFO - Processing /home/yurii/Work/airflow/dags/friday_1940.py took 0.361 seconds
