[2018-08-13 15:04:45,931] {jobs.py:343} DagFileProcessor5 INFO - Started process (PID=32130) to work on /home/yurii/Work/airflow/dags/hw.py
[2018-08-13 15:04:45,932] {jobs.py:1521} DagFileProcessor5 INFO - Processing file /home/yurii/Work/airflow/dags/hw.py for tasks to queue
[2018-08-13 15:04:45,932] {models.py:167} DagFileProcessor5 INFO - Filling up the DagBag from /home/yurii/Work/airflow/dags/hw.py
[2018-08-13 15:04:46,181] {jobs.py:1535} DagFileProcessor5 INFO - DAG(s) dict_keys(['example_bash_operator', 'example_subdag_operator', 'example_subdag_operator.section-1', 'example_subdag_operator.section-2', 'example_passing_params_via_test_command', 'latest_only_with_trigger', 'example_xcom', 'example_short_circuit_operator', 'test_utils', 'example_skip_dag', 'example_branch_dop_operator_v3', 'example_trigger_controller_dag', 'tutorial', 'example_http_operator', 'latest_only', 'example_branch_operator', 'example_python_operator', 'example_trigger_target_dag', 'dag_id_123']) retrieved from /home/yurii/Work/airflow/dags/hw.py
[2018-08-13 15:04:46,292] {models.py:322} DagFileProcessor5 INFO - Finding 'running' jobs without a recent heartbeat
[2018-08-13 15:04:46,292] {models.py:328} DagFileProcessor5 INFO - Failing jobs without heartbeat after 2018-08-13 14:59:46.292187
[2018-08-13 15:04:46,295] {jobs.py:351} DagFileProcessor5 INFO - Processing /home/yurii/Work/airflow/dags/hw.py took 0.365 seconds
[2018-08-13 15:04:52,007] {jobs.py:343} DagFileProcessor16 INFO - Started process (PID=32168) to work on /home/yurii/Work/airflow/dags/hw.py
[2018-08-13 15:04:52,009] {jobs.py:1521} DagFileProcessor16 INFO - Processing file /home/yurii/Work/airflow/dags/hw.py for tasks to queue
[2018-08-13 15:04:52,009] {models.py:167} DagFileProcessor16 INFO - Filling up the DagBag from /home/yurii/Work/airflow/dags/hw.py
[2018-08-13 15:04:52,260] {jobs.py:1535} DagFileProcessor16 INFO - DAG(s) dict_keys(['example_bash_operator', 'example_subdag_operator', 'example_subdag_operator.section-1', 'example_subdag_operator.section-2', 'example_passing_params_via_test_command', 'latest_only_with_trigger', 'example_xcom', 'example_short_circuit_operator', 'test_utils', 'example_skip_dag', 'example_branch_dop_operator_v3', 'example_trigger_controller_dag', 'tutorial', 'example_http_operator', 'latest_only', 'example_branch_operator', 'example_python_operator', 'example_trigger_target_dag', 'dag_id_123']) retrieved from /home/yurii/Work/airflow/dags/hw.py
[2018-08-13 15:04:52,406] {models.py:322} DagFileProcessor16 INFO - Finding 'running' jobs without a recent heartbeat
[2018-08-13 15:04:52,406] {models.py:328} DagFileProcessor16 INFO - Failing jobs without heartbeat after 2018-08-13 14:59:52.406898
[2018-08-13 15:04:52,410] {jobs.py:351} DagFileProcessor16 INFO - Processing /home/yurii/Work/airflow/dags/hw.py took 0.402 seconds
[2018-08-13 15:04:58,065] {jobs.py:343} DagFileProcessor27 INFO - Started process (PID=32224) to work on /home/yurii/Work/airflow/dags/hw.py
[2018-08-13 15:04:58,066] {jobs.py:1521} DagFileProcessor27 INFO - Processing file /home/yurii/Work/airflow/dags/hw.py for tasks to queue
[2018-08-13 15:04:58,066] {models.py:167} DagFileProcessor27 INFO - Filling up the DagBag from /home/yurii/Work/airflow/dags/hw.py
[2018-08-13 15:04:58,325] {jobs.py:1535} DagFileProcessor27 INFO - DAG(s) dict_keys(['example_bash_operator', 'example_subdag_operator', 'example_subdag_operator.section-1', 'example_subdag_operator.section-2', 'example_passing_params_via_test_command', 'latest_only_with_trigger', 'example_xcom', 'example_short_circuit_operator', 'test_utils', 'example_skip_dag', 'example_branch_dop_operator_v3', 'example_trigger_controller_dag', 'tutorial', 'example_http_operator', 'latest_only', 'example_branch_operator', 'example_python_operator', 'example_trigger_target_dag', 'dag_id_123']) retrieved from /home/yurii/Work/airflow/dags/hw.py
[2018-08-13 15:04:58,588] {models.py:322} DagFileProcessor27 INFO - Finding 'running' jobs without a recent heartbeat
[2018-08-13 15:04:58,589] {models.py:328} DagFileProcessor27 INFO - Failing jobs without heartbeat after 2018-08-13 14:59:58.589036
[2018-08-13 15:04:58,598] {jobs.py:351} DagFileProcessor27 INFO - Processing /home/yurii/Work/airflow/dags/hw.py took 0.533 seconds
[2018-08-13 15:05:04,150] {jobs.py:343} DagFileProcessor38 INFO - Started process (PID=32261) to work on /home/yurii/Work/airflow/dags/hw.py
[2018-08-13 15:05:04,152] {jobs.py:1521} DagFileProcessor38 INFO - Processing file /home/yurii/Work/airflow/dags/hw.py for tasks to queue
[2018-08-13 15:05:04,152] {models.py:167} DagFileProcessor38 INFO - Filling up the DagBag from /home/yurii/Work/airflow/dags/hw.py
[2018-08-13 15:05:04,405] {jobs.py:1535} DagFileProcessor38 INFO - DAG(s) dict_keys(['example_bash_operator', 'example_subdag_operator', 'example_subdag_operator.section-1', 'example_subdag_operator.section-2', 'example_passing_params_via_test_command', 'latest_only_with_trigger', 'example_xcom', 'example_short_circuit_operator', 'test_utils', 'example_skip_dag', 'example_branch_dop_operator_v3', 'example_trigger_controller_dag', 'tutorial', 'example_http_operator', 'latest_only', 'example_branch_operator', 'example_python_operator', 'example_trigger_target_dag', 'dag_id_123']) retrieved from /home/yurii/Work/airflow/dags/hw.py
[2018-08-13 15:05:04,547] {models.py:322} DagFileProcessor38 INFO - Finding 'running' jobs without a recent heartbeat
[2018-08-13 15:05:04,547] {models.py:328} DagFileProcessor38 INFO - Failing jobs without heartbeat after 2018-08-13 15:00:04.547722
[2018-08-13 15:05:04,551] {jobs.py:351} DagFileProcessor38 INFO - Processing /home/yurii/Work/airflow/dags/hw.py took 0.400 seconds
[2018-08-13 15:05:10,240] {jobs.py:343} DagFileProcessor49 INFO - Started process (PID=32296) to work on /home/yurii/Work/airflow/dags/hw.py
[2018-08-13 15:05:10,241] {jobs.py:1521} DagFileProcessor49 INFO - Processing file /home/yurii/Work/airflow/dags/hw.py for tasks to queue
[2018-08-13 15:05:10,241] {models.py:167} DagFileProcessor49 INFO - Filling up the DagBag from /home/yurii/Work/airflow/dags/hw.py
[2018-08-13 15:05:10,489] {jobs.py:1535} DagFileProcessor49 INFO - DAG(s) dict_keys(['example_bash_operator', 'example_subdag_operator', 'example_subdag_operator.section-1', 'example_subdag_operator.section-2', 'example_passing_params_via_test_command', 'latest_only_with_trigger', 'example_xcom', 'example_short_circuit_operator', 'test_utils', 'example_skip_dag', 'example_branch_dop_operator_v3', 'example_trigger_controller_dag', 'tutorial', 'example_http_operator', 'latest_only', 'example_branch_operator', 'example_python_operator', 'example_trigger_target_dag', 'dag_id_123']) retrieved from /home/yurii/Work/airflow/dags/hw.py
[2018-08-13 15:05:10,603] {models.py:322} DagFileProcessor49 INFO - Finding 'running' jobs without a recent heartbeat
[2018-08-13 15:05:10,603] {models.py:328} DagFileProcessor49 INFO - Failing jobs without heartbeat after 2018-08-13 15:00:10.603748
[2018-08-13 15:05:10,607] {jobs.py:351} DagFileProcessor49 INFO - Processing /home/yurii/Work/airflow/dags/hw.py took 0.367 seconds
[2018-08-13 15:05:16,331] {jobs.py:343} DagFileProcessor60 INFO - Started process (PID=32334) to work on /home/yurii/Work/airflow/dags/hw.py
[2018-08-13 15:05:16,332] {jobs.py:1521} DagFileProcessor60 INFO - Processing file /home/yurii/Work/airflow/dags/hw.py for tasks to queue
[2018-08-13 15:05:16,332] {models.py:167} DagFileProcessor60 INFO - Filling up the DagBag from /home/yurii/Work/airflow/dags/hw.py
[2018-08-13 15:05:16,597] {jobs.py:1535} DagFileProcessor60 INFO - DAG(s) dict_keys(['example_bash_operator', 'example_subdag_operator', 'example_subdag_operator.section-1', 'example_subdag_operator.section-2', 'example_passing_params_via_test_command', 'latest_only_with_trigger', 'example_xcom', 'example_short_circuit_operator', 'test_utils', 'example_skip_dag', 'example_branch_dop_operator_v3', 'example_trigger_controller_dag', 'tutorial', 'example_http_operator', 'latest_only', 'example_branch_operator', 'example_python_operator', 'example_trigger_target_dag', 'dag_id_123']) retrieved from /home/yurii/Work/airflow/dags/hw.py
[2018-08-13 15:05:16,717] {models.py:322} DagFileProcessor60 INFO - Finding 'running' jobs without a recent heartbeat
[2018-08-13 15:05:16,717] {models.py:328} DagFileProcessor60 INFO - Failing jobs without heartbeat after 2018-08-13 15:00:16.717290
[2018-08-13 15:05:16,722] {jobs.py:351} DagFileProcessor60 INFO - Processing /home/yurii/Work/airflow/dags/hw.py took 0.391 seconds
[2018-08-13 15:05:22,400] {jobs.py:343} DagFileProcessor71 INFO - Started process (PID=32409) to work on /home/yurii/Work/airflow/dags/hw.py
[2018-08-13 15:05:22,404] {jobs.py:1521} DagFileProcessor71 INFO - Processing file /home/yurii/Work/airflow/dags/hw.py for tasks to queue
[2018-08-13 15:05:22,404] {models.py:167} DagFileProcessor71 INFO - Filling up the DagBag from /home/yurii/Work/airflow/dags/hw.py
[2018-08-13 15:05:22,669] {jobs.py:1535} DagFileProcessor71 INFO - DAG(s) dict_keys(['example_bash_operator', 'example_subdag_operator', 'example_subdag_operator.section-1', 'example_subdag_operator.section-2', 'example_passing_params_via_test_command', 'latest_only_with_trigger', 'example_xcom', 'example_short_circuit_operator', 'test_utils', 'example_skip_dag', 'example_branch_dop_operator_v3', 'example_trigger_controller_dag', 'tutorial', 'example_http_operator', 'latest_only', 'example_branch_operator', 'example_python_operator', 'example_trigger_target_dag', 'dag_id_123']) retrieved from /home/yurii/Work/airflow/dags/hw.py
[2018-08-13 15:05:22,787] {models.py:322} DagFileProcessor71 INFO - Finding 'running' jobs without a recent heartbeat
[2018-08-13 15:05:22,787] {models.py:328} DagFileProcessor71 INFO - Failing jobs without heartbeat after 2018-08-13 15:00:22.787546
[2018-08-13 15:05:22,791] {jobs.py:351} DagFileProcessor71 INFO - Processing /home/yurii/Work/airflow/dags/hw.py took 0.391 seconds
[2018-08-13 15:05:28,472] {jobs.py:343} DagFileProcessor82 INFO - Started process (PID=32472) to work on /home/yurii/Work/airflow/dags/hw.py
[2018-08-13 15:05:28,476] {jobs.py:1521} DagFileProcessor82 INFO - Processing file /home/yurii/Work/airflow/dags/hw.py for tasks to queue
[2018-08-13 15:05:28,476] {models.py:167} DagFileProcessor82 INFO - Filling up the DagBag from /home/yurii/Work/airflow/dags/hw.py
[2018-08-13 15:05:28,747] {jobs.py:1535} DagFileProcessor82 INFO - DAG(s) dict_keys(['example_bash_operator', 'example_subdag_operator', 'example_subdag_operator.section-1', 'example_subdag_operator.section-2', 'example_passing_params_via_test_command', 'latest_only_with_trigger', 'example_xcom', 'example_short_circuit_operator', 'test_utils', 'example_skip_dag', 'example_branch_dop_operator_v3', 'example_trigger_controller_dag', 'tutorial', 'example_http_operator', 'latest_only', 'example_branch_operator', 'example_python_operator', 'example_trigger_target_dag', 'dag_id_123']) retrieved from /home/yurii/Work/airflow/dags/hw.py
[2018-08-13 15:05:28,860] {models.py:322} DagFileProcessor82 INFO - Finding 'running' jobs without a recent heartbeat
[2018-08-13 15:05:28,860] {models.py:328} DagFileProcessor82 INFO - Failing jobs without heartbeat after 2018-08-13 15:00:28.860521
[2018-08-13 15:05:28,864] {jobs.py:351} DagFileProcessor82 INFO - Processing /home/yurii/Work/airflow/dags/hw.py took 0.392 seconds
[2018-08-13 15:05:34,523] {jobs.py:343} DagFileProcessor93 INFO - Started process (PID=32508) to work on /home/yurii/Work/airflow/dags/hw.py
[2018-08-13 15:05:34,524] {jobs.py:1521} DagFileProcessor93 INFO - Processing file /home/yurii/Work/airflow/dags/hw.py for tasks to queue
[2018-08-13 15:05:34,524] {models.py:167} DagFileProcessor93 INFO - Filling up the DagBag from /home/yurii/Work/airflow/dags/hw.py
[2018-08-13 15:05:34,794] {jobs.py:1535} DagFileProcessor93 INFO - DAG(s) dict_keys(['example_bash_operator', 'example_subdag_operator', 'example_subdag_operator.section-1', 'example_subdag_operator.section-2', 'example_passing_params_via_test_command', 'latest_only_with_trigger', 'example_xcom', 'example_short_circuit_operator', 'test_utils', 'example_skip_dag', 'example_branch_dop_operator_v3', 'example_trigger_controller_dag', 'tutorial', 'example_http_operator', 'latest_only', 'example_branch_operator', 'example_python_operator', 'example_trigger_target_dag', 'dag_id_123']) retrieved from /home/yurii/Work/airflow/dags/hw.py
[2018-08-13 15:05:34,928] {models.py:322} DagFileProcessor93 INFO - Finding 'running' jobs without a recent heartbeat
[2018-08-13 15:05:34,928] {models.py:328} DagFileProcessor93 INFO - Failing jobs without heartbeat after 2018-08-13 15:00:34.928741
[2018-08-13 15:05:34,934] {jobs.py:351} DagFileProcessor93 INFO - Processing /home/yurii/Work/airflow/dags/hw.py took 0.411 seconds
[2018-08-13 15:05:40,602] {jobs.py:343} DagFileProcessor104 INFO - Started process (PID=32576) to work on /home/yurii/Work/airflow/dags/hw.py
[2018-08-13 15:05:40,603] {jobs.py:1521} DagFileProcessor104 INFO - Processing file /home/yurii/Work/airflow/dags/hw.py for tasks to queue
[2018-08-13 15:05:40,603] {models.py:167} DagFileProcessor104 INFO - Filling up the DagBag from /home/yurii/Work/airflow/dags/hw.py
[2018-08-13 15:05:40,872] {jobs.py:1535} DagFileProcessor104 INFO - DAG(s) dict_keys(['example_bash_operator', 'example_subdag_operator', 'example_subdag_operator.section-1', 'example_subdag_operator.section-2', 'example_passing_params_via_test_command', 'latest_only_with_trigger', 'example_xcom', 'example_short_circuit_operator', 'test_utils', 'example_skip_dag', 'example_branch_dop_operator_v3', 'example_trigger_controller_dag', 'tutorial', 'example_http_operator', 'latest_only', 'example_branch_operator', 'example_python_operator', 'example_trigger_target_dag', 'dag_id_123']) retrieved from /home/yurii/Work/airflow/dags/hw.py
[2018-08-13 15:05:40,989] {models.py:322} DagFileProcessor104 INFO - Finding 'running' jobs without a recent heartbeat
[2018-08-13 15:05:40,989] {models.py:328} DagFileProcessor104 INFO - Failing jobs without heartbeat after 2018-08-13 15:00:40.989516
[2018-08-13 15:05:40,993] {jobs.py:351} DagFileProcessor104 INFO - Processing /home/yurii/Work/airflow/dags/hw.py took 0.391 seconds
[2018-08-13 15:05:46,698] {jobs.py:343} DagFileProcessor115 INFO - Started process (PID=32609) to work on /home/yurii/Work/airflow/dags/hw.py
[2018-08-13 15:05:46,702] {jobs.py:1521} DagFileProcessor115 INFO - Processing file /home/yurii/Work/airflow/dags/hw.py for tasks to queue
[2018-08-13 15:05:46,702] {models.py:167} DagFileProcessor115 INFO - Filling up the DagBag from /home/yurii/Work/airflow/dags/hw.py
[2018-08-13 15:05:46,976] {jobs.py:1535} DagFileProcessor115 INFO - DAG(s) dict_keys(['example_bash_operator', 'example_subdag_operator', 'example_subdag_operator.section-1', 'example_subdag_operator.section-2', 'example_passing_params_via_test_command', 'latest_only_with_trigger', 'example_xcom', 'example_short_circuit_operator', 'test_utils', 'example_skip_dag', 'example_branch_dop_operator_v3', 'example_trigger_controller_dag', 'tutorial', 'example_http_operator', 'latest_only', 'example_branch_operator', 'example_python_operator', 'example_trigger_target_dag', 'dag_id_123']) retrieved from /home/yurii/Work/airflow/dags/hw.py
[2018-08-13 15:05:47,103] {models.py:322} DagFileProcessor115 INFO - Finding 'running' jobs without a recent heartbeat
[2018-08-13 15:05:47,103] {models.py:328} DagFileProcessor115 INFO - Failing jobs without heartbeat after 2018-08-13 15:00:47.103258
[2018-08-13 15:05:47,107] {jobs.py:351} DagFileProcessor115 INFO - Processing /home/yurii/Work/airflow/dags/hw.py took 0.409 seconds
[2018-08-13 16:40:38,451] {jobs.py:343} DagFileProcessor4 INFO - Started process (PID=3277) to work on /home/yurii/Work/airflow/dags/hw.py
[2018-08-13 16:40:38,453] {jobs.py:1521} DagFileProcessor4 INFO - Processing file /home/yurii/Work/airflow/dags/hw.py for tasks to queue
[2018-08-13 16:40:38,453] {models.py:167} DagFileProcessor4 INFO - Filling up the DagBag from /home/yurii/Work/airflow/dags/hw.py
[2018-08-13 16:40:38,706] {jobs.py:1535} DagFileProcessor4 INFO - DAG(s) dict_keys(['example_bash_operator', 'example_subdag_operator', 'example_subdag_operator.section-1', 'example_subdag_operator.section-2', 'example_passing_params_via_test_command', 'latest_only_with_trigger', 'example_xcom', 'example_short_circuit_operator', 'test_utils', 'example_skip_dag', 'example_branch_dop_operator_v3', 'example_trigger_controller_dag', 'tutorial', 'example_http_operator', 'latest_only', 'example_branch_operator', 'example_python_operator', 'example_trigger_target_dag', 'dag_id_123']) retrieved from /home/yurii/Work/airflow/dags/hw.py
[2018-08-13 16:40:38,819] {models.py:322} DagFileProcessor4 INFO - Finding 'running' jobs without a recent heartbeat
[2018-08-13 16:40:38,820] {models.py:328} DagFileProcessor4 INFO - Failing jobs without heartbeat after 2018-08-13 16:35:38.819990
[2018-08-13 16:40:38,822] {jobs.py:351} DagFileProcessor4 INFO - Processing /home/yurii/Work/airflow/dags/hw.py took 0.371 seconds
[2018-08-13 17:09:28,545] {jobs.py:343} DagFileProcessor6 INFO - Started process (PID=5296) to work on /home/yurii/Work/airflow/dags/hw.py
[2018-08-13 17:09:28,547] {jobs.py:1521} DagFileProcessor6 INFO - Processing file /home/yurii/Work/airflow/dags/hw.py for tasks to queue
[2018-08-13 17:09:28,547] {models.py:167} DagFileProcessor6 INFO - Filling up the DagBag from /home/yurii/Work/airflow/dags/hw.py
[2018-08-13 17:09:28,618] {jobs.py:354} DagFileProcessor6 ERROR - Got an exception! Propagating...
Traceback (most recent call last):
  File "/home/yurii/Tools/anaconda3/lib/python3.6/site-packages/airflow/jobs.py", line 346, in helper
    pickle_dags)
  File "/home/yurii/Tools/anaconda3/lib/python3.6/site-packages/airflow/utils/db.py", line 53, in wrapper
    result = func(*args, **kwargs)
  File "/home/yurii/Tools/anaconda3/lib/python3.6/site-packages/airflow/jobs.py", line 1526, in process_file
    dagbag = models.DagBag(file_path)
  File "/home/yurii/Tools/anaconda3/lib/python3.6/site-packages/airflow/models.py", line 179, in __init__
    self.collect_dags(example_dag_folder)
  File "/home/yurii/Tools/anaconda3/lib/python3.6/site-packages/airflow/models.py", line 415, in collect_dags
    filepath, only_if_updated=only_if_updated)
  File "/home/yurii/Tools/anaconda3/lib/python3.6/site-packages/airflow/models.py", line 263, in process_file
    m = imp.load_source(mod_name, filepath)
  File "/home/yurii/Tools/anaconda3/lib/python3.6/imp.py", line 172, in load_source
    module = _load(spec)
  File "<frozen importlib._bootstrap>", line 684, in _load
  File "<frozen importlib._bootstrap>", line 665, in _load_unlocked
  File "<frozen importlib._bootstrap_external>", line 678, in exec_module
  File "<frozen importlib._bootstrap>", line 219, in _call_with_frames_removed
  File "/home/yurii/Tools/anaconda3/lib/python3.6/site-packages/airflow/example_dags/example_subdag_operator.py", line 44, in <module>
    subdag=subdag(DAG_NAME, 'section-1', args),
  File "/home/yurii/Tools/anaconda3/lib/python3.6/site-packages/airflow/example_dags/subdags/subdag.py", line 23, in subdag
    schedule_interval="@daily",
  File "/home/yurii/Tools/anaconda3/lib/python3.6/site-packages/airflow/models.py", line 2663, in __init__
    self.fileloc = inspect.getsourcefile(inspect.stack()[1][0])
  File "/home/yurii/Tools/anaconda3/lib/python3.6/inspect.py", line 1494, in stack
    return getouterframes(sys._getframe(1), context)
  File "/home/yurii/Tools/anaconda3/lib/python3.6/inspect.py", line 1471, in getouterframes
    frameinfo = (frame,) + getframeinfo(frame, context)
  File "/home/yurii/Tools/anaconda3/lib/python3.6/inspect.py", line 1445, in getframeinfo
    lines, lnum = findsource(frame)
  File "/home/yurii/Tools/anaconda3/lib/python3.6/inspect.py", line 780, in findsource
    module = getmodule(object, file)
  File "/home/yurii/Tools/anaconda3/lib/python3.6/inspect.py", line 733, in getmodule
    if ismodule(module) and hasattr(module, '__file__'):
  File "/home/yurii/Tools/anaconda3/lib/python3.6/site-packages/airflow/bin/cli.py", line 69, in sigint_handler
    sys.exit(0)
SystemExit: 0
[2018-08-13 17:19:10,230] {jobs.py:343} DagFileProcessor0 INFO - Started process (PID=5985) to work on /home/yurii/Work/airflow/dags/hw.py
[2018-08-13 17:19:10,231] {jobs.py:1521} DagFileProcessor0 INFO - Processing file /home/yurii/Work/airflow/dags/hw.py for tasks to queue
[2018-08-13 17:19:10,231] {models.py:167} DagFileProcessor0 INFO - Filling up the DagBag from /home/yurii/Work/airflow/dags/hw.py
[2018-08-13 17:19:10,480] {jobs.py:1535} DagFileProcessor0 INFO - DAG(s) dict_keys(['example_bash_operator', 'example_subdag_operator', 'example_subdag_operator.section-1', 'example_subdag_operator.section-2', 'example_passing_params_via_test_command', 'latest_only_with_trigger', 'example_xcom', 'example_short_circuit_operator', 'test_utils', 'example_skip_dag', 'example_branch_dop_operator_v3', 'example_trigger_controller_dag', 'tutorial', 'example_http_operator', 'latest_only', 'example_branch_operator', 'example_python_operator', 'example_trigger_target_dag', 'dag_id_123']) retrieved from /home/yurii/Work/airflow/dags/hw.py
[2018-08-13 17:19:10,587] {models.py:322} DagFileProcessor0 INFO - Finding 'running' jobs without a recent heartbeat
[2018-08-13 17:19:10,588] {models.py:328} DagFileProcessor0 INFO - Failing jobs without heartbeat after 2018-08-13 17:14:10.588100
[2018-08-13 17:19:10,591] {jobs.py:351} DagFileProcessor0 INFO - Processing /home/yurii/Work/airflow/dags/hw.py took 0.361 seconds
