[2018-08-13 15:04:45,928] {jobs.py:343} DagFileProcessor4 INFO - Started process (PID=32129) to work on /home/yurii/Work/airflow/dags/monthly.py
[2018-08-13 15:04:45,930] {jobs.py:1521} DagFileProcessor4 INFO - Processing file /home/yurii/Work/airflow/dags/monthly.py for tasks to queue
[2018-08-13 15:04:45,930] {models.py:167} DagFileProcessor4 INFO - Filling up the DagBag from /home/yurii/Work/airflow/dags/monthly.py
[2018-08-13 15:04:46,180] {jobs.py:1535} DagFileProcessor4 INFO - DAG(s) dict_keys(['example_bash_operator', 'example_subdag_operator', 'example_subdag_operator.section-1', 'example_subdag_operator.section-2', 'example_passing_params_via_test_command', 'latest_only_with_trigger', 'example_xcom', 'example_short_circuit_operator', 'test_utils', 'example_skip_dag', 'example_branch_dop_operator_v3', 'example_trigger_controller_dag', 'tutorial', 'example_http_operator', 'latest_only', 'example_branch_operator', 'example_python_operator', 'example_trigger_target_dag', 'monthly_dag']) retrieved from /home/yurii/Work/airflow/dags/monthly.py
[2018-08-13 15:04:46,292] {models.py:322} DagFileProcessor4 INFO - Finding 'running' jobs without a recent heartbeat
[2018-08-13 15:04:46,292] {models.py:328} DagFileProcessor4 INFO - Failing jobs without heartbeat after 2018-08-13 14:59:46.292883
[2018-08-13 15:04:46,296] {jobs.py:351} DagFileProcessor4 INFO - Processing /home/yurii/Work/airflow/dags/monthly.py took 0.368 seconds
[2018-08-13 15:04:52,005] {jobs.py:343} DagFileProcessor15 INFO - Started process (PID=32167) to work on /home/yurii/Work/airflow/dags/monthly.py
[2018-08-13 15:04:52,007] {jobs.py:1521} DagFileProcessor15 INFO - Processing file /home/yurii/Work/airflow/dags/monthly.py for tasks to queue
[2018-08-13 15:04:52,007] {models.py:167} DagFileProcessor15 INFO - Filling up the DagBag from /home/yurii/Work/airflow/dags/monthly.py
[2018-08-13 15:04:52,259] {jobs.py:1535} DagFileProcessor15 INFO - DAG(s) dict_keys(['example_bash_operator', 'example_subdag_operator', 'example_subdag_operator.section-1', 'example_subdag_operator.section-2', 'example_passing_params_via_test_command', 'latest_only_with_trigger', 'example_xcom', 'example_short_circuit_operator', 'test_utils', 'example_skip_dag', 'example_branch_dop_operator_v3', 'example_trigger_controller_dag', 'tutorial', 'example_http_operator', 'latest_only', 'example_branch_operator', 'example_python_operator', 'example_trigger_target_dag', 'monthly_dag']) retrieved from /home/yurii/Work/airflow/dags/monthly.py
[2018-08-13 15:04:52,405] {models.py:322} DagFileProcessor15 INFO - Finding 'running' jobs without a recent heartbeat
[2018-08-13 15:04:52,406] {models.py:328} DagFileProcessor15 INFO - Failing jobs without heartbeat after 2018-08-13 14:59:52.406104
[2018-08-13 15:04:52,409] {jobs.py:351} DagFileProcessor15 INFO - Processing /home/yurii/Work/airflow/dags/monthly.py took 0.404 seconds
[2018-08-13 15:04:58,062] {jobs.py:343} DagFileProcessor26 INFO - Started process (PID=32223) to work on /home/yurii/Work/airflow/dags/monthly.py
[2018-08-13 15:04:58,063] {jobs.py:1521} DagFileProcessor26 INFO - Processing file /home/yurii/Work/airflow/dags/monthly.py for tasks to queue
[2018-08-13 15:04:58,063] {models.py:167} DagFileProcessor26 INFO - Filling up the DagBag from /home/yurii/Work/airflow/dags/monthly.py
[2018-08-13 15:04:58,320] {jobs.py:1535} DagFileProcessor26 INFO - DAG(s) dict_keys(['example_bash_operator', 'example_subdag_operator', 'example_subdag_operator.section-1', 'example_subdag_operator.section-2', 'example_passing_params_via_test_command', 'latest_only_with_trigger', 'example_xcom', 'example_short_circuit_operator', 'test_utils', 'example_skip_dag', 'example_branch_dop_operator_v3', 'example_trigger_controller_dag', 'tutorial', 'example_http_operator', 'latest_only', 'example_branch_operator', 'example_python_operator', 'example_trigger_target_dag', 'monthly_dag']) retrieved from /home/yurii/Work/airflow/dags/monthly.py
[2018-08-13 15:04:58,586] {models.py:322} DagFileProcessor26 INFO - Finding 'running' jobs without a recent heartbeat
[2018-08-13 15:04:58,586] {models.py:328} DagFileProcessor26 INFO - Failing jobs without heartbeat after 2018-08-13 14:59:58.586557
[2018-08-13 15:04:58,596] {jobs.py:351} DagFileProcessor26 INFO - Processing /home/yurii/Work/airflow/dags/monthly.py took 0.534 seconds
[2018-08-13 15:05:04,148] {jobs.py:343} DagFileProcessor37 INFO - Started process (PID=32260) to work on /home/yurii/Work/airflow/dags/monthly.py
[2018-08-13 15:05:04,150] {jobs.py:1521} DagFileProcessor37 INFO - Processing file /home/yurii/Work/airflow/dags/monthly.py for tasks to queue
[2018-08-13 15:05:04,150] {models.py:167} DagFileProcessor37 INFO - Filling up the DagBag from /home/yurii/Work/airflow/dags/monthly.py
[2018-08-13 15:05:04,404] {jobs.py:1535} DagFileProcessor37 INFO - DAG(s) dict_keys(['example_bash_operator', 'example_subdag_operator', 'example_subdag_operator.section-1', 'example_subdag_operator.section-2', 'example_passing_params_via_test_command', 'latest_only_with_trigger', 'example_xcom', 'example_short_circuit_operator', 'test_utils', 'example_skip_dag', 'example_branch_dop_operator_v3', 'example_trigger_controller_dag', 'tutorial', 'example_http_operator', 'latest_only', 'example_branch_operator', 'example_python_operator', 'example_trigger_target_dag', 'monthly_dag']) retrieved from /home/yurii/Work/airflow/dags/monthly.py
[2018-08-13 15:05:04,550] {models.py:322} DagFileProcessor37 INFO - Finding 'running' jobs without a recent heartbeat
[2018-08-13 15:05:04,550] {models.py:328} DagFileProcessor37 INFO - Failing jobs without heartbeat after 2018-08-13 15:00:04.550845
[2018-08-13 15:05:04,554] {jobs.py:351} DagFileProcessor37 INFO - Processing /home/yurii/Work/airflow/dags/monthly.py took 0.406 seconds
[2018-08-13 15:05:10,237] {jobs.py:343} DagFileProcessor48 INFO - Started process (PID=32295) to work on /home/yurii/Work/airflow/dags/monthly.py
[2018-08-13 15:05:10,238] {jobs.py:1521} DagFileProcessor48 INFO - Processing file /home/yurii/Work/airflow/dags/monthly.py for tasks to queue
[2018-08-13 15:05:10,239] {models.py:167} DagFileProcessor48 INFO - Filling up the DagBag from /home/yurii/Work/airflow/dags/monthly.py
[2018-08-13 15:05:10,488] {jobs.py:1535} DagFileProcessor48 INFO - DAG(s) dict_keys(['example_bash_operator', 'example_subdag_operator', 'example_subdag_operator.section-1', 'example_subdag_operator.section-2', 'example_passing_params_via_test_command', 'latest_only_with_trigger', 'example_xcom', 'example_short_circuit_operator', 'test_utils', 'example_skip_dag', 'example_branch_dop_operator_v3', 'example_trigger_controller_dag', 'tutorial', 'example_http_operator', 'latest_only', 'example_branch_operator', 'example_python_operator', 'example_trigger_target_dag', 'monthly_dag']) retrieved from /home/yurii/Work/airflow/dags/monthly.py
[2018-08-13 15:05:10,602] {models.py:322} DagFileProcessor48 INFO - Finding 'running' jobs without a recent heartbeat
[2018-08-13 15:05:10,602] {models.py:328} DagFileProcessor48 INFO - Failing jobs without heartbeat after 2018-08-13 15:00:10.602544
[2018-08-13 15:05:10,606] {jobs.py:351} DagFileProcessor48 INFO - Processing /home/yurii/Work/airflow/dags/monthly.py took 0.369 seconds
[2018-08-13 15:05:16,329] {jobs.py:343} DagFileProcessor59 INFO - Started process (PID=32333) to work on /home/yurii/Work/airflow/dags/monthly.py
[2018-08-13 15:05:16,330] {jobs.py:1521} DagFileProcessor59 INFO - Processing file /home/yurii/Work/airflow/dags/monthly.py for tasks to queue
[2018-08-13 15:05:16,330] {models.py:167} DagFileProcessor59 INFO - Filling up the DagBag from /home/yurii/Work/airflow/dags/monthly.py
[2018-08-13 15:05:16,596] {jobs.py:1535} DagFileProcessor59 INFO - DAG(s) dict_keys(['example_bash_operator', 'example_subdag_operator', 'example_subdag_operator.section-1', 'example_subdag_operator.section-2', 'example_passing_params_via_test_command', 'latest_only_with_trigger', 'example_xcom', 'example_short_circuit_operator', 'test_utils', 'example_skip_dag', 'example_branch_dop_operator_v3', 'example_trigger_controller_dag', 'tutorial', 'example_http_operator', 'latest_only', 'example_branch_operator', 'example_python_operator', 'example_trigger_target_dag', 'monthly_dag']) retrieved from /home/yurii/Work/airflow/dags/monthly.py
[2018-08-13 15:05:16,717] {models.py:322} DagFileProcessor59 INFO - Finding 'running' jobs without a recent heartbeat
[2018-08-13 15:05:16,717] {models.py:328} DagFileProcessor59 INFO - Failing jobs without heartbeat after 2018-08-13 15:00:16.717336
[2018-08-13 15:05:16,726] {jobs.py:351} DagFileProcessor59 INFO - Processing /home/yurii/Work/airflow/dags/monthly.py took 0.397 seconds
[2018-08-13 15:05:22,393] {jobs.py:343} DagFileProcessor70 INFO - Started process (PID=32408) to work on /home/yurii/Work/airflow/dags/monthly.py
[2018-08-13 15:05:22,396] {jobs.py:1521} DagFileProcessor70 INFO - Processing file /home/yurii/Work/airflow/dags/monthly.py for tasks to queue
[2018-08-13 15:05:22,397] {models.py:167} DagFileProcessor70 INFO - Filling up the DagBag from /home/yurii/Work/airflow/dags/monthly.py
[2018-08-13 15:05:22,669] {jobs.py:1535} DagFileProcessor70 INFO - DAG(s) dict_keys(['example_bash_operator', 'example_subdag_operator', 'example_subdag_operator.section-1', 'example_subdag_operator.section-2', 'example_passing_params_via_test_command', 'latest_only_with_trigger', 'example_xcom', 'example_short_circuit_operator', 'test_utils', 'example_skip_dag', 'example_branch_dop_operator_v3', 'example_trigger_controller_dag', 'tutorial', 'example_http_operator', 'latest_only', 'example_branch_operator', 'example_python_operator', 'example_trigger_target_dag', 'monthly_dag']) retrieved from /home/yurii/Work/airflow/dags/monthly.py
[2018-08-13 15:05:22,788] {models.py:322} DagFileProcessor70 INFO - Finding 'running' jobs without a recent heartbeat
[2018-08-13 15:05:22,788] {models.py:328} DagFileProcessor70 INFO - Failing jobs without heartbeat after 2018-08-13 15:00:22.788251
[2018-08-13 15:05:22,791] {jobs.py:351} DagFileProcessor70 INFO - Processing /home/yurii/Work/airflow/dags/monthly.py took 0.399 seconds
[2018-08-13 15:05:28,465] {jobs.py:343} DagFileProcessor81 INFO - Started process (PID=32471) to work on /home/yurii/Work/airflow/dags/monthly.py
[2018-08-13 15:05:28,469] {jobs.py:1521} DagFileProcessor81 INFO - Processing file /home/yurii/Work/airflow/dags/monthly.py for tasks to queue
[2018-08-13 15:05:28,469] {models.py:167} DagFileProcessor81 INFO - Filling up the DagBag from /home/yurii/Work/airflow/dags/monthly.py
[2018-08-13 15:05:28,743] {jobs.py:1535} DagFileProcessor81 INFO - DAG(s) dict_keys(['example_bash_operator', 'example_subdag_operator', 'example_subdag_operator.section-1', 'example_subdag_operator.section-2', 'example_passing_params_via_test_command', 'latest_only_with_trigger', 'example_xcom', 'example_short_circuit_operator', 'test_utils', 'example_skip_dag', 'example_branch_dop_operator_v3', 'example_trigger_controller_dag', 'tutorial', 'example_http_operator', 'latest_only', 'example_branch_operator', 'example_python_operator', 'example_trigger_target_dag', 'monthly_dag']) retrieved from /home/yurii/Work/airflow/dags/monthly.py
[2018-08-13 15:05:28,853] {models.py:322} DagFileProcessor81 INFO - Finding 'running' jobs without a recent heartbeat
[2018-08-13 15:05:28,853] {models.py:328} DagFileProcessor81 INFO - Failing jobs without heartbeat after 2018-08-13 15:00:28.853307
[2018-08-13 15:05:28,859] {jobs.py:351} DagFileProcessor81 INFO - Processing /home/yurii/Work/airflow/dags/monthly.py took 0.394 seconds
[2018-08-13 15:05:34,519] {jobs.py:343} DagFileProcessor92 INFO - Started process (PID=32507) to work on /home/yurii/Work/airflow/dags/monthly.py
[2018-08-13 15:05:34,520] {jobs.py:1521} DagFileProcessor92 INFO - Processing file /home/yurii/Work/airflow/dags/monthly.py for tasks to queue
[2018-08-13 15:05:34,520] {models.py:167} DagFileProcessor92 INFO - Filling up the DagBag from /home/yurii/Work/airflow/dags/monthly.py
[2018-08-13 15:05:34,793] {jobs.py:1535} DagFileProcessor92 INFO - DAG(s) dict_keys(['example_bash_operator', 'example_subdag_operator', 'example_subdag_operator.section-1', 'example_subdag_operator.section-2', 'example_passing_params_via_test_command', 'latest_only_with_trigger', 'example_xcom', 'example_short_circuit_operator', 'test_utils', 'example_skip_dag', 'example_branch_dop_operator_v3', 'example_trigger_controller_dag', 'tutorial', 'example_http_operator', 'latest_only', 'example_branch_operator', 'example_python_operator', 'example_trigger_target_dag', 'monthly_dag']) retrieved from /home/yurii/Work/airflow/dags/monthly.py
[2018-08-13 15:05:34,930] {models.py:322} DagFileProcessor92 INFO - Finding 'running' jobs without a recent heartbeat
[2018-08-13 15:05:34,930] {models.py:328} DagFileProcessor92 INFO - Failing jobs without heartbeat after 2018-08-13 15:00:34.930780
[2018-08-13 15:05:34,936] {jobs.py:351} DagFileProcessor92 INFO - Processing /home/yurii/Work/airflow/dags/monthly.py took 0.418 seconds
[2018-08-13 15:05:40,600] {jobs.py:343} DagFileProcessor103 INFO - Started process (PID=32575) to work on /home/yurii/Work/airflow/dags/monthly.py
[2018-08-13 15:05:40,601] {jobs.py:1521} DagFileProcessor103 INFO - Processing file /home/yurii/Work/airflow/dags/monthly.py for tasks to queue
[2018-08-13 15:05:40,601] {models.py:167} DagFileProcessor103 INFO - Filling up the DagBag from /home/yurii/Work/airflow/dags/monthly.py
[2018-08-13 15:05:40,871] {jobs.py:1535} DagFileProcessor103 INFO - DAG(s) dict_keys(['example_bash_operator', 'example_subdag_operator', 'example_subdag_operator.section-1', 'example_subdag_operator.section-2', 'example_passing_params_via_test_command', 'latest_only_with_trigger', 'example_xcom', 'example_short_circuit_operator', 'test_utils', 'example_skip_dag', 'example_branch_dop_operator_v3', 'example_trigger_controller_dag', 'tutorial', 'example_http_operator', 'latest_only', 'example_branch_operator', 'example_python_operator', 'example_trigger_target_dag', 'monthly_dag']) retrieved from /home/yurii/Work/airflow/dags/monthly.py
[2018-08-13 15:05:40,988] {models.py:322} DagFileProcessor103 INFO - Finding 'running' jobs without a recent heartbeat
[2018-08-13 15:05:40,988] {models.py:328} DagFileProcessor103 INFO - Failing jobs without heartbeat after 2018-08-13 15:00:40.988352
[2018-08-13 15:05:40,991] {jobs.py:351} DagFileProcessor103 INFO - Processing /home/yurii/Work/airflow/dags/monthly.py took 0.391 seconds
[2018-08-13 15:05:46,691] {jobs.py:343} DagFileProcessor114 INFO - Started process (PID=32608) to work on /home/yurii/Work/airflow/dags/monthly.py
[2018-08-13 15:05:46,695] {jobs.py:1521} DagFileProcessor114 INFO - Processing file /home/yurii/Work/airflow/dags/monthly.py for tasks to queue
[2018-08-13 15:05:46,695] {models.py:167} DagFileProcessor114 INFO - Filling up the DagBag from /home/yurii/Work/airflow/dags/monthly.py
[2018-08-13 15:05:46,973] {jobs.py:1535} DagFileProcessor114 INFO - DAG(s) dict_keys(['example_bash_operator', 'example_subdag_operator', 'example_subdag_operator.section-1', 'example_subdag_operator.section-2', 'example_passing_params_via_test_command', 'latest_only_with_trigger', 'example_xcom', 'example_short_circuit_operator', 'test_utils', 'example_skip_dag', 'example_branch_dop_operator_v3', 'example_trigger_controller_dag', 'tutorial', 'example_http_operator', 'latest_only', 'example_branch_operator', 'example_python_operator', 'example_trigger_target_dag', 'monthly_dag']) retrieved from /home/yurii/Work/airflow/dags/monthly.py
[2018-08-13 15:05:47,103] {models.py:322} DagFileProcessor114 INFO - Finding 'running' jobs without a recent heartbeat
[2018-08-13 15:05:47,104] {models.py:328} DagFileProcessor114 INFO - Failing jobs without heartbeat after 2018-08-13 15:00:47.104081
[2018-08-13 15:05:47,107] {jobs.py:351} DagFileProcessor114 INFO - Processing /home/yurii/Work/airflow/dags/monthly.py took 0.416 seconds
[2018-08-13 16:21:42,585] {jobs.py:343} DagFileProcessor4 INFO - Started process (PID=2832) to work on /home/yurii/Work/airflow/dags/monthly.py
[2018-08-13 16:21:42,587] {jobs.py:1521} DagFileProcessor4 INFO - Processing file /home/yurii/Work/airflow/dags/monthly.py for tasks to queue
[2018-08-13 16:21:42,587] {models.py:167} DagFileProcessor4 INFO - Filling up the DagBag from /home/yurii/Work/airflow/dags/monthly.py
[2018-08-13 16:21:42,839] {jobs.py:1535} DagFileProcessor4 INFO - DAG(s) dict_keys(['example_bash_operator', 'example_subdag_operator', 'example_subdag_operator.section-1', 'example_subdag_operator.section-2', 'example_passing_params_via_test_command', 'latest_only_with_trigger', 'example_xcom', 'example_short_circuit_operator', 'test_utils', 'example_skip_dag', 'example_branch_dop_operator_v3', 'example_trigger_controller_dag', 'tutorial', 'example_http_operator', 'latest_only', 'example_branch_operator', 'example_python_operator', 'example_trigger_target_dag', 'monthly_dag']) retrieved from /home/yurii/Work/airflow/dags/monthly.py
[2018-08-13 16:21:42,973] {models.py:322} DagFileProcessor4 INFO - Finding 'running' jobs without a recent heartbeat
[2018-08-13 16:21:42,973] {models.py:328} DagFileProcessor4 INFO - Failing jobs without heartbeat after 2018-08-13 16:16:42.973513
[2018-08-13 16:21:42,976] {jobs.py:351} DagFileProcessor4 INFO - Processing /home/yurii/Work/airflow/dags/monthly.py took 0.390 seconds
[2018-08-13 16:40:39,462] {jobs.py:343} DagFileProcessor7 INFO - Started process (PID=3284) to work on /home/yurii/Work/airflow/dags/monthly.py
[2018-08-13 16:40:39,463] {jobs.py:1521} DagFileProcessor7 INFO - Processing file /home/yurii/Work/airflow/dags/monthly.py for tasks to queue
[2018-08-13 16:40:39,464] {models.py:167} DagFileProcessor7 INFO - Filling up the DagBag from /home/yurii/Work/airflow/dags/monthly.py
[2018-08-13 16:40:39,565] {jobs.py:354} DagFileProcessor7 ERROR - Got an exception! Propagating...
Traceback (most recent call last):
  File "/home/yurii/Tools/anaconda3/lib/python3.6/site-packages/airflow/jobs.py", line 346, in helper
    pickle_dags)
  File "/home/yurii/Tools/anaconda3/lib/python3.6/site-packages/airflow/utils/db.py", line 53, in wrapper
    result = func(*args, **kwargs)
  File "/home/yurii/Tools/anaconda3/lib/python3.6/site-packages/airflow/jobs.py", line 1526, in process_file
    dagbag = models.DagBag(file_path)
  File "/home/yurii/Tools/anaconda3/lib/python3.6/site-packages/airflow/models.py", line 179, in __init__
    self.collect_dags(example_dag_folder)
  File "/home/yurii/Tools/anaconda3/lib/python3.6/site-packages/airflow/models.py", line 415, in collect_dags
    filepath, only_if_updated=only_if_updated)
  File "/home/yurii/Tools/anaconda3/lib/python3.6/site-packages/airflow/models.py", line 263, in process_file
    m = imp.load_source(mod_name, filepath)
  File "/home/yurii/Tools/anaconda3/lib/python3.6/imp.py", line 172, in load_source
    module = _load(spec)
  File "<frozen importlib._bootstrap>", line 684, in _load
  File "<frozen importlib._bootstrap>", line 665, in _load_unlocked
  File "<frozen importlib._bootstrap_external>", line 678, in exec_module
  File "<frozen importlib._bootstrap>", line 219, in _call_with_frames_removed
  File "/home/yurii/Tools/anaconda3/lib/python3.6/site-packages/airflow/example_dags/example_latest_only_with_trigger.py", line 28, in <module>
    start_date=airflow.utils.dates.days_ago(2),
  File "/home/yurii/Tools/anaconda3/lib/python3.6/site-packages/airflow/models.py", line 2663, in __init__
    self.fileloc = inspect.getsourcefile(inspect.stack()[1][0])
  File "/home/yurii/Tools/anaconda3/lib/python3.6/inspect.py", line 1494, in stack
    return getouterframes(sys._getframe(1), context)
  File "/home/yurii/Tools/anaconda3/lib/python3.6/inspect.py", line 1471, in getouterframes
    frameinfo = (frame,) + getframeinfo(frame, context)
  File "/home/yurii/Tools/anaconda3/lib/python3.6/inspect.py", line 1441, in getframeinfo
    filename = getsourcefile(frame) or getfile(frame)
  File "/home/yurii/Tools/anaconda3/lib/python3.6/inspect.py", line 696, in getsourcefile
    if getattr(getmodule(object, filename), '__loader__', None) is not None:
  File "/home/yurii/Tools/anaconda3/lib/python3.6/inspect.py", line 735, in getmodule
    if f == _filesbymodname.get(modname, None):
  File "/home/yurii/Tools/anaconda3/lib/python3.6/site-packages/airflow/bin/cli.py", line 69, in sigint_handler
    sys.exit(0)
SystemExit: 0
[2018-08-13 16:51:59,609] {jobs.py:343} DagFileProcessor4 INFO - Started process (PID=3869) to work on /home/yurii/Work/airflow/dags/monthly.py
[2018-08-13 16:51:59,610] {jobs.py:1521} DagFileProcessor4 INFO - Processing file /home/yurii/Work/airflow/dags/monthly.py for tasks to queue
[2018-08-13 16:51:59,610] {models.py:167} DagFileProcessor4 INFO - Filling up the DagBag from /home/yurii/Work/airflow/dags/monthly.py
[2018-08-13 16:51:59,853] {jobs.py:1535} DagFileProcessor4 INFO - DAG(s) dict_keys(['example_bash_operator', 'example_subdag_operator', 'example_subdag_operator.section-1', 'example_subdag_operator.section-2', 'example_passing_params_via_test_command', 'latest_only_with_trigger', 'example_xcom', 'example_short_circuit_operator', 'test_utils', 'example_skip_dag', 'example_branch_dop_operator_v3', 'example_trigger_controller_dag', 'tutorial', 'example_http_operator', 'latest_only', 'example_branch_operator', 'example_python_operator', 'example_trigger_target_dag', 'monthly_dag']) retrieved from /home/yurii/Work/airflow/dags/monthly.py
[2018-08-13 16:51:59,967] {models.py:322} DagFileProcessor4 INFO - Finding 'running' jobs without a recent heartbeat
[2018-08-13 16:51:59,967] {models.py:328} DagFileProcessor4 INFO - Failing jobs without heartbeat after 2018-08-13 16:46:59.967591
[2018-08-13 16:51:59,970] {jobs.py:351} DagFileProcessor4 INFO - Processing /home/yurii/Work/airflow/dags/monthly.py took 0.362 seconds
[2018-08-13 17:15:29,513] {jobs.py:343} DagFileProcessor2 INFO - Started process (PID=5701) to work on /home/yurii/Work/airflow/dags/monthly.py
[2018-08-13 17:15:29,514] {jobs.py:1521} DagFileProcessor2 INFO - Processing file /home/yurii/Work/airflow/dags/monthly.py for tasks to queue
[2018-08-13 17:15:29,514] {models.py:167} DagFileProcessor2 INFO - Filling up the DagBag from /home/yurii/Work/airflow/dags/monthly.py
[2018-08-13 17:15:29,767] {jobs.py:1535} DagFileProcessor2 INFO - DAG(s) dict_keys(['example_bash_operator', 'example_subdag_operator', 'example_subdag_operator.section-1', 'example_subdag_operator.section-2', 'example_passing_params_via_test_command', 'latest_only_with_trigger', 'example_xcom', 'example_short_circuit_operator', 'test_utils', 'example_skip_dag', 'example_branch_dop_operator_v3', 'example_trigger_controller_dag', 'tutorial', 'example_http_operator', 'latest_only', 'example_branch_operator', 'example_python_operator', 'example_trigger_target_dag', 'monthly_dag']) retrieved from /home/yurii/Work/airflow/dags/monthly.py
[2018-08-13 17:15:29,977] {models.py:322} DagFileProcessor2 INFO - Finding 'running' jobs without a recent heartbeat
[2018-08-13 17:15:29,978] {models.py:328} DagFileProcessor2 INFO - Failing jobs without heartbeat after 2018-08-13 17:10:29.978098
[2018-08-13 17:15:29,981] {jobs.py:351} DagFileProcessor2 INFO - Processing /home/yurii/Work/airflow/dags/monthly.py took 0.468 seconds
