[2018-08-13 15:04:46,939] {jobs.py:343} DagFileProcessor6 INFO - Started process (PID=32135) to work on /home/yurii/Work/airflow/dags/ok_go.py
[2018-08-13 15:04:46,940] {jobs.py:1521} DagFileProcessor6 INFO - Processing file /home/yurii/Work/airflow/dags/ok_go.py for tasks to queue
[2018-08-13 15:04:46,940] {models.py:167} DagFileProcessor6 INFO - Filling up the DagBag from /home/yurii/Work/airflow/dags/ok_go.py
[2018-08-13 15:04:47,230] {jobs.py:1535} DagFileProcessor6 INFO - DAG(s) dict_keys(['example_bash_operator', 'example_subdag_operator', 'example_subdag_operator.section-1', 'example_subdag_operator.section-2', 'example_passing_params_via_test_command', 'latest_only_with_trigger', 'example_xcom', 'example_short_circuit_operator', 'test_utils', 'example_skip_dag', 'example_branch_dop_operator_v3', 'example_trigger_controller_dag', 'tutorial', 'example_http_operator', 'latest_only', 'example_branch_operator', 'example_python_operator', 'example_trigger_target_dag']) retrieved from /home/yurii/Work/airflow/dags/ok_go.py
[2018-08-13 15:04:47,332] {models.py:322} DagFileProcessor6 INFO - Finding 'running' jobs without a recent heartbeat
[2018-08-13 15:04:47,332] {models.py:328} DagFileProcessor6 INFO - Failing jobs without heartbeat after 2018-08-13 14:59:47.332253
[2018-08-13 15:04:47,335] {jobs.py:351} DagFileProcessor6 INFO - Processing /home/yurii/Work/airflow/dags/ok_go.py took 0.397 seconds
[2018-08-13 15:04:53,010] {jobs.py:343} DagFileProcessor17 INFO - Started process (PID=32173) to work on /home/yurii/Work/airflow/dags/ok_go.py
[2018-08-13 15:04:53,011] {jobs.py:1521} DagFileProcessor17 INFO - Processing file /home/yurii/Work/airflow/dags/ok_go.py for tasks to queue
[2018-08-13 15:04:53,011] {models.py:167} DagFileProcessor17 INFO - Filling up the DagBag from /home/yurii/Work/airflow/dags/ok_go.py
[2018-08-13 15:04:53,316] {jobs.py:1535} DagFileProcessor17 INFO - DAG(s) dict_keys(['example_bash_operator', 'example_subdag_operator', 'example_subdag_operator.section-1', 'example_subdag_operator.section-2', 'example_passing_params_via_test_command', 'latest_only_with_trigger', 'example_xcom', 'example_short_circuit_operator', 'test_utils', 'example_skip_dag', 'example_branch_dop_operator_v3', 'example_trigger_controller_dag', 'tutorial', 'example_http_operator', 'latest_only', 'example_branch_operator', 'example_python_operator', 'example_trigger_target_dag']) retrieved from /home/yurii/Work/airflow/dags/ok_go.py
[2018-08-13 15:04:53,415] {models.py:322} DagFileProcessor17 INFO - Finding 'running' jobs without a recent heartbeat
[2018-08-13 15:04:53,415] {models.py:328} DagFileProcessor17 INFO - Failing jobs without heartbeat after 2018-08-13 14:59:53.415733
[2018-08-13 15:04:53,418] {jobs.py:351} DagFileProcessor17 INFO - Processing /home/yurii/Work/airflow/dags/ok_go.py took 0.409 seconds
[2018-08-13 15:04:59,080] {jobs.py:343} DagFileProcessor28 INFO - Started process (PID=32230) to work on /home/yurii/Work/airflow/dags/ok_go.py
[2018-08-13 15:04:59,084] {jobs.py:1521} DagFileProcessor28 INFO - Processing file /home/yurii/Work/airflow/dags/ok_go.py for tasks to queue
[2018-08-13 15:04:59,084] {models.py:167} DagFileProcessor28 INFO - Filling up the DagBag from /home/yurii/Work/airflow/dags/ok_go.py
[2018-08-13 15:04:59,401] {jobs.py:1535} DagFileProcessor28 INFO - DAG(s) dict_keys(['example_bash_operator', 'example_subdag_operator', 'example_subdag_operator.section-1', 'example_subdag_operator.section-2', 'example_passing_params_via_test_command', 'latest_only_with_trigger', 'example_xcom', 'example_short_circuit_operator', 'test_utils', 'example_skip_dag', 'example_branch_dop_operator_v3', 'example_trigger_controller_dag', 'tutorial', 'example_http_operator', 'latest_only', 'example_branch_operator', 'example_python_operator', 'example_trigger_target_dag']) retrieved from /home/yurii/Work/airflow/dags/ok_go.py
[2018-08-13 15:04:59,526] {models.py:322} DagFileProcessor28 INFO - Finding 'running' jobs without a recent heartbeat
[2018-08-13 15:04:59,526] {models.py:328} DagFileProcessor28 INFO - Failing jobs without heartbeat after 2018-08-13 14:59:59.526873
[2018-08-13 15:04:59,530] {jobs.py:351} DagFileProcessor28 INFO - Processing /home/yurii/Work/airflow/dags/ok_go.py took 0.450 seconds
[2018-08-13 15:05:05,168] {jobs.py:343} DagFileProcessor39 INFO - Started process (PID=32266) to work on /home/yurii/Work/airflow/dags/ok_go.py
[2018-08-13 15:05:05,169] {jobs.py:1521} DagFileProcessor39 INFO - Processing file /home/yurii/Work/airflow/dags/ok_go.py for tasks to queue
[2018-08-13 15:05:05,170] {models.py:167} DagFileProcessor39 INFO - Filling up the DagBag from /home/yurii/Work/airflow/dags/ok_go.py
[2018-08-13 15:05:05,463] {jobs.py:1535} DagFileProcessor39 INFO - DAG(s) dict_keys(['example_bash_operator', 'example_subdag_operator', 'example_subdag_operator.section-1', 'example_subdag_operator.section-2', 'example_passing_params_via_test_command', 'latest_only_with_trigger', 'example_xcom', 'example_short_circuit_operator', 'test_utils', 'example_skip_dag', 'example_branch_dop_operator_v3', 'example_trigger_controller_dag', 'tutorial', 'example_http_operator', 'latest_only', 'example_branch_operator', 'example_python_operator', 'example_trigger_target_dag']) retrieved from /home/yurii/Work/airflow/dags/ok_go.py
[2018-08-13 15:05:05,563] {models.py:322} DagFileProcessor39 INFO - Finding 'running' jobs without a recent heartbeat
[2018-08-13 15:05:05,563] {models.py:328} DagFileProcessor39 INFO - Failing jobs without heartbeat after 2018-08-13 15:00:05.563909
[2018-08-13 15:05:05,567] {jobs.py:351} DagFileProcessor39 INFO - Processing /home/yurii/Work/airflow/dags/ok_go.py took 0.398 seconds
[2018-08-13 15:05:11,247] {jobs.py:343} DagFileProcessor50 INFO - Started process (PID=32301) to work on /home/yurii/Work/airflow/dags/ok_go.py
[2018-08-13 15:05:11,248] {jobs.py:1521} DagFileProcessor50 INFO - Processing file /home/yurii/Work/airflow/dags/ok_go.py for tasks to queue
[2018-08-13 15:05:11,248] {models.py:167} DagFileProcessor50 INFO - Filling up the DagBag from /home/yurii/Work/airflow/dags/ok_go.py
[2018-08-13 15:05:11,542] {jobs.py:1535} DagFileProcessor50 INFO - DAG(s) dict_keys(['example_bash_operator', 'example_subdag_operator', 'example_subdag_operator.section-1', 'example_subdag_operator.section-2', 'example_passing_params_via_test_command', 'latest_only_with_trigger', 'example_xcom', 'example_short_circuit_operator', 'test_utils', 'example_skip_dag', 'example_branch_dop_operator_v3', 'example_trigger_controller_dag', 'tutorial', 'example_http_operator', 'latest_only', 'example_branch_operator', 'example_python_operator', 'example_trigger_target_dag']) retrieved from /home/yurii/Work/airflow/dags/ok_go.py
[2018-08-13 15:05:11,641] {models.py:322} DagFileProcessor50 INFO - Finding 'running' jobs without a recent heartbeat
[2018-08-13 15:05:11,642] {models.py:328} DagFileProcessor50 INFO - Failing jobs without heartbeat after 2018-08-13 15:00:11.642051
[2018-08-13 15:05:11,645] {jobs.py:351} DagFileProcessor50 INFO - Processing /home/yurii/Work/airflow/dags/ok_go.py took 0.398 seconds
[2018-08-13 15:05:17,336] {jobs.py:343} DagFileProcessor61 INFO - Started process (PID=32341) to work on /home/yurii/Work/airflow/dags/ok_go.py
[2018-08-13 15:05:17,337] {jobs.py:1521} DagFileProcessor61 INFO - Processing file /home/yurii/Work/airflow/dags/ok_go.py for tasks to queue
[2018-08-13 15:05:17,337] {models.py:167} DagFileProcessor61 INFO - Filling up the DagBag from /home/yurii/Work/airflow/dags/ok_go.py
[2018-08-13 15:05:17,656] {jobs.py:1535} DagFileProcessor61 INFO - DAG(s) dict_keys(['example_bash_operator', 'example_subdag_operator', 'example_subdag_operator.section-1', 'example_subdag_operator.section-2', 'example_passing_params_via_test_command', 'latest_only_with_trigger', 'example_xcom', 'example_short_circuit_operator', 'test_utils', 'example_skip_dag', 'example_branch_dop_operator_v3', 'example_trigger_controller_dag', 'tutorial', 'example_http_operator', 'latest_only', 'example_branch_operator', 'example_python_operator', 'example_trigger_target_dag']) retrieved from /home/yurii/Work/airflow/dags/ok_go.py
[2018-08-13 15:05:17,769] {models.py:322} DagFileProcessor61 INFO - Finding 'running' jobs without a recent heartbeat
[2018-08-13 15:05:17,769] {models.py:328} DagFileProcessor61 INFO - Failing jobs without heartbeat after 2018-08-13 15:00:17.769414
[2018-08-13 15:05:17,772] {jobs.py:351} DagFileProcessor61 INFO - Processing /home/yurii/Work/airflow/dags/ok_go.py took 0.437 seconds
[2018-08-13 15:05:23,398] {jobs.py:343} DagFileProcessor72 INFO - Started process (PID=32426) to work on /home/yurii/Work/airflow/dags/ok_go.py
[2018-08-13 15:05:23,399] {jobs.py:1521} DagFileProcessor72 INFO - Processing file /home/yurii/Work/airflow/dags/ok_go.py for tasks to queue
[2018-08-13 15:05:23,399] {models.py:167} DagFileProcessor72 INFO - Filling up the DagBag from /home/yurii/Work/airflow/dags/ok_go.py
[2018-08-13 15:05:23,732] {jobs.py:1535} DagFileProcessor72 INFO - DAG(s) dict_keys(['example_bash_operator', 'example_subdag_operator', 'example_subdag_operator.section-1', 'example_subdag_operator.section-2', 'example_passing_params_via_test_command', 'latest_only_with_trigger', 'example_xcom', 'example_short_circuit_operator', 'test_utils', 'example_skip_dag', 'example_branch_dop_operator_v3', 'example_trigger_controller_dag', 'tutorial', 'example_http_operator', 'latest_only', 'example_branch_operator', 'example_python_operator', 'example_trigger_target_dag']) retrieved from /home/yurii/Work/airflow/dags/ok_go.py
[2018-08-13 15:05:24,103] {models.py:322} DagFileProcessor72 INFO - Finding 'running' jobs without a recent heartbeat
[2018-08-13 15:05:24,103] {models.py:328} DagFileProcessor72 INFO - Failing jobs without heartbeat after 2018-08-13 15:00:24.103628
[2018-08-13 15:05:24,118] {jobs.py:351} DagFileProcessor72 INFO - Processing /home/yurii/Work/airflow/dags/ok_go.py took 0.720 seconds
[2018-08-13 15:05:29,471] {jobs.py:343} DagFileProcessor83 INFO - Started process (PID=32477) to work on /home/yurii/Work/airflow/dags/ok_go.py
[2018-08-13 15:05:29,472] {jobs.py:1521} DagFileProcessor83 INFO - Processing file /home/yurii/Work/airflow/dags/ok_go.py for tasks to queue
[2018-08-13 15:05:29,472] {models.py:167} DagFileProcessor83 INFO - Filling up the DagBag from /home/yurii/Work/airflow/dags/ok_go.py
[2018-08-13 15:05:29,796] {jobs.py:1535} DagFileProcessor83 INFO - DAG(s) dict_keys(['example_bash_operator', 'example_subdag_operator', 'example_subdag_operator.section-1', 'example_subdag_operator.section-2', 'example_passing_params_via_test_command', 'latest_only_with_trigger', 'example_xcom', 'example_short_circuit_operator', 'test_utils', 'example_skip_dag', 'example_branch_dop_operator_v3', 'example_trigger_controller_dag', 'tutorial', 'example_http_operator', 'latest_only', 'example_branch_operator', 'example_python_operator', 'example_trigger_target_dag']) retrieved from /home/yurii/Work/airflow/dags/ok_go.py
[2018-08-13 15:05:29,904] {models.py:322} DagFileProcessor83 INFO - Finding 'running' jobs without a recent heartbeat
[2018-08-13 15:05:29,904] {models.py:328} DagFileProcessor83 INFO - Failing jobs without heartbeat after 2018-08-13 15:00:29.904607
[2018-08-13 15:05:29,907] {jobs.py:351} DagFileProcessor83 INFO - Processing /home/yurii/Work/airflow/dags/ok_go.py took 0.436 seconds
[2018-08-13 15:05:35,537] {jobs.py:343} DagFileProcessor94 INFO - Started process (PID=32540) to work on /home/yurii/Work/airflow/dags/ok_go.py
[2018-08-13 15:05:35,541] {jobs.py:1521} DagFileProcessor94 INFO - Processing file /home/yurii/Work/airflow/dags/ok_go.py for tasks to queue
[2018-08-13 15:05:35,541] {models.py:167} DagFileProcessor94 INFO - Filling up the DagBag from /home/yurii/Work/airflow/dags/ok_go.py
[2018-08-13 15:05:35,856] {jobs.py:1535} DagFileProcessor94 INFO - DAG(s) dict_keys(['example_bash_operator', 'example_subdag_operator', 'example_subdag_operator.section-1', 'example_subdag_operator.section-2', 'example_passing_params_via_test_command', 'latest_only_with_trigger', 'example_xcom', 'example_short_circuit_operator', 'test_utils', 'example_skip_dag', 'example_branch_dop_operator_v3', 'example_trigger_controller_dag', 'tutorial', 'example_http_operator', 'latest_only', 'example_branch_operator', 'example_python_operator', 'example_trigger_target_dag']) retrieved from /home/yurii/Work/airflow/dags/ok_go.py
[2018-08-13 15:05:35,955] {models.py:322} DagFileProcessor94 INFO - Finding 'running' jobs without a recent heartbeat
[2018-08-13 15:05:35,955] {models.py:328} DagFileProcessor94 INFO - Failing jobs without heartbeat after 2018-08-13 15:00:35.955338
[2018-08-13 15:05:35,958] {jobs.py:351} DagFileProcessor94 INFO - Processing /home/yurii/Work/airflow/dags/ok_go.py took 0.421 seconds
[2018-08-13 15:05:41,614] {jobs.py:343} DagFileProcessor105 INFO - Started process (PID=32581) to work on /home/yurii/Work/airflow/dags/ok_go.py
[2018-08-13 15:05:41,618] {jobs.py:1521} DagFileProcessor105 INFO - Processing file /home/yurii/Work/airflow/dags/ok_go.py for tasks to queue
[2018-08-13 15:05:41,618] {models.py:167} DagFileProcessor105 INFO - Filling up the DagBag from /home/yurii/Work/airflow/dags/ok_go.py
[2018-08-13 15:05:41,940] {jobs.py:1535} DagFileProcessor105 INFO - DAG(s) dict_keys(['example_bash_operator', 'example_subdag_operator', 'example_subdag_operator.section-1', 'example_subdag_operator.section-2', 'example_passing_params_via_test_command', 'latest_only_with_trigger', 'example_xcom', 'example_short_circuit_operator', 'test_utils', 'example_skip_dag', 'example_branch_dop_operator_v3', 'example_trigger_controller_dag', 'tutorial', 'example_http_operator', 'latest_only', 'example_branch_operator', 'example_python_operator', 'example_trigger_target_dag']) retrieved from /home/yurii/Work/airflow/dags/ok_go.py
[2018-08-13 15:05:42,044] {models.py:322} DagFileProcessor105 INFO - Finding 'running' jobs without a recent heartbeat
[2018-08-13 15:05:42,044] {models.py:328} DagFileProcessor105 INFO - Failing jobs without heartbeat after 2018-08-13 15:00:42.044913
[2018-08-13 15:05:42,048] {jobs.py:351} DagFileProcessor105 INFO - Processing /home/yurii/Work/airflow/dags/ok_go.py took 0.434 seconds
[2018-08-13 15:05:47,706] {jobs.py:343} DagFileProcessor116 INFO - Started process (PID=32614) to work on /home/yurii/Work/airflow/dags/ok_go.py
[2018-08-13 15:05:47,709] {jobs.py:1521} DagFileProcessor116 INFO - Processing file /home/yurii/Work/airflow/dags/ok_go.py for tasks to queue
[2018-08-13 15:05:47,709] {models.py:167} DagFileProcessor116 INFO - Filling up the DagBag from /home/yurii/Work/airflow/dags/ok_go.py
[2018-08-13 15:05:48,035] {jobs.py:1535} DagFileProcessor116 INFO - DAG(s) dict_keys(['example_bash_operator', 'example_subdag_operator', 'example_subdag_operator.section-1', 'example_subdag_operator.section-2', 'example_passing_params_via_test_command', 'latest_only_with_trigger', 'example_xcom', 'example_short_circuit_operator', 'test_utils', 'example_skip_dag', 'example_branch_dop_operator_v3', 'example_trigger_controller_dag', 'tutorial', 'example_http_operator', 'latest_only', 'example_branch_operator', 'example_python_operator', 'example_trigger_target_dag']) retrieved from /home/yurii/Work/airflow/dags/ok_go.py
[2018-08-13 15:05:48,144] {models.py:322} DagFileProcessor116 INFO - Finding 'running' jobs without a recent heartbeat
[2018-08-13 15:05:48,144] {models.py:328} DagFileProcessor116 INFO - Failing jobs without heartbeat after 2018-08-13 15:00:48.144621
[2018-08-13 15:05:48,148] {jobs.py:351} DagFileProcessor116 INFO - Processing /home/yurii/Work/airflow/dags/ok_go.py took 0.442 seconds
[2018-08-13 16:24:54,573] {jobs.py:343} DagFileProcessor5 INFO - Started process (PID=3016) to work on /home/yurii/Work/airflow/dags/ok_go.py
[2018-08-13 16:24:54,576] {jobs.py:1521} DagFileProcessor5 INFO - Processing file /home/yurii/Work/airflow/dags/ok_go.py for tasks to queue
[2018-08-13 16:24:54,576] {models.py:167} DagFileProcessor5 INFO - Filling up the DagBag from /home/yurii/Work/airflow/dags/ok_go.py
[2018-08-13 16:24:54,680] {jobs.py:354} DagFileProcessor5 ERROR - Got an exception! Propagating...
Traceback (most recent call last):
  File "/home/yurii/Tools/anaconda3/lib/python3.6/site-packages/airflow/jobs.py", line 346, in helper
    pickle_dags)
  File "/home/yurii/Tools/anaconda3/lib/python3.6/site-packages/airflow/utils/db.py", line 53, in wrapper
    result = func(*args, **kwargs)
  File "/home/yurii/Tools/anaconda3/lib/python3.6/site-packages/airflow/jobs.py", line 1526, in process_file
    dagbag = models.DagBag(file_path)
  File "/home/yurii/Tools/anaconda3/lib/python3.6/site-packages/airflow/models.py", line 179, in __init__
    self.collect_dags(example_dag_folder)
  File "/home/yurii/Tools/anaconda3/lib/python3.6/site-packages/airflow/models.py", line 415, in collect_dags
    filepath, only_if_updated=only_if_updated)
  File "/home/yurii/Tools/anaconda3/lib/python3.6/site-packages/airflow/models.py", line 263, in process_file
    m = imp.load_source(mod_name, filepath)
  File "/home/yurii/Tools/anaconda3/lib/python3.6/imp.py", line 172, in load_source
    module = _load(spec)
  File "<frozen importlib._bootstrap>", line 684, in _load
  File "<frozen importlib._bootstrap>", line 665, in _load_unlocked
  File "<frozen importlib._bootstrap_external>", line 678, in exec_module
  File "<frozen importlib._bootstrap>", line 219, in _call_with_frames_removed
  File "/home/yurii/Tools/anaconda3/lib/python3.6/site-packages/airflow/example_dags/example_subdag_operator.py", line 59, in <module>
    dag=dag,
  File "/home/yurii/Tools/anaconda3/lib/python3.6/site-packages/airflow/utils/db.py", line 53, in wrapper
    result = func(*args, **kwargs)
  File "/home/yurii/Tools/anaconda3/lib/python3.6/site-packages/airflow/utils/decorators.py", line 86, in wrapper
    result = func(*args, **kwargs)
  File "/home/yurii/Tools/anaconda3/lib/python3.6/site-packages/airflow/operators/subdag_operator.py", line 48, in __init__
    super(SubDagOperator, self).__init__(*args, **kwargs)
  File "/home/yurii/Tools/anaconda3/lib/python3.6/site-packages/airflow/utils/decorators.py", line 86, in wrapper
    result = func(*args, **kwargs)
  File "/home/yurii/Tools/anaconda3/lib/python3.6/site-packages/airflow/models.py", line 1978, in __init__
    self.resources = Resources(**(resources or {}))
  File "/home/yurii/Tools/anaconda3/lib/python3.6/site-packages/airflow/utils/operator_resources.py", line 106, in __init__
    ram = configuration.getint('operators', 'default_ram')
  File "/home/yurii/Tools/anaconda3/lib/python3.6/site-packages/airflow/configuration.py", line 812, in getint
    return conf.getint(section, key)
  File "/home/yurii/Tools/anaconda3/lib/python3.6/site-packages/airflow/configuration.py", line 629, in getint
    return int(self.get(section, key))
  File "/home/yurii/Tools/anaconda3/lib/python3.6/site-packages/airflow/configuration.py", line 600, in get
    ConfigParser.get(self, section, key, **kwargs))
  File "/home/yurii/Tools/anaconda3/lib/python3.6/configparser.py", line 800, in get
    d)
  File "/home/yurii/Tools/anaconda3/lib/python3.6/configparser.py", line 394, in before_get
    self._interpolate_some(parser, option, L, value, section, defaults, 1)
  File "/home/yurii/Tools/anaconda3/lib/python3.6/configparser.py", line 408, in _interpolate_some
    if depth > MAX_INTERPOLATION_DEPTH:
  File "/home/yurii/Tools/anaconda3/lib/python3.6/site-packages/airflow/bin/cli.py", line 69, in sigint_handler
    sys.exit(0)
SystemExit: 0
[2018-08-13 16:25:11,324] {jobs.py:343} DagFileProcessor2 INFO - Started process (PID=3042) to work on /home/yurii/Work/airflow/dags/ok_go.py
[2018-08-13 16:25:11,326] {jobs.py:1521} DagFileProcessor2 INFO - Processing file /home/yurii/Work/airflow/dags/ok_go.py for tasks to queue
[2018-08-13 16:25:11,326] {models.py:167} DagFileProcessor2 INFO - Filling up the DagBag from /home/yurii/Work/airflow/dags/ok_go.py
[2018-08-13 16:25:11,421] {jobs.py:354} DagFileProcessor2 ERROR - Got an exception! Propagating...
Traceback (most recent call last):
  File "/home/yurii/Tools/anaconda3/lib/python3.6/site-packages/airflow/jobs.py", line 346, in helper
    pickle_dags)
  File "/home/yurii/Tools/anaconda3/lib/python3.6/site-packages/airflow/utils/db.py", line 53, in wrapper
    result = func(*args, **kwargs)
  File "/home/yurii/Tools/anaconda3/lib/python3.6/site-packages/airflow/jobs.py", line 1526, in process_file
    dagbag = models.DagBag(file_path)
  File "/home/yurii/Tools/anaconda3/lib/python3.6/site-packages/airflow/models.py", line 179, in __init__
    self.collect_dags(example_dag_folder)
  File "/home/yurii/Tools/anaconda3/lib/python3.6/site-packages/airflow/models.py", line 415, in collect_dags
    filepath, only_if_updated=only_if_updated)
  File "/home/yurii/Tools/anaconda3/lib/python3.6/site-packages/airflow/models.py", line 263, in process_file
    m = imp.load_source(mod_name, filepath)
  File "/home/yurii/Tools/anaconda3/lib/python3.6/imp.py", line 172, in load_source
    module = _load(spec)
  File "<frozen importlib._bootstrap>", line 684, in _load
  File "<frozen importlib._bootstrap>", line 665, in _load_unlocked
  File "<frozen importlib._bootstrap_external>", line 678, in exec_module
  File "<frozen importlib._bootstrap>", line 219, in _call_with_frames_removed
  File "/home/yurii/Tools/anaconda3/lib/python3.6/site-packages/airflow/example_dags/example_latest_only_with_trigger.py", line 28, in <module>
    start_date=airflow.utils.dates.days_ago(2),
  File "/home/yurii/Tools/anaconda3/lib/python3.6/site-packages/airflow/models.py", line 2663, in __init__
    self.fileloc = inspect.getsourcefile(inspect.stack()[1][0])
  File "/home/yurii/Tools/anaconda3/lib/python3.6/inspect.py", line 1494, in stack
    return getouterframes(sys._getframe(1), context)
  File "/home/yurii/Tools/anaconda3/lib/python3.6/inspect.py", line 1471, in getouterframes
    frameinfo = (frame,) + getframeinfo(frame, context)
  File "/home/yurii/Tools/anaconda3/lib/python3.6/inspect.py", line 1445, in getframeinfo
    lines, lnum = findsource(frame)
  File "/home/yurii/Tools/anaconda3/lib/python3.6/inspect.py", line 780, in findsource
    module = getmodule(object, file)
  File "/home/yurii/Tools/anaconda3/lib/python3.6/inspect.py", line 733, in getmodule
    if ismodule(module) and hasattr(module, '__file__'):
  File "/home/yurii/Tools/anaconda3/lib/python3.6/site-packages/airflow/bin/cli.py", line 69, in sigint_handler
    sys.exit(0)
SystemExit: 0
[2018-08-13 16:40:36,432] {jobs.py:343} DagFileProcessor1 INFO - Started process (PID=3263) to work on /home/yurii/Work/airflow/dags/ok_go.py
[2018-08-13 16:40:36,434] {jobs.py:1521} DagFileProcessor1 INFO - Processing file /home/yurii/Work/airflow/dags/ok_go.py for tasks to queue
[2018-08-13 16:40:36,434] {models.py:167} DagFileProcessor1 INFO - Filling up the DagBag from /home/yurii/Work/airflow/dags/ok_go.py
[2018-08-13 16:40:36,726] {jobs.py:1535} DagFileProcessor1 INFO - DAG(s) dict_keys(['example_bash_operator', 'example_subdag_operator', 'example_subdag_operator.section-1', 'example_subdag_operator.section-2', 'example_passing_params_via_test_command', 'latest_only_with_trigger', 'example_xcom', 'example_short_circuit_operator', 'test_utils', 'example_skip_dag', 'example_branch_dop_operator_v3', 'example_trigger_controller_dag', 'tutorial', 'example_http_operator', 'latest_only', 'example_branch_operator', 'example_python_operator', 'example_trigger_target_dag']) retrieved from /home/yurii/Work/airflow/dags/ok_go.py
[2018-08-13 16:40:36,828] {models.py:322} DagFileProcessor1 INFO - Finding 'running' jobs without a recent heartbeat
[2018-08-13 16:40:36,829] {models.py:328} DagFileProcessor1 INFO - Failing jobs without heartbeat after 2018-08-13 16:35:36.829044
[2018-08-13 16:40:36,831] {jobs.py:351} DagFileProcessor1 INFO - Processing /home/yurii/Work/airflow/dags/ok_go.py took 0.399 seconds
[2018-08-13 16:52:01,627] {jobs.py:343} DagFileProcessor9 INFO - Started process (PID=3882) to work on /home/yurii/Work/airflow/dags/ok_go.py
[2018-08-13 16:52:01,629] {jobs.py:1521} DagFileProcessor9 INFO - Processing file /home/yurii/Work/airflow/dags/ok_go.py for tasks to queue
[2018-08-13 16:52:01,629] {models.py:167} DagFileProcessor9 INFO - Filling up the DagBag from /home/yurii/Work/airflow/dags/ok_go.py
[2018-08-13 16:52:01,727] {jobs.py:354} DagFileProcessor9 ERROR - Got an exception! Propagating...
Traceback (most recent call last):
  File "/home/yurii/Tools/anaconda3/lib/python3.6/site-packages/airflow/jobs.py", line 346, in helper
    pickle_dags)
  File "/home/yurii/Tools/anaconda3/lib/python3.6/site-packages/airflow/utils/db.py", line 53, in wrapper
    result = func(*args, **kwargs)
  File "/home/yurii/Tools/anaconda3/lib/python3.6/site-packages/airflow/jobs.py", line 1526, in process_file
    dagbag = models.DagBag(file_path)
  File "/home/yurii/Tools/anaconda3/lib/python3.6/site-packages/airflow/models.py", line 179, in __init__
    self.collect_dags(example_dag_folder)
  File "/home/yurii/Tools/anaconda3/lib/python3.6/site-packages/airflow/models.py", line 415, in collect_dags
    filepath, only_if_updated=only_if_updated)
  File "/home/yurii/Tools/anaconda3/lib/python3.6/site-packages/airflow/models.py", line 263, in process_file
    m = imp.load_source(mod_name, filepath)
  File "/home/yurii/Tools/anaconda3/lib/python3.6/imp.py", line 172, in load_source
    module = _load(spec)
  File "<frozen importlib._bootstrap>", line 684, in _load
  File "<frozen importlib._bootstrap>", line 665, in _load_unlocked
  File "<frozen importlib._bootstrap_external>", line 678, in exec_module
  File "<frozen importlib._bootstrap>", line 219, in _call_with_frames_removed
  File "/home/yurii/Tools/anaconda3/lib/python3.6/site-packages/airflow/example_dags/example_latest_only_with_trigger.py", line 28, in <module>
    start_date=airflow.utils.dates.days_ago(2),
  File "/home/yurii/Tools/anaconda3/lib/python3.6/site-packages/airflow/models.py", line 2663, in __init__
    self.fileloc = inspect.getsourcefile(inspect.stack()[1][0])
  File "/home/yurii/Tools/anaconda3/lib/python3.6/inspect.py", line 1494, in stack
    return getouterframes(sys._getframe(1), context)
  File "/home/yurii/Tools/anaconda3/lib/python3.6/inspect.py", line 1471, in getouterframes
    frameinfo = (frame,) + getframeinfo(frame, context)
  File "/home/yurii/Tools/anaconda3/lib/python3.6/inspect.py", line 1445, in getframeinfo
    lines, lnum = findsource(frame)
  File "/home/yurii/Tools/anaconda3/lib/python3.6/inspect.py", line 768, in findsource
    file = getsourcefile(object)
  File "/home/yurii/Tools/anaconda3/lib/python3.6/inspect.py", line 696, in getsourcefile
    if getattr(getmodule(object, filename), '__loader__', None) is not None:
  File "/home/yurii/Tools/anaconda3/lib/python3.6/inspect.py", line 732, in getmodule
    for modname, module in list(sys.modules.items()):
  File "/home/yurii/Tools/anaconda3/lib/python3.6/site-packages/airflow/bin/cli.py", line 69, in sigint_handler
    sys.exit(0)
SystemExit: 0
[2018-08-13 17:09:11,383] {jobs.py:343} DagFileProcessor5 INFO - Started process (PID=5265) to work on /home/yurii/Work/airflow/dags/ok_go.py
[2018-08-13 17:09:11,384] {jobs.py:1521} DagFileProcessor5 INFO - Processing file /home/yurii/Work/airflow/dags/ok_go.py for tasks to queue
[2018-08-13 17:09:11,384] {models.py:167} DagFileProcessor5 INFO - Filling up the DagBag from /home/yurii/Work/airflow/dags/ok_go.py
[2018-08-13 17:09:11,457] {jobs.py:354} DagFileProcessor5 ERROR - Got an exception! Propagating...
Traceback (most recent call last):
  File "/home/yurii/Tools/anaconda3/lib/python3.6/site-packages/airflow/jobs.py", line 346, in helper
    pickle_dags)
  File "/home/yurii/Tools/anaconda3/lib/python3.6/site-packages/airflow/utils/db.py", line 53, in wrapper
    result = func(*args, **kwargs)
  File "/home/yurii/Tools/anaconda3/lib/python3.6/site-packages/airflow/jobs.py", line 1526, in process_file
    dagbag = models.DagBag(file_path)
  File "/home/yurii/Tools/anaconda3/lib/python3.6/site-packages/airflow/models.py", line 179, in __init__
    self.collect_dags(example_dag_folder)
  File "/home/yurii/Tools/anaconda3/lib/python3.6/site-packages/airflow/models.py", line 415, in collect_dags
    filepath, only_if_updated=only_if_updated)
  File "/home/yurii/Tools/anaconda3/lib/python3.6/site-packages/airflow/models.py", line 263, in process_file
    m = imp.load_source(mod_name, filepath)
  File "/home/yurii/Tools/anaconda3/lib/python3.6/imp.py", line 172, in load_source
    module = _load(spec)
  File "<frozen importlib._bootstrap>", line 684, in _load
  File "<frozen importlib._bootstrap>", line 665, in _load_unlocked
  File "<frozen importlib._bootstrap_external>", line 678, in exec_module
  File "<frozen importlib._bootstrap>", line 219, in _call_with_frames_removed
  File "/home/yurii/Tools/anaconda3/lib/python3.6/site-packages/airflow/example_dags/example_subdag_operator.py", line 44, in <module>
    subdag=subdag(DAG_NAME, 'section-1', args),
  File "/home/yurii/Tools/anaconda3/lib/python3.6/site-packages/airflow/example_dags/subdags/subdag.py", line 30, in subdag
    dag=dag_subdag,
  File "/home/yurii/Tools/anaconda3/lib/python3.6/site-packages/airflow/utils/decorators.py", line 86, in wrapper
    result = func(*args, **kwargs)
  File "/home/yurii/Tools/anaconda3/lib/python3.6/site-packages/airflow/operators/dummy_operator.py", line 30, in __init__
    super(DummyOperator, self).__init__(*args, **kwargs)
  File "/home/yurii/Tools/anaconda3/lib/python3.6/site-packages/airflow/utils/decorators.py", line 70, in wrapper
    sig = signature(func)
  File "/home/yurii/Tools/anaconda3/lib/python3.6/inspect.py", line 3037, in signature
    return Signature.from_callable(obj, follow_wrapped=follow_wrapped)
  File "/home/yurii/Tools/anaconda3/lib/python3.6/inspect.py", line 2787, in from_callable
    follow_wrapper_chains=follow_wrapped)
  File "/home/yurii/Tools/anaconda3/lib/python3.6/inspect.py", line 2262, in _signature_from_callable
    return _signature_from_function(sigcls, obj)
  File "/home/yurii/Tools/anaconda3/lib/python3.6/inspect.py", line 2139, in _signature_from_function
    default=defaults[offset]))
  File "/home/yurii/Tools/anaconda3/lib/python3.6/inspect.py", line 2435, in __init__
    def __init__(self, name, kind, *, default=_empty, annotation=_empty):
  File "/home/yurii/Tools/anaconda3/lib/python3.6/site-packages/airflow/bin/cli.py", line 69, in sigint_handler
    sys.exit(0)
SystemExit: 0
[2018-08-13 17:09:26,530] {jobs.py:343} DagFileProcessor2 INFO - Started process (PID=5284) to work on /home/yurii/Work/airflow/dags/ok_go.py
[2018-08-13 17:09:26,531] {jobs.py:1521} DagFileProcessor2 INFO - Processing file /home/yurii/Work/airflow/dags/ok_go.py for tasks to queue
[2018-08-13 17:09:26,531] {models.py:167} DagFileProcessor2 INFO - Filling up the DagBag from /home/yurii/Work/airflow/dags/ok_go.py
[2018-08-13 17:09:26,830] {jobs.py:1535} DagFileProcessor2 INFO - DAG(s) dict_keys(['example_bash_operator', 'example_subdag_operator', 'example_subdag_operator.section-1', 'example_subdag_operator.section-2', 'example_passing_params_via_test_command', 'latest_only_with_trigger', 'example_xcom', 'example_short_circuit_operator', 'test_utils', 'example_skip_dag', 'example_branch_dop_operator_v3', 'example_trigger_controller_dag', 'tutorial', 'example_http_operator', 'latest_only', 'example_branch_operator', 'example_python_operator', 'example_trigger_target_dag']) retrieved from /home/yurii/Work/airflow/dags/ok_go.py
[2018-08-13 17:09:26,957] {models.py:322} DagFileProcessor2 INFO - Finding 'running' jobs without a recent heartbeat
[2018-08-13 17:09:26,957] {models.py:328} DagFileProcessor2 INFO - Failing jobs without heartbeat after 2018-08-13 17:04:26.957452
[2018-08-13 17:09:26,960] {jobs.py:351} DagFileProcessor2 INFO - Processing /home/yurii/Work/airflow/dags/ok_go.py took 0.430 seconds
[2018-08-13 17:15:28,502] {jobs.py:343} DagFileProcessor1 INFO - Started process (PID=5696) to work on /home/yurii/Work/airflow/dags/ok_go.py
[2018-08-13 17:15:28,503] {jobs.py:1521} DagFileProcessor1 INFO - Processing file /home/yurii/Work/airflow/dags/ok_go.py for tasks to queue
[2018-08-13 17:15:28,503] {models.py:167} DagFileProcessor1 INFO - Filling up the DagBag from /home/yurii/Work/airflow/dags/ok_go.py
[2018-08-13 17:15:28,793] {jobs.py:1535} DagFileProcessor1 INFO - DAG(s) dict_keys(['example_bash_operator', 'example_subdag_operator', 'example_subdag_operator.section-1', 'example_subdag_operator.section-2', 'example_passing_params_via_test_command', 'latest_only_with_trigger', 'example_xcom', 'example_short_circuit_operator', 'test_utils', 'example_skip_dag', 'example_branch_dop_operator_v3', 'example_trigger_controller_dag', 'tutorial', 'example_http_operator', 'latest_only', 'example_branch_operator', 'example_python_operator', 'example_trigger_target_dag']) retrieved from /home/yurii/Work/airflow/dags/ok_go.py
[2018-08-13 17:15:28,992] {models.py:322} DagFileProcessor1 INFO - Finding 'running' jobs without a recent heartbeat
[2018-08-13 17:15:28,992] {models.py:328} DagFileProcessor1 INFO - Failing jobs without heartbeat after 2018-08-13 17:10:28.992419
[2018-08-13 17:15:28,995] {jobs.py:351} DagFileProcessor1 INFO - Processing /home/yurii/Work/airflow/dags/ok_go.py took 0.493 seconds
[2018-08-13 17:19:10,232] {jobs.py:343} DagFileProcessor1 INFO - Started process (PID=5986) to work on /home/yurii/Work/airflow/dags/ok_go.py
[2018-08-13 17:19:10,233] {jobs.py:1521} DagFileProcessor1 INFO - Processing file /home/yurii/Work/airflow/dags/ok_go.py for tasks to queue
[2018-08-13 17:19:10,233] {models.py:167} DagFileProcessor1 INFO - Filling up the DagBag from /home/yurii/Work/airflow/dags/ok_go.py
[2018-08-13 17:19:10,522] {jobs.py:1535} DagFileProcessor1 INFO - DAG(s) dict_keys(['example_bash_operator', 'example_subdag_operator', 'example_subdag_operator.section-1', 'example_subdag_operator.section-2', 'example_passing_params_via_test_command', 'latest_only_with_trigger', 'example_xcom', 'example_short_circuit_operator', 'test_utils', 'example_skip_dag', 'example_branch_dop_operator_v3', 'example_trigger_controller_dag', 'tutorial', 'example_http_operator', 'latest_only', 'example_branch_operator', 'example_python_operator', 'example_trigger_target_dag']) retrieved from /home/yurii/Work/airflow/dags/ok_go.py
[2018-08-13 17:19:10,624] {models.py:322} DagFileProcessor1 INFO - Finding 'running' jobs without a recent heartbeat
[2018-08-13 17:19:10,624] {models.py:328} DagFileProcessor1 INFO - Failing jobs without heartbeat after 2018-08-13 17:14:10.624857
[2018-08-13 17:19:10,627] {jobs.py:351} DagFileProcessor1 INFO - Processing /home/yurii/Work/airflow/dags/ok_go.py took 0.395 seconds
