[2018-08-13 15:04:44,910] {jobs.py:343} DagFileProcessor2 INFO - Started process (PID=32123) to work on /home/yurii/Work/airflow/dags/once.py
[2018-08-13 15:04:44,913] {jobs.py:1521} DagFileProcessor2 INFO - Processing file /home/yurii/Work/airflow/dags/once.py for tasks to queue
[2018-08-13 15:04:44,913] {models.py:167} DagFileProcessor2 INFO - Filling up the DagBag from /home/yurii/Work/airflow/dags/once.py
[2018-08-13 15:04:45,164] {jobs.py:1535} DagFileProcessor2 INFO - DAG(s) dict_keys(['example_bash_operator', 'example_subdag_operator', 'example_subdag_operator.section-1', 'example_subdag_operator.section-2', 'example_passing_params_via_test_command', 'latest_only_with_trigger', 'example_xcom', 'example_short_circuit_operator', 'test_utils', 'example_skip_dag', 'example_branch_dop_operator_v3', 'example_trigger_controller_dag', 'tutorial', 'example_http_operator', 'latest_only', 'example_branch_operator', 'example_python_operator', 'example_trigger_target_dag', 'once_dag']) retrieved from /home/yurii/Work/airflow/dags/once.py
[2018-08-13 15:04:45,279] {models.py:322} DagFileProcessor2 INFO - Finding 'running' jobs without a recent heartbeat
[2018-08-13 15:04:45,280] {models.py:328} DagFileProcessor2 INFO - Failing jobs without heartbeat after 2018-08-13 14:59:45.280100
[2018-08-13 15:04:45,283] {jobs.py:351} DagFileProcessor2 INFO - Processing /home/yurii/Work/airflow/dags/once.py took 0.374 seconds
[2018-08-13 15:04:50,986] {jobs.py:343} DagFileProcessor13 INFO - Started process (PID=32160) to work on /home/yurii/Work/airflow/dags/once.py
[2018-08-13 15:04:50,990] {jobs.py:1521} DagFileProcessor13 INFO - Processing file /home/yurii/Work/airflow/dags/once.py for tasks to queue
[2018-08-13 15:04:50,991] {models.py:167} DagFileProcessor13 INFO - Filling up the DagBag from /home/yurii/Work/airflow/dags/once.py
[2018-08-13 15:04:51,263] {jobs.py:1535} DagFileProcessor13 INFO - DAG(s) dict_keys(['example_bash_operator', 'example_subdag_operator', 'example_subdag_operator.section-1', 'example_subdag_operator.section-2', 'example_passing_params_via_test_command', 'latest_only_with_trigger', 'example_xcom', 'example_short_circuit_operator', 'test_utils', 'example_skip_dag', 'example_branch_dop_operator_v3', 'example_trigger_controller_dag', 'tutorial', 'example_http_operator', 'latest_only', 'example_branch_operator', 'example_python_operator', 'example_trigger_target_dag', 'once_dag']) retrieved from /home/yurii/Work/airflow/dags/once.py
[2018-08-13 15:04:51,425] {models.py:322} DagFileProcessor13 INFO - Finding 'running' jobs without a recent heartbeat
[2018-08-13 15:04:51,426] {models.py:328} DagFileProcessor13 INFO - Failing jobs without heartbeat after 2018-08-13 14:59:51.426110
[2018-08-13 15:04:51,429] {jobs.py:351} DagFileProcessor13 INFO - Processing /home/yurii/Work/airflow/dags/once.py took 0.443 seconds
[2018-08-13 15:04:57,056] {jobs.py:343} DagFileProcessor24 INFO - Started process (PID=32196) to work on /home/yurii/Work/airflow/dags/once.py
[2018-08-13 15:04:57,060] {jobs.py:1521} DagFileProcessor24 INFO - Processing file /home/yurii/Work/airflow/dags/once.py for tasks to queue
[2018-08-13 15:04:57,060] {models.py:167} DagFileProcessor24 INFO - Filling up the DagBag from /home/yurii/Work/airflow/dags/once.py
[2018-08-13 15:04:57,336] {jobs.py:1535} DagFileProcessor24 INFO - DAG(s) dict_keys(['example_bash_operator', 'example_subdag_operator', 'example_subdag_operator.section-1', 'example_subdag_operator.section-2', 'example_passing_params_via_test_command', 'latest_only_with_trigger', 'example_xcom', 'example_short_circuit_operator', 'test_utils', 'example_skip_dag', 'example_branch_dop_operator_v3', 'example_trigger_controller_dag', 'tutorial', 'example_http_operator', 'latest_only', 'example_branch_operator', 'example_python_operator', 'example_trigger_target_dag', 'once_dag']) retrieved from /home/yurii/Work/airflow/dags/once.py
[2018-08-13 15:04:57,497] {models.py:322} DagFileProcessor24 INFO - Finding 'running' jobs without a recent heartbeat
[2018-08-13 15:04:57,497] {models.py:328} DagFileProcessor24 INFO - Failing jobs without heartbeat after 2018-08-13 14:59:57.497522
[2018-08-13 15:04:57,501] {jobs.py:351} DagFileProcessor24 INFO - Processing /home/yurii/Work/airflow/dags/once.py took 0.445 seconds
[2018-08-13 15:05:03,135] {jobs.py:343} DagFileProcessor35 INFO - Started process (PID=32254) to work on /home/yurii/Work/airflow/dags/once.py
[2018-08-13 15:05:03,138] {jobs.py:1521} DagFileProcessor35 INFO - Processing file /home/yurii/Work/airflow/dags/once.py for tasks to queue
[2018-08-13 15:05:03,139] {models.py:167} DagFileProcessor35 INFO - Filling up the DagBag from /home/yurii/Work/airflow/dags/once.py
[2018-08-13 15:05:03,414] {jobs.py:1535} DagFileProcessor35 INFO - DAG(s) dict_keys(['example_bash_operator', 'example_subdag_operator', 'example_subdag_operator.section-1', 'example_subdag_operator.section-2', 'example_passing_params_via_test_command', 'latest_only_with_trigger', 'example_xcom', 'example_short_circuit_operator', 'test_utils', 'example_skip_dag', 'example_branch_dop_operator_v3', 'example_trigger_controller_dag', 'tutorial', 'example_http_operator', 'latest_only', 'example_branch_operator', 'example_python_operator', 'example_trigger_target_dag', 'once_dag']) retrieved from /home/yurii/Work/airflow/dags/once.py
[2018-08-13 15:05:03,556] {models.py:322} DagFileProcessor35 INFO - Finding 'running' jobs without a recent heartbeat
[2018-08-13 15:05:03,556] {models.py:328} DagFileProcessor35 INFO - Failing jobs without heartbeat after 2018-08-13 15:00:03.556145
[2018-08-13 15:05:03,563] {jobs.py:351} DagFileProcessor35 INFO - Processing /home/yurii/Work/airflow/dags/once.py took 0.428 seconds
[2018-08-13 15:05:09,215] {jobs.py:343} DagFileProcessor46 INFO - Started process (PID=32289) to work on /home/yurii/Work/airflow/dags/once.py
[2018-08-13 15:05:09,218] {jobs.py:1521} DagFileProcessor46 INFO - Processing file /home/yurii/Work/airflow/dags/once.py for tasks to queue
[2018-08-13 15:05:09,218] {models.py:167} DagFileProcessor46 INFO - Filling up the DagBag from /home/yurii/Work/airflow/dags/once.py
[2018-08-13 15:05:09,471] {jobs.py:1535} DagFileProcessor46 INFO - DAG(s) dict_keys(['example_bash_operator', 'example_subdag_operator', 'example_subdag_operator.section-1', 'example_subdag_operator.section-2', 'example_passing_params_via_test_command', 'latest_only_with_trigger', 'example_xcom', 'example_short_circuit_operator', 'test_utils', 'example_skip_dag', 'example_branch_dop_operator_v3', 'example_trigger_controller_dag', 'tutorial', 'example_http_operator', 'latest_only', 'example_branch_operator', 'example_python_operator', 'example_trigger_target_dag', 'once_dag']) retrieved from /home/yurii/Work/airflow/dags/once.py
[2018-08-13 15:05:09,586] {models.py:322} DagFileProcessor46 INFO - Finding 'running' jobs without a recent heartbeat
[2018-08-13 15:05:09,586] {models.py:328} DagFileProcessor46 INFO - Failing jobs without heartbeat after 2018-08-13 15:00:09.586171
[2018-08-13 15:05:09,589] {jobs.py:351} DagFileProcessor46 INFO - Processing /home/yurii/Work/airflow/dags/once.py took 0.374 seconds
[2018-08-13 15:05:15,323] {jobs.py:343} DagFileProcessor57 INFO - Started process (PID=32322) to work on /home/yurii/Work/airflow/dags/once.py
[2018-08-13 15:05:15,324] {jobs.py:1521} DagFileProcessor57 INFO - Processing file /home/yurii/Work/airflow/dags/once.py for tasks to queue
[2018-08-13 15:05:15,324] {models.py:167} DagFileProcessor57 INFO - Filling up the DagBag from /home/yurii/Work/airflow/dags/once.py
[2018-08-13 15:05:15,598] {jobs.py:1535} DagFileProcessor57 INFO - DAG(s) dict_keys(['example_bash_operator', 'example_subdag_operator', 'example_subdag_operator.section-1', 'example_subdag_operator.section-2', 'example_passing_params_via_test_command', 'latest_only_with_trigger', 'example_xcom', 'example_short_circuit_operator', 'test_utils', 'example_skip_dag', 'example_branch_dop_operator_v3', 'example_trigger_controller_dag', 'tutorial', 'example_http_operator', 'latest_only', 'example_branch_operator', 'example_python_operator', 'example_trigger_target_dag', 'once_dag']) retrieved from /home/yurii/Work/airflow/dags/once.py
[2018-08-13 15:05:15,735] {models.py:322} DagFileProcessor57 INFO - Finding 'running' jobs without a recent heartbeat
[2018-08-13 15:05:15,735] {models.py:328} DagFileProcessor57 INFO - Failing jobs without heartbeat after 2018-08-13 15:00:15.735757
[2018-08-13 15:05:15,739] {jobs.py:351} DagFileProcessor57 INFO - Processing /home/yurii/Work/airflow/dags/once.py took 0.416 seconds
[2018-08-13 15:05:21,375] {jobs.py:343} DagFileProcessor68 INFO - Started process (PID=32400) to work on /home/yurii/Work/airflow/dags/once.py
[2018-08-13 15:05:21,376] {jobs.py:1521} DagFileProcessor68 INFO - Processing file /home/yurii/Work/airflow/dags/once.py for tasks to queue
[2018-08-13 15:05:21,376] {models.py:167} DagFileProcessor68 INFO - Filling up the DagBag from /home/yurii/Work/airflow/dags/once.py
[2018-08-13 15:05:21,681] {jobs.py:1535} DagFileProcessor68 INFO - DAG(s) dict_keys(['example_bash_operator', 'example_subdag_operator', 'example_subdag_operator.section-1', 'example_subdag_operator.section-2', 'example_passing_params_via_test_command', 'latest_only_with_trigger', 'example_xcom', 'example_short_circuit_operator', 'test_utils', 'example_skip_dag', 'example_branch_dop_operator_v3', 'example_trigger_controller_dag', 'tutorial', 'example_http_operator', 'latest_only', 'example_branch_operator', 'example_python_operator', 'example_trigger_target_dag', 'once_dag']) retrieved from /home/yurii/Work/airflow/dags/once.py
[2018-08-13 15:05:21,811] {models.py:322} DagFileProcessor68 INFO - Finding 'running' jobs without a recent heartbeat
[2018-08-13 15:05:21,811] {models.py:328} DagFileProcessor68 INFO - Failing jobs without heartbeat after 2018-08-13 15:00:21.811771
[2018-08-13 15:05:21,814] {jobs.py:351} DagFileProcessor68 INFO - Processing /home/yurii/Work/airflow/dags/once.py took 0.440 seconds
[2018-08-13 15:05:27,449] {jobs.py:343} DagFileProcessor79 INFO - Started process (PID=32450) to work on /home/yurii/Work/airflow/dags/once.py
[2018-08-13 15:05:27,453] {jobs.py:1521} DagFileProcessor79 INFO - Processing file /home/yurii/Work/airflow/dags/once.py for tasks to queue
[2018-08-13 15:05:27,453] {models.py:167} DagFileProcessor79 INFO - Filling up the DagBag from /home/yurii/Work/airflow/dags/once.py
[2018-08-13 15:05:27,729] {jobs.py:1535} DagFileProcessor79 INFO - DAG(s) dict_keys(['example_bash_operator', 'example_subdag_operator', 'example_subdag_operator.section-1', 'example_subdag_operator.section-2', 'example_passing_params_via_test_command', 'latest_only_with_trigger', 'example_xcom', 'example_short_circuit_operator', 'test_utils', 'example_skip_dag', 'example_branch_dop_operator_v3', 'example_trigger_controller_dag', 'tutorial', 'example_http_operator', 'latest_only', 'example_branch_operator', 'example_python_operator', 'example_trigger_target_dag', 'once_dag']) retrieved from /home/yurii/Work/airflow/dags/once.py
[2018-08-13 15:05:27,845] {models.py:322} DagFileProcessor79 INFO - Finding 'running' jobs without a recent heartbeat
[2018-08-13 15:05:27,846] {models.py:328} DagFileProcessor79 INFO - Failing jobs without heartbeat after 2018-08-13 15:00:27.846021
[2018-08-13 15:05:27,849] {jobs.py:351} DagFileProcessor79 INFO - Processing /home/yurii/Work/airflow/dags/once.py took 0.400 seconds
[2018-08-13 15:05:33,512] {jobs.py:343} DagFileProcessor90 INFO - Started process (PID=32501) to work on /home/yurii/Work/airflow/dags/once.py
[2018-08-13 15:05:33,514] {jobs.py:1521} DagFileProcessor90 INFO - Processing file /home/yurii/Work/airflow/dags/once.py for tasks to queue
[2018-08-13 15:05:33,514] {models.py:167} DagFileProcessor90 INFO - Filling up the DagBag from /home/yurii/Work/airflow/dags/once.py
[2018-08-13 15:05:33,788] {jobs.py:1535} DagFileProcessor90 INFO - DAG(s) dict_keys(['example_bash_operator', 'example_subdag_operator', 'example_subdag_operator.section-1', 'example_subdag_operator.section-2', 'example_passing_params_via_test_command', 'latest_only_with_trigger', 'example_xcom', 'example_short_circuit_operator', 'test_utils', 'example_skip_dag', 'example_branch_dop_operator_v3', 'example_trigger_controller_dag', 'tutorial', 'example_http_operator', 'latest_only', 'example_branch_operator', 'example_python_operator', 'example_trigger_target_dag', 'once_dag']) retrieved from /home/yurii/Work/airflow/dags/once.py
[2018-08-13 15:05:33,901] {models.py:322} DagFileProcessor90 INFO - Finding 'running' jobs without a recent heartbeat
[2018-08-13 15:05:33,901] {models.py:328} DagFileProcessor90 INFO - Failing jobs without heartbeat after 2018-08-13 15:00:33.901158
[2018-08-13 15:05:33,904] {jobs.py:351} DagFileProcessor90 INFO - Processing /home/yurii/Work/airflow/dags/once.py took 0.393 seconds
[2018-08-13 15:05:39,584] {jobs.py:343} DagFileProcessor101 INFO - Started process (PID=32566) to work on /home/yurii/Work/airflow/dags/once.py
[2018-08-13 15:05:39,587] {jobs.py:1521} DagFileProcessor101 INFO - Processing file /home/yurii/Work/airflow/dags/once.py for tasks to queue
[2018-08-13 15:05:39,587] {models.py:167} DagFileProcessor101 INFO - Filling up the DagBag from /home/yurii/Work/airflow/dags/once.py
[2018-08-13 15:05:39,896] {jobs.py:1535} DagFileProcessor101 INFO - DAG(s) dict_keys(['example_bash_operator', 'example_subdag_operator', 'example_subdag_operator.section-1', 'example_subdag_operator.section-2', 'example_passing_params_via_test_command', 'latest_only_with_trigger', 'example_xcom', 'example_short_circuit_operator', 'test_utils', 'example_skip_dag', 'example_branch_dop_operator_v3', 'example_trigger_controller_dag', 'tutorial', 'example_http_operator', 'latest_only', 'example_branch_operator', 'example_python_operator', 'example_trigger_target_dag', 'once_dag']) retrieved from /home/yurii/Work/airflow/dags/once.py
[2018-08-13 15:05:40,028] {models.py:322} DagFileProcessor101 INFO - Finding 'running' jobs without a recent heartbeat
[2018-08-13 15:05:40,028] {models.py:328} DagFileProcessor101 INFO - Failing jobs without heartbeat after 2018-08-13 15:00:40.028829
[2018-08-13 15:05:40,032] {jobs.py:351} DagFileProcessor101 INFO - Processing /home/yurii/Work/airflow/dags/once.py took 0.448 seconds
[2018-08-13 15:05:45,675] {jobs.py:343} DagFileProcessor112 INFO - Started process (PID=32602) to work on /home/yurii/Work/airflow/dags/once.py
[2018-08-13 15:05:45,679] {jobs.py:1521} DagFileProcessor112 INFO - Processing file /home/yurii/Work/airflow/dags/once.py for tasks to queue
[2018-08-13 15:05:45,680] {models.py:167} DagFileProcessor112 INFO - Filling up the DagBag from /home/yurii/Work/airflow/dags/once.py
[2018-08-13 15:05:45,976] {jobs.py:1535} DagFileProcessor112 INFO - DAG(s) dict_keys(['example_bash_operator', 'example_subdag_operator', 'example_subdag_operator.section-1', 'example_subdag_operator.section-2', 'example_passing_params_via_test_command', 'latest_only_with_trigger', 'example_xcom', 'example_short_circuit_operator', 'test_utils', 'example_skip_dag', 'example_branch_dop_operator_v3', 'example_trigger_controller_dag', 'tutorial', 'example_http_operator', 'latest_only', 'example_branch_operator', 'example_python_operator', 'example_trigger_target_dag', 'once_dag']) retrieved from /home/yurii/Work/airflow/dags/once.py
[2018-08-13 15:05:46,099] {models.py:322} DagFileProcessor112 INFO - Finding 'running' jobs without a recent heartbeat
[2018-08-13 15:05:46,099] {models.py:328} DagFileProcessor112 INFO - Failing jobs without heartbeat after 2018-08-13 15:00:46.099312
[2018-08-13 15:05:46,102] {jobs.py:351} DagFileProcessor112 INFO - Processing /home/yurii/Work/airflow/dags/once.py took 0.427 seconds
[2018-08-13 15:23:17,215] {jobs.py:343} DagFileProcessor0 INFO - Started process (PID=1106) to work on /home/yurii/Work/airflow/dags/once.py
[2018-08-13 15:23:17,216] {jobs.py:1521} DagFileProcessor0 INFO - Processing file /home/yurii/Work/airflow/dags/once.py for tasks to queue
[2018-08-13 15:23:17,216] {models.py:167} DagFileProcessor0 INFO - Filling up the DagBag from /home/yurii/Work/airflow/dags/once.py
[2018-08-13 15:23:17,466] {jobs.py:1535} DagFileProcessor0 INFO - DAG(s) dict_keys(['example_bash_operator', 'example_subdag_operator', 'example_subdag_operator.section-1', 'example_subdag_operator.section-2', 'example_passing_params_via_test_command', 'latest_only_with_trigger', 'example_xcom', 'example_short_circuit_operator', 'test_utils', 'example_skip_dag', 'example_branch_dop_operator_v3', 'example_trigger_controller_dag', 'tutorial', 'example_http_operator', 'latest_only', 'example_branch_operator', 'example_python_operator', 'example_trigger_target_dag', 'once_dag']) retrieved from /home/yurii/Work/airflow/dags/once.py
[2018-08-13 15:23:17,622] {models.py:322} DagFileProcessor0 INFO - Finding 'running' jobs without a recent heartbeat
[2018-08-13 15:23:17,622] {models.py:328} DagFileProcessor0 INFO - Failing jobs without heartbeat after 2018-08-13 15:18:17.622888
[2018-08-13 15:23:17,625] {jobs.py:351} DagFileProcessor0 INFO - Processing /home/yurii/Work/airflow/dags/once.py took 0.410 seconds
[2018-08-13 16:21:43,601] {jobs.py:343} DagFileProcessor7 INFO - Started process (PID=2839) to work on /home/yurii/Work/airflow/dags/once.py
[2018-08-13 16:21:43,603] {jobs.py:1521} DagFileProcessor7 INFO - Processing file /home/yurii/Work/airflow/dags/once.py for tasks to queue
[2018-08-13 16:21:43,603] {models.py:167} DagFileProcessor7 INFO - Filling up the DagBag from /home/yurii/Work/airflow/dags/once.py
[2018-08-13 16:21:43,683] {jobs.py:354} DagFileProcessor7 ERROR - Got an exception! Propagating...
Traceback (most recent call last):
  File "/home/yurii/Tools/anaconda3/lib/python3.6/site-packages/airflow/jobs.py", line 346, in helper
    pickle_dags)
  File "/home/yurii/Tools/anaconda3/lib/python3.6/site-packages/airflow/utils/db.py", line 53, in wrapper
    result = func(*args, **kwargs)
  File "/home/yurii/Tools/anaconda3/lib/python3.6/site-packages/airflow/jobs.py", line 1526, in process_file
    dagbag = models.DagBag(file_path)
  File "/home/yurii/Tools/anaconda3/lib/python3.6/site-packages/airflow/models.py", line 179, in __init__
    self.collect_dags(example_dag_folder)
  File "/home/yurii/Tools/anaconda3/lib/python3.6/site-packages/airflow/models.py", line 415, in collect_dags
    filepath, only_if_updated=only_if_updated)
  File "/home/yurii/Tools/anaconda3/lib/python3.6/site-packages/airflow/models.py", line 263, in process_file
    m = imp.load_source(mod_name, filepath)
  File "/home/yurii/Tools/anaconda3/lib/python3.6/imp.py", line 172, in load_source
    module = _load(spec)
  File "<frozen importlib._bootstrap>", line 684, in _load
  File "<frozen importlib._bootstrap>", line 665, in _load_unlocked
  File "<frozen importlib._bootstrap_external>", line 678, in exec_module
  File "<frozen importlib._bootstrap>", line 219, in _call_with_frames_removed
  File "/home/yurii/Tools/anaconda3/lib/python3.6/site-packages/airflow/example_dags/example_subdag_operator.py", line 57, in <module>
    subdag=subdag(DAG_NAME, 'section-2', args),
  File "/home/yurii/Tools/anaconda3/lib/python3.6/site-packages/airflow/example_dags/subdags/subdag.py", line 30, in subdag
    dag=dag_subdag,
  File "/home/yurii/Tools/anaconda3/lib/python3.6/site-packages/airflow/utils/decorators.py", line 70, in wrapper
    sig = signature(func)
  File "/home/yurii/Tools/anaconda3/lib/python3.6/inspect.py", line 3037, in signature
    return Signature.from_callable(obj, follow_wrapped=follow_wrapped)
  File "/home/yurii/Tools/anaconda3/lib/python3.6/inspect.py", line 2787, in from_callable
    follow_wrapper_chains=follow_wrapped)
  File "/home/yurii/Tools/anaconda3/lib/python3.6/inspect.py", line 2204, in _signature_from_callable
    obj = unwrap(obj, stop=(lambda f: hasattr(f, "__signature__")))
  File "/home/yurii/Tools/anaconda3/lib/python3.6/inspect.py", line 512, in unwrap
    while _is_wrapper(func):
  File "/home/yurii/Tools/anaconda3/lib/python3.6/inspect.py", line 506, in _is_wrapper
    return hasattr(f, '__wrapped__') and not stop(f)
  File "/home/yurii/Tools/anaconda3/lib/python3.6/site-packages/airflow/bin/cli.py", line 69, in sigint_handler
    sys.exit(0)
SystemExit: 0
[2018-08-13 16:24:54,568] {jobs.py:343} DagFileProcessor4 INFO - Started process (PID=3015) to work on /home/yurii/Work/airflow/dags/once.py
[2018-08-13 16:24:54,571] {jobs.py:1521} DagFileProcessor4 INFO - Processing file /home/yurii/Work/airflow/dags/once.py for tasks to queue
[2018-08-13 16:24:54,571] {models.py:167} DagFileProcessor4 INFO - Filling up the DagBag from /home/yurii/Work/airflow/dags/once.py
[2018-08-13 16:24:54,679] {jobs.py:354} DagFileProcessor4 ERROR - Got an exception! Propagating...
Traceback (most recent call last):
  File "/home/yurii/Tools/anaconda3/lib/python3.6/site-packages/airflow/jobs.py", line 346, in helper
    pickle_dags)
  File "/home/yurii/Tools/anaconda3/lib/python3.6/site-packages/airflow/utils/db.py", line 53, in wrapper
    result = func(*args, **kwargs)
  File "/home/yurii/Tools/anaconda3/lib/python3.6/site-packages/airflow/jobs.py", line 1526, in process_file
    dagbag = models.DagBag(file_path)
  File "/home/yurii/Tools/anaconda3/lib/python3.6/site-packages/airflow/models.py", line 179, in __init__
    self.collect_dags(example_dag_folder)
  File "/home/yurii/Tools/anaconda3/lib/python3.6/site-packages/airflow/models.py", line 415, in collect_dags
    filepath, only_if_updated=only_if_updated)
  File "/home/yurii/Tools/anaconda3/lib/python3.6/site-packages/airflow/models.py", line 261, in process_file
    with timeout(configuration.getint('core', "DAGBAG_IMPORT_TIMEOUT")):
  File "/home/yurii/Tools/anaconda3/lib/python3.6/site-packages/airflow/utils/timeout.py", line 42, in __enter__
    signal.signal(signal.SIGALRM, self.handle_timeout)
  File "/home/yurii/Tools/anaconda3/lib/python3.6/signal.py", line 48, in signal
    return _int_to_enum(handler, Handlers)
  File "/home/yurii/Tools/anaconda3/lib/python3.6/signal.py", line 30, in _int_to_enum
    return enum_klass(value)
  File "/home/yurii/Tools/anaconda3/lib/python3.6/enum.py", line 291, in __call__
    return cls.__new__(cls, value)
  File "/home/yurii/Tools/anaconda3/lib/python3.6/enum.py", line 533, in __new__
    return cls._missing_(value)
  File "/home/yurii/Tools/anaconda3/lib/python3.6/enum.py", line 546, in _missing_
    raise ValueError("%r is not a valid %s" % (value, cls.__name__))
  File "/home/yurii/Tools/anaconda3/lib/python3.6/site-packages/airflow/bin/cli.py", line 69, in sigint_handler
    sys.exit(0)
SystemExit: 0
[2018-08-13 16:40:37,442] {jobs.py:343} DagFileProcessor2 INFO - Started process (PID=3269) to work on /home/yurii/Work/airflow/dags/once.py
[2018-08-13 16:40:37,444] {jobs.py:1521} DagFileProcessor2 INFO - Processing file /home/yurii/Work/airflow/dags/once.py for tasks to queue
[2018-08-13 16:40:37,444] {models.py:167} DagFileProcessor2 INFO - Filling up the DagBag from /home/yurii/Work/airflow/dags/once.py
[2018-08-13 16:40:37,696] {jobs.py:1535} DagFileProcessor2 INFO - DAG(s) dict_keys(['example_bash_operator', 'example_subdag_operator', 'example_subdag_operator.section-1', 'example_subdag_operator.section-2', 'example_passing_params_via_test_command', 'latest_only_with_trigger', 'example_xcom', 'example_short_circuit_operator', 'test_utils', 'example_skip_dag', 'example_branch_dop_operator_v3', 'example_trigger_controller_dag', 'tutorial', 'example_http_operator', 'latest_only', 'example_branch_operator', 'example_python_operator', 'example_trigger_target_dag', 'once_dag']) retrieved from /home/yurii/Work/airflow/dags/once.py
[2018-08-13 16:40:37,804] {models.py:322} DagFileProcessor2 INFO - Finding 'running' jobs without a recent heartbeat
[2018-08-13 16:40:37,804] {models.py:328} DagFileProcessor2 INFO - Failing jobs without heartbeat after 2018-08-13 16:35:37.804262
[2018-08-13 16:40:37,807] {jobs.py:351} DagFileProcessor2 INFO - Processing /home/yurii/Work/airflow/dags/once.py took 0.364 seconds
[2018-08-13 16:51:58,600] {jobs.py:343} DagFileProcessor2 INFO - Started process (PID=3862) to work on /home/yurii/Work/airflow/dags/once.py
[2018-08-13 16:51:58,601] {jobs.py:1521} DagFileProcessor2 INFO - Processing file /home/yurii/Work/airflow/dags/once.py for tasks to queue
[2018-08-13 16:51:58,601] {models.py:167} DagFileProcessor2 INFO - Filling up the DagBag from /home/yurii/Work/airflow/dags/once.py
[2018-08-13 16:51:58,844] {jobs.py:1535} DagFileProcessor2 INFO - DAG(s) dict_keys(['example_bash_operator', 'example_subdag_operator', 'example_subdag_operator.section-1', 'example_subdag_operator.section-2', 'example_passing_params_via_test_command', 'latest_only_with_trigger', 'example_xcom', 'example_short_circuit_operator', 'test_utils', 'example_skip_dag', 'example_branch_dop_operator_v3', 'example_trigger_controller_dag', 'tutorial', 'example_http_operator', 'latest_only', 'example_branch_operator', 'example_python_operator', 'example_trigger_target_dag', 'once_dag']) retrieved from /home/yurii/Work/airflow/dags/once.py
[2018-08-13 16:51:58,986] {models.py:322} DagFileProcessor2 INFO - Finding 'running' jobs without a recent heartbeat
[2018-08-13 16:51:58,986] {models.py:328} DagFileProcessor2 INFO - Failing jobs without heartbeat after 2018-08-13 16:46:58.986310
[2018-08-13 16:51:58,989] {jobs.py:351} DagFileProcessor2 INFO - Processing /home/yurii/Work/airflow/dags/once.py took 0.389 seconds
[2018-08-13 17:09:11,381] {jobs.py:343} DagFileProcessor4 INFO - Started process (PID=5264) to work on /home/yurii/Work/airflow/dags/once.py
[2018-08-13 17:09:11,382] {jobs.py:1521} DagFileProcessor4 INFO - Processing file /home/yurii/Work/airflow/dags/once.py for tasks to queue
[2018-08-13 17:09:11,382] {models.py:167} DagFileProcessor4 INFO - Filling up the DagBag from /home/yurii/Work/airflow/dags/once.py
[2018-08-13 17:09:11,457] {jobs.py:354} DagFileProcessor4 ERROR - Got an exception! Propagating...
Traceback (most recent call last):
  File "/home/yurii/Tools/anaconda3/lib/python3.6/site-packages/airflow/jobs.py", line 346, in helper
    pickle_dags)
  File "/home/yurii/Tools/anaconda3/lib/python3.6/site-packages/airflow/utils/db.py", line 53, in wrapper
    result = func(*args, **kwargs)
  File "/home/yurii/Tools/anaconda3/lib/python3.6/site-packages/airflow/jobs.py", line 1526, in process_file
    dagbag = models.DagBag(file_path)
  File "/home/yurii/Tools/anaconda3/lib/python3.6/site-packages/airflow/models.py", line 179, in __init__
    self.collect_dags(example_dag_folder)
  File "/home/yurii/Tools/anaconda3/lib/python3.6/site-packages/airflow/models.py", line 415, in collect_dags
    filepath, only_if_updated=only_if_updated)
  File "/home/yurii/Tools/anaconda3/lib/python3.6/site-packages/airflow/models.py", line 263, in process_file
    m = imp.load_source(mod_name, filepath)
  File "/home/yurii/Tools/anaconda3/lib/python3.6/imp.py", line 172, in load_source
    module = _load(spec)
  File "<frozen importlib._bootstrap>", line 684, in _load
  File "<frozen importlib._bootstrap>", line 665, in _load_unlocked
  File "<frozen importlib._bootstrap_external>", line 678, in exec_module
  File "<frozen importlib._bootstrap>", line 219, in _call_with_frames_removed
  File "/home/yurii/Tools/anaconda3/lib/python3.6/site-packages/airflow/example_dags/example_subdag_operator.py", line 57, in <module>
    subdag=subdag(DAG_NAME, 'section-2', args),
  File "/home/yurii/Tools/anaconda3/lib/python3.6/site-packages/airflow/example_dags/subdags/subdag.py", line 23, in subdag
    schedule_interval="@daily",
  File "/home/yurii/Tools/anaconda3/lib/python3.6/site-packages/airflow/models.py", line 2663, in __init__
    self.fileloc = inspect.getsourcefile(inspect.stack()[1][0])
  File "/home/yurii/Tools/anaconda3/lib/python3.6/inspect.py", line 1494, in stack
    return getouterframes(sys._getframe(1), context)
  File "/home/yurii/Tools/anaconda3/lib/python3.6/inspect.py", line 1471, in getouterframes
    frameinfo = (frame,) + getframeinfo(frame, context)
  File "/home/yurii/Tools/anaconda3/lib/python3.6/inspect.py", line 1441, in getframeinfo
    filename = getsourcefile(frame) or getfile(frame)
  File "/home/yurii/Tools/anaconda3/lib/python3.6/inspect.py", line 696, in getsourcefile
    if getattr(getmodule(object, filename), '__loader__', None) is not None:
  File "/home/yurii/Tools/anaconda3/lib/python3.6/inspect.py", line 733, in getmodule
    if ismodule(module) and hasattr(module, '__file__'):
  File "/home/yurii/Tools/anaconda3/lib/python3.6/inspect.py", line 71, in ismodule
    return isinstance(object, types.ModuleType)
  File "/home/yurii/Tools/anaconda3/lib/python3.6/site-packages/airflow/bin/cli.py", line 69, in sigint_handler
    sys.exit(0)
SystemExit: 0
[2018-08-13 17:09:26,532] {jobs.py:343} DagFileProcessor3 INFO - Started process (PID=5285) to work on /home/yurii/Work/airflow/dags/once.py
[2018-08-13 17:09:26,533] {jobs.py:1521} DagFileProcessor3 INFO - Processing file /home/yurii/Work/airflow/dags/once.py for tasks to queue
[2018-08-13 17:09:26,533] {models.py:167} DagFileProcessor3 INFO - Filling up the DagBag from /home/yurii/Work/airflow/dags/once.py
[2018-08-13 17:09:26,793] {jobs.py:1535} DagFileProcessor3 INFO - DAG(s) dict_keys(['example_bash_operator', 'example_subdag_operator', 'example_subdag_operator.section-1', 'example_subdag_operator.section-2', 'example_passing_params_via_test_command', 'latest_only_with_trigger', 'example_xcom', 'example_short_circuit_operator', 'test_utils', 'example_skip_dag', 'example_branch_dop_operator_v3', 'example_trigger_controller_dag', 'tutorial', 'example_http_operator', 'latest_only', 'example_branch_operator', 'example_python_operator', 'example_trigger_target_dag', 'once_dag']) retrieved from /home/yurii/Work/airflow/dags/once.py
[2018-08-13 17:09:26,919] {models.py:322} DagFileProcessor3 INFO - Finding 'running' jobs without a recent heartbeat
[2018-08-13 17:09:26,919] {models.py:328} DagFileProcessor3 INFO - Failing jobs without heartbeat after 2018-08-13 17:04:26.919958
[2018-08-13 17:09:26,923] {jobs.py:351} DagFileProcessor3 INFO - Processing /home/yurii/Work/airflow/dags/once.py took 0.391 seconds
